t:[1493057066.14] event:[start] piece:[None] move#:[0] move:[None] instance:[Jam-1]
t:[1493057082.55] event:[select_piece] piece:[w] move#:[0] move:[(0, 0, 2)] instance:[Jam-1]
t:[1493057085.75] event:[choose_move] piece:[w] move#:[0] move:[(1, 0, 2)] instance:[Jam-1]
t:[1493057085.99] event:[choose_move] piece:[w] move#:[0] move:[(2, 0, 2)] instance:[Jam-1]
t:[1493057086.54] event:[choose_move] piece:[w] move#:[0] move:[(3, 0, 2)] instance:[Jam-1]
t:[1493057091.03] event:[commit_move] piece:[w] move#:[0] move:[(3, 0, 2)] instance:[Jam-1]
t:[1493057093.61] event:[select_piece] piece:[b] move#:[1] move:[(0, 1, 3)] instance:[Jam-1]
t:[1493057095.8] event:[choose_move] piece:[b] move#:[1] move:[(0, 0, 3)] instance:[Jam-1]
t:[1493057101.46] event:[commit_move] piece:[b] move#:[1] move:[(0, 0, 3)] instance:[Jam-1]
t:[1493057103.66] event:[choose_piece] piece:[w] move#:[2] move:[None] instance:[Jam-1]
t:[1493057104.08] event:[choose_piece] piece:[c] move#:[2] move:[None] instance:[Jam-1]
t:[1493057107.73] event:[select_piece] piece:[w] move#:[2] move:[(3, 0, 2)] instance:[Jam-1]
t:[1493057109.07] event:[choose_move] piece:[w] move#:[2] move:[(2, 0, 2)] instance:[Jam-1]
t:[1493057109.38] event:[choose_move] piece:[w] move#:[2] move:[(1, 0, 2)] instance:[Jam-1]
t:[1493057111.04] event:[commit_move] piece:[w] move#:[2] move:[(1, 0, 2)] instance:[Jam-1]
t:[1493057114.82] event:[select_piece] piece:[l] move#:[3] move:[(3, 1, 3)] instance:[Jam-1]
t:[1493057116.29] event:[choose_move] piece:[l] move#:[3] move:[(3, 0, 3)] instance:[Jam-1]
t:[1493057127.91] event:[commit_move] piece:[l] move#:[3] move:[(3, 0, 3)] instance:[Jam-1]
t:[1493057128.81] event:[select_piece] piece:[y] move#:[4] move:[(0, 4, 2)] instance:[Jam-1]
t:[1493057131.0] event:[choose_move] piece:[y] move#:[4] move:[(0, 3, 2)] instance:[Jam-1]
t:[1493057132.86] event:[commit_move] piece:[y] move#:[4] move:[(0, 3, 2)] instance:[Jam-1]
t:[1493057134.8] event:[select_piece] piece:[B] move#:[5] move:[(2, 5, 3)] instance:[Jam-1]
t:[1493057137.45] event:[choose_move] piece:[B] move#:[5] move:[(1, 5, 3)] instance:[Jam-1]
t:[1493057137.81] event:[choose_move] piece:[B] move#:[5] move:[(0, 5, 3)] instance:[Jam-1]
t:[1493057139.05] event:[commit_move] piece:[B] move#:[5] move:[(0, 5, 3)] instance:[Jam-1]
t:[1493057141.97] event:[select_piece] piece:[l] move#:[6] move:[(3, 0, 3)] instance:[Jam-1]
t:[1493057144.05] event:[choose_move] piece:[l] move#:[6] move:[(3, 1, 3)] instance:[Jam-1]
t:[1493057144.45] event:[choose_move] piece:[l] move#:[6] move:[(3, 2, 3)] instance:[Jam-1]
t:[1493057144.92] event:[choose_move] piece:[l] move#:[6] move:[(3, 3, 3)] instance:[Jam-1]
t:[1493057146.34] event:[commit_move] piece:[l] move#:[6] move:[(3, 3, 3)] instance:[Jam-1]
t:[1493057150.87] event:[select_piece] piece:[M] move#:[7] move:[(5, 0, 3)] instance:[Jam-1]
t:[1493057153.24] event:[choose_move] piece:[M] move#:[7] move:[(5, 1, 3)] instance:[Jam-1]
t:[1493057156.87] event:[commit_move] piece:[M] move#:[7] move:[(5, 1, 3)] instance:[Jam-1]
t:[1493057158.19] event:[select_piece] piece:[l] move#:[8] move:[(3, 3, 3)] instance:[Jam-1]
t:[1493057159.96] event:[choose_move] piece:[l] move#:[8] move:[(3, 2, 3)] instance:[Jam-1]
t:[1493057160.31] event:[choose_move] piece:[l] move#:[8] move:[(3, 1, 3)] instance:[Jam-1]
t:[1493057160.76] event:[choose_move] piece:[l] move#:[8] move:[(3, 0, 3)] instance:[Jam-1]
t:[1493057161.38] event:[choose_move] piece:[l] move#:[8] move:[(3, 0, 3)] instance:[Jam-1]
t:[1493057163.74] event:[commit_move] piece:[l] move#:[8] move:[(3, 0, 3)] instance:[Jam-1]
t:[1493057164.79] event:[select_piece] piece:[c] move#:[9] move:[(4, 4, 2)] instance:[Jam-1]
t:[1493057166.78] event:[choose_move] piece:[c] move#:[9] move:[(3, 4, 2)] instance:[Jam-1]
t:[1493057167.06] event:[choose_move] piece:[c] move#:[9] move:[(2, 4, 2)] instance:[Jam-1]
t:[1493057167.55] event:[choose_move] piece:[c] move#:[9] move:[(1, 4, 2)] instance:[Jam-1]
t:[1493057169.5] event:[commit_move] piece:[c] move#:[9] move:[(1, 4, 2)] instance:[Jam-1]
t:[1493057171.61] event:[select_piece] piece:[l] move#:[10] move:[(3, 0, 3)] instance:[Jam-1]
t:[1493057172.87] event:[choose_move] piece:[l] move#:[10] move:[(3, 1, 3)] instance:[Jam-1]
t:[1493057173.3] event:[choose_move] piece:[l] move#:[10] move:[(3, 2, 3)] instance:[Jam-1]
t:[1493057173.87] event:[choose_move] piece:[l] move#:[10] move:[(3, 3, 3)] instance:[Jam-1]
t:[1493057174.8] event:[commit_move] piece:[l] move#:[10] move:[(3, 3, 3)] instance:[Jam-1]
t:[1493057176.98] event:[select_piece] piece:[M] move#:[11] move:[(5, 1, 3)] instance:[Jam-1]
t:[1493057178.47] event:[choose_move] piece:[M] move#:[11] move:[(5, 2, 3)] instance:[Jam-1]
t:[1493057178.87] event:[choose_move] piece:[M] move#:[11] move:[(5, 3, 3)] instance:[Jam-1]
t:[1493057181.1] event:[commit_move] piece:[M] move#:[11] move:[(5, 3, 3)] instance:[Jam-1]
t:[1493057183.39] event:[select_piece] piece:[r] move#:[12] move:[(1, 2, 2)] instance:[Jam-1]
t:[1493057186.49] event:[choose_move] piece:[r] move#:[12] move:[(2, 2, 2)] instance:[Jam-1]
t:[1493057186.89] event:[choose_move] piece:[r] move#:[12] move:[(3, 2, 2)] instance:[Jam-1]
t:[1493057187.17] event:[choose_move] piece:[r] move#:[12] move:[(4, 2, 2)] instance:[Jam-1]
t:[1493057187.17] event:[commit_move] piece:[r] move#:[12] move:[(4, 2, 2)] instance:[Jam-1]
t:[1493057187.17] event:[win] piece:[r] move#:[12] move:[(4, 2, 2)] instance:[Jam-1]
t:[1493057197.61] event:[start] piece:[None] move#:[0] move:[None] instance:[Jam-2]
t:[1493057210.68] event:[select_piece] piece:[y] move#:[0] move:[(3, 0, 3)] instance:[Jam-2]
t:[1493057212.35] event:[choose_move] piece:[y] move#:[0] move:[(2, 0, 3)] instance:[Jam-2]
t:[1493057212.55] event:[choose_move] piece:[y] move#:[0] move:[(1, 0, 3)] instance:[Jam-2]
t:[1493057212.87] event:[choose_move] piece:[y] move#:[0] move:[(1, 0, 3)] instance:[Jam-2]
t:[1493057217.26] event:[commit_move] piece:[y] move#:[0] move:[(1, 0, 3)] instance:[Jam-2]
t:[1493057219.52] event:[select_piece] piece:[M] move#:[1] move:[(4, 2, 2)] instance:[Jam-2]
t:[1493057221.26] event:[choose_move] piece:[M] move#:[1] move:[(4, 1, 2)] instance:[Jam-2]
t:[1493057221.57] event:[choose_move] piece:[M] move#:[1] move:[(4, 0, 2)] instance:[Jam-2]
t:[1493057222.81] event:[commit_move] piece:[M] move#:[1] move:[(4, 0, 2)] instance:[Jam-2]
t:[1493057224.46] event:[select_piece] piece:[o] move#:[2] move:[(5, 1, 3)] instance:[Jam-2]
t:[1493057226.39] event:[choose_move] piece:[o] move#:[2] move:[(5, 0, 3)] instance:[Jam-2]
t:[1493057226.78] event:[choose_move] piece:[o] move#:[2] move:[(5, 0, 3)] instance:[Jam-2]
t:[1493057231.71] event:[commit_move] piece:[o] move#:[2] move:[(5, 0, 3)] instance:[Jam-2]
t:[1493057232.98] event:[select_piece] piece:[g] move#:[3] move:[(4, 4, 2)] instance:[Jam-2]
t:[1493057234.63] event:[choose_move] piece:[g] move#:[3] move:[(3, 4, 2)] instance:[Jam-2]
t:[1493057236.08] event:[commit_move] piece:[g] move#:[3] move:[(3, 4, 2)] instance:[Jam-2]
t:[1493057237.63] event:[select_piece] piece:[o] move#:[4] move:[(5, 0, 3)] instance:[Jam-2]
t:[1493057238.88] event:[choose_move] piece:[o] move#:[4] move:[(5, 1, 3)] instance:[Jam-2]
t:[1493057239.3] event:[choose_move] piece:[o] move#:[4] move:[(5, 2, 3)] instance:[Jam-2]
t:[1493057239.88] event:[choose_move] piece:[o] move#:[4] move:[(5, 3, 3)] instance:[Jam-2]
t:[1493057241.43] event:[commit_move] piece:[o] move#:[4] move:[(5, 3, 3)] instance:[Jam-2]
t:[1493057251.94] event:[select_piece] piece:[c] move#:[5] move:[(3, 1, 2)] instance:[Jam-2]
t:[1493057253.59] event:[choose_move] piece:[c] move#:[5] move:[(3, 2, 2)] instance:[Jam-2]
t:[1493057254.29] event:[choose_move] piece:[c] move#:[5] move:[(3, 2, 2)] instance:[Jam-2]
t:[1493057257.51] event:[commit_move] piece:[c] move#:[5] move:[(3, 2, 2)] instance:[Jam-2]
t:[1493057260.39] event:[select_piece] piece:[M] move#:[6] move:[(4, 0, 2)] instance:[Jam-2]
t:[1493057261.68] event:[choose_move] piece:[M] move#:[6] move:[(4, 1, 2)] instance:[Jam-2]
t:[1493057262.08] event:[choose_move] piece:[M] move#:[6] move:[(4, 2, 2)] instance:[Jam-2]
t:[1493057267.58] event:[commit_move] piece:[M] move#:[6] move:[(4, 2, 2)] instance:[Jam-2]
t:[1493057270.41] event:[select_piece] piece:[r] move#:[7] move:[(0, 2, 2)] instance:[Jam-2]
t:[1493057272.06] event:[choose_move] piece:[r] move#:[7] move:[(1, 2, 2)] instance:[Jam-2]
t:[1493057273.3] event:[commit_move] piece:[r] move#:[7] move:[(1, 2, 2)] instance:[Jam-2]
t:[1493057278.97] event:[select_piece] piece:[b] move#:[8] move:[(0, 0, 2)] instance:[Jam-2]
t:[1493057280.94] event:[choose_move] piece:[b] move#:[8] move:[(0, 1, 2)] instance:[Jam-2]
t:[1493057281.94] event:[commit_move] piece:[b] move#:[8] move:[(0, 1, 2)] instance:[Jam-2]
t:[1493057284.59] event:[select_piece] piece:[y] move#:[9] move:[(1, 0, 3)] instance:[Jam-2]
t:[1493057286.84] event:[choose_move] piece:[y] move#:[9] move:[(0, 0, 3)] instance:[Jam-2]
t:[1493057288.11] event:[commit_move] piece:[y] move#:[9] move:[(0, 0, 3)] instance:[Jam-2]
t:[1493057290.24] event:[select_piece] piece:[c] move#:[10] move:[(3, 2, 2)] instance:[Jam-2]
t:[1493057291.96] event:[choose_move] piece:[c] move#:[10] move:[(3, 1, 2)] instance:[Jam-2]
t:[1493057292.42] event:[choose_move] piece:[c] move#:[10] move:[(3, 0, 2)] instance:[Jam-2]
t:[1493057293.64] event:[commit_move] piece:[c] move#:[10] move:[(3, 0, 2)] instance:[Jam-2]
t:[1493057294.49] event:[select_piece] piece:[M] move#:[11] move:[(4, 2, 2)] instance:[Jam-2]
t:[1493057295.96] event:[choose_move] piece:[M] move#:[11] move:[(4, 1, 2)] instance:[Jam-2]
t:[1493057296.33] event:[choose_move] piece:[M] move#:[11] move:[(4, 0, 2)] instance:[Jam-2]
t:[1493057297.83] event:[commit_move] piece:[M] move#:[11] move:[(4, 0, 2)] instance:[Jam-2]
t:[1493057300.21] event:[select_piece] piece:[r] move#:[12] move:[(1, 2, 2)] instance:[Jam-2]
t:[1493057301.73] event:[choose_move] piece:[r] move#:[12] move:[(2, 2, 2)] instance:[Jam-2]
t:[1493057302.05] event:[choose_move] piece:[r] move#:[12] move:[(3, 2, 2)] instance:[Jam-2]
t:[1493057302.6] event:[choose_move] piece:[r] move#:[12] move:[(4, 2, 2)] instance:[Jam-2]
t:[1493057302.6] event:[commit_move] piece:[r] move#:[12] move:[(4, 2, 2)] instance:[Jam-2]
t:[1493057302.6] event:[win] piece:[r] move#:[12] move:[(4, 2, 2)] instance:[Jam-2]
t:[1493057304.91] event:[start] piece:[None] move#:[0] move:[None] instance:[Jam-3]
t:[1493057312.17] event:[select_piece] piece:[w] move#:[0] move:[(3, 2, 3)] instance:[Jam-3]
t:[1493057313.45] event:[choose_move] piece:[w] move#:[0] move:[(3, 1, 3)] instance:[Jam-3]
t:[1493057313.79] event:[choose_move] piece:[w] move#:[0] move:[(3, 0, 3)] instance:[Jam-3]
t:[1493057315.57] event:[commit_move] piece:[w] move#:[0] move:[(3, 0, 3)] instance:[Jam-3]
t:[1493057319.27] event:[select_piece] piece:[b] move#:[1] move:[(1, 3, 2)] instance:[Jam-3]
t:[1493057321.49] event:[choose_move] piece:[b] move#:[1] move:[(0, 3, 2)] instance:[Jam-3]
t:[1493057326.09] event:[commit_move] piece:[b] move#:[1] move:[(0, 3, 2)] instance:[Jam-3]
t:[1493057333.13] event:[select_piece] piece:[B] move#:[2] move:[(2, 5, 2)] instance:[Jam-3]
t:[1493057335.2] event:[choose_move] piece:[B] move#:[2] move:[(3, 5, 2)] instance:[Jam-3]
t:[1493057337.75] event:[commit_move] piece:[B] move#:[2] move:[(3, 5, 2)] instance:[Jam-3]
t:[1493057346.92] event:[select_piece] piece:[w] move#:[3] move:[(3, 0, 3)] instance:[Jam-3]
t:[1493057348.47] event:[choose_move] piece:[w] move#:[3] move:[(3, 1, 3)] instance:[Jam-3]
t:[1493057348.92] event:[choose_move] piece:[w] move#:[3] move:[(3, 2, 3)] instance:[Jam-3]
t:[1493057351.99] event:[commit_move] piece:[w] move#:[3] move:[(3, 2, 3)] instance:[Jam-3]
t:[1493057356.01] event:[select_piece] piece:[y] move#:[4] move:[(5, 3, 3)] instance:[Jam-3]
t:[1493057358.06] event:[choose_move] piece:[y] move#:[4] move:[(5, 2, 3)] instance:[Jam-3]
t:[1493057358.36] event:[choose_move] piece:[y] move#:[4] move:[(5, 1, 3)] instance:[Jam-3]
t:[1493057358.78] event:[choose_move] piece:[y] move#:[4] move:[(5, 0, 3)] instance:[Jam-3]
t:[1493057359.84] event:[commit_move] piece:[y] move#:[4] move:[(5, 0, 3)] instance:[Jam-3]
t:[1493057361.63] event:[select_piece] piece:[B] move#:[5] move:[(3, 5, 2)] instance:[Jam-3]
t:[1493057363.09] event:[choose_move] piece:[B] move#:[5] move:[(4, 5, 2)] instance:[Jam-3]
t:[1493057363.41] event:[choose_move] piece:[B] move#:[5] move:[(4, 5, 2)] instance:[Jam-3]
t:[1493057367.45] event:[commit_move] piece:[B] move#:[5] move:[(4, 5, 2)] instance:[Jam-3]
t:[1493057369.16] event:[select_piece] piece:[w] move#:[6] move:[(3, 2, 3)] instance:[Jam-3]
t:[1493057370.5] event:[choose_move] piece:[w] move#:[6] move:[(3, 3, 3)] instance:[Jam-3]
t:[1493057372.02] event:[commit_move] piece:[w] move#:[6] move:[(3, 3, 3)] instance:[Jam-3]
t:[1493057376.92] event:[select_piece] piece:[w] move#:[7] move:[(3, 3, 3)] instance:[Jam-3]
t:[1493057378.42] event:[choose_move] piece:[w] move#:[7] move:[(3, 2, 3)] instance:[Jam-3]
t:[1493057378.73] event:[choose_move] piece:[w] move#:[7] move:[(3, 1, 3)] instance:[Jam-3]
t:[1493057379.14] event:[choose_move] piece:[w] move#:[7] move:[(3, 0, 3)] instance:[Jam-3]
t:[1493057382.69] event:[commit_move] piece:[w] move#:[7] move:[(3, 0, 3)] instance:[Jam-3]
t:[1493057383.47] event:[select_piece] piece:[B] move#:[8] move:[(4, 5, 2)] instance:[Jam-3]
t:[1493057384.6] event:[choose_move] piece:[B] move#:[8] move:[(3, 5, 2)] instance:[Jam-3]
t:[1493057384.89] event:[choose_move] piece:[B] move#:[8] move:[(2, 5, 2)] instance:[Jam-3]
t:[1493057386.64] event:[commit_move] piece:[B] move#:[8] move:[(2, 5, 2)] instance:[Jam-3]
t:[1493057388.52] event:[select_piece] piece:[y] move#:[9] move:[(5, 0, 3)] instance:[Jam-3]
t:[1493057389.92] event:[choose_move] piece:[y] move#:[9] move:[(5, 1, 3)] instance:[Jam-3]
t:[1493057390.22] event:[choose_move] piece:[y] move#:[9] move:[(5, 2, 3)] instance:[Jam-3]
t:[1493057390.62] event:[choose_move] piece:[y] move#:[9] move:[(5, 3, 3)] instance:[Jam-3]
t:[1493057391.49] event:[commit_move] piece:[y] move#:[9] move:[(5, 3, 3)] instance:[Jam-3]
t:[1493057406.56] event:[select_piece] piece:[y] move#:[10] move:[(5, 3, 3)] instance:[Jam-3]
t:[1493057408.3] event:[choose_move] piece:[y] move#:[10] move:[(5, 2, 3)] instance:[Jam-3]
t:[1493057408.6] event:[choose_move] piece:[y] move#:[10] move:[(5, 1, 3)] instance:[Jam-3]
t:[1493057409.05] event:[choose_move] piece:[y] move#:[10] move:[(5, 0, 3)] instance:[Jam-3]
t:[1493057411.05] event:[commit_move] piece:[y] move#:[10] move:[(5, 0, 3)] instance:[Jam-3]
t:[1493057412.98] event:[select_piece] piece:[B] move#:[11] move:[(2, 5, 2)] instance:[Jam-3]
t:[1493057413.95] event:[choose_move] piece:[B] move#:[11] move:[(3, 5, 2)] instance:[Jam-3]
t:[1493057414.24] event:[choose_move] piece:[B] move#:[11] move:[(4, 5, 2)] instance:[Jam-3]
t:[1493057415.35] event:[commit_move] piece:[B] move#:[11] move:[(4, 5, 2)] instance:[Jam-3]
t:[1493057417.44] event:[select_piece] piece:[w] move#:[12] move:[(3, 0, 3)] instance:[Jam-3]
t:[1493057418.99] event:[choose_move] piece:[w] move#:[12] move:[(3, 1, 3)] instance:[Jam-3]
t:[1493057419.59] event:[choose_move] piece:[w] move#:[12] move:[(3, 2, 3)] instance:[Jam-3]
t:[1493057419.89] event:[choose_move] piece:[w] move#:[12] move:[(3, 3, 3)] instance:[Jam-3]
t:[1493057420.71] event:[commit_move] piece:[w] move#:[12] move:[(3, 3, 3)] instance:[Jam-3]
t:[1493057421.99] event:[select_piece] piece:[r] move#:[13] move:[(1, 2, 2)] instance:[Jam-3]
t:[1493057423.21] event:[choose_move] piece:[r] move#:[13] move:[(2, 2, 2)] instance:[Jam-3]
t:[1493057423.47] event:[choose_move] piece:[r] move#:[13] move:[(3, 2, 2)] instance:[Jam-3]
t:[1493057424.51] event:[commit_move] piece:[r] move#:[13] move:[(3, 2, 2)] instance:[Jam-3]
t:[1493057431.99] event:[select_piece] piece:[w] move#:[14] move:[(3, 3, 3)] instance:[Jam-3]
t:[1493057436.25] event:[select_piece] piece:[y] move#:[14] move:[(5, 0, 3)] instance:[Jam-3]
t:[1493057438.63] event:[choose_move] piece:[y] move#:[14] move:[(5, 1, 3)] instance:[Jam-3]
t:[1493057438.98] event:[choose_move] piece:[y] move#:[14] move:[(5, 2, 3)] instance:[Jam-3]
t:[1493057440.48] event:[commit_move] piece:[y] move#:[14] move:[(5, 2, 3)] instance:[Jam-3]
t:[1493057447.37] event:[select_piece] piece:[r] move#:[15] move:[(3, 2, 2)] instance:[Jam-3]
t:[1493057448.9] event:[choose_move] piece:[r] move#:[15] move:[(2, 2, 2)] instance:[Jam-3]
t:[1493057449.19] event:[choose_move] piece:[r] move#:[15] move:[(1, 2, 2)] instance:[Jam-3]
t:[1493057450.64] event:[choose_move] piece:[r] move#:[15] move:[(0, 2, 2)] instance:[Jam-3]
t:[1493057453.21] event:[commit_move] piece:[r] move#:[15] move:[(0, 2, 2)] instance:[Jam-3]
t:[1493057455.04] event:[select_piece] piece:[w] move#:[16] move:[(3, 3, 3)] instance:[Jam-3]
t:[1493057457.42] event:[choose_move] piece:[w] move#:[16] move:[(3, 2, 3)] instance:[Jam-3]
t:[1493057457.69] event:[choose_move] piece:[w] move#:[16] move:[(3, 1, 3)] instance:[Jam-3]
t:[1493057457.96] event:[choose_move] piece:[w] move#:[16] move:[(3, 0, 3)] instance:[Jam-3]
t:[1493057458.11] event:[choose_move] piece:[w] move#:[16] move:[(3, 0, 3)] instance:[Jam-3]
t:[1493057459.13] event:[commit_move] piece:[w] move#:[16] move:[(3, 0, 3)] instance:[Jam-3]
t:[1493057461.26] event:[select_piece] piece:[B] move#:[17] move:[(4, 5, 2)] instance:[Jam-3]
t:[1493057472.73] event:[select_piece] piece:[w] move#:[17] move:[(3, 0, 3)] instance:[Jam-3]
t:[1493057473.95] event:[choose_move] piece:[w] move#:[17] move:[(3, 1, 3)] instance:[Jam-3]
t:[1493057474.22] event:[choose_move] piece:[w] move#:[17] move:[(3, 2, 3)] instance:[Jam-3]
t:[1493057474.58] event:[choose_move] piece:[w] move#:[17] move:[(3, 3, 3)] instance:[Jam-3]
t:[1493057475.35] event:[commit_move] piece:[w] move#:[17] move:[(3, 3, 3)] instance:[Jam-3]
t:[1493057476.68] event:[select_piece] piece:[r] move#:[18] move:[(0, 2, 2)] instance:[Jam-3]
t:[1493057477.82] event:[choose_move] piece:[r] move#:[18] move:[(1, 2, 2)] instance:[Jam-3]
t:[1493057478.08] event:[choose_move] piece:[r] move#:[18] move:[(2, 2, 2)] instance:[Jam-3]
t:[1493057478.32] event:[choose_move] piece:[r] move#:[18] move:[(3, 2, 2)] instance:[Jam-3]
t:[1493057479.43] event:[commit_move] piece:[r] move#:[18] move:[(3, 2, 2)] instance:[Jam-3]
t:[1493057482.62] event:[select_piece] piece:[b] move#:[19] move:[(0, 3, 2)] instance:[Jam-3]
t:[1493057485.47] event:[choose_move] piece:[b] move#:[19] move:[(1, 3, 2)] instance:[Jam-3]
t:[1493057485.74] event:[choose_move] piece:[b] move#:[19] move:[(1, 3, 2)] instance:[Jam-3]
t:[1493057487.41] event:[commit_move] piece:[b] move#:[19] move:[(1, 3, 2)] instance:[Jam-3]
t:[1493057491.61] event:[select_piece] piece:[r] move#:[20] move:[(3, 2, 2)] instance:[Jam-3]
t:[1493057493.83] event:[choose_move] piece:[r] move#:[20] move:[(2, 2, 2)] instance:[Jam-3]
t:[1493057495.01] event:[commit_move] piece:[r] move#:[20] move:[(2, 2, 2)] instance:[Jam-3]
t:[1493057496.33] event:[select_piece] piece:[y] move#:[21] move:[(5, 2, 3)] instance:[Jam-3]
t:[1493057497.64] event:[choose_move] piece:[y] move#:[21] move:[(5, 1, 3)] instance:[Jam-3]
t:[1493057497.98] event:[choose_move] piece:[y] move#:[21] move:[(5, 0, 3)] instance:[Jam-3]
t:[1493057506.12] event:[commit_move] piece:[y] move#:[21] move:[(5, 0, 3)] instance:[Jam-3]
t:[1493057511.0] event:[select_piece] piece:[r] move#:[22] move:[(2, 2, 2)] instance:[Jam-3]
t:[1493057512.3] event:[choose_move] piece:[r] move#:[22] move:[(3, 2, 2)] instance:[Jam-3]
t:[1493057513.3] event:[commit_move] piece:[r] move#:[22] move:[(3, 2, 2)] instance:[Jam-3]
t:[1493057515.72] event:[select_piece] piece:[b] move#:[23] move:[(1, 3, 2)] instance:[Jam-3]
t:[1493057517.05] event:[choose_move] piece:[b] move#:[23] move:[(0, 3, 2)] instance:[Jam-3]
t:[1493057517.57] event:[choose_move] piece:[b] move#:[23] move:[(0, 3, 2)] instance:[Jam-3]
t:[1493057518.42] event:[commit_move] piece:[b] move#:[23] move:[(0, 3, 2)] instance:[Jam-3]
t:[1493057521.26] event:[select_piece] piece:[w] move#:[24] move:[(3, 3, 3)] instance:[Jam-3]
t:[1493057527.87] event:[select_piece] piece:[r] move#:[24] move:[(3, 2, 2)] instance:[Jam-3]
t:[1493057529.44] event:[choose_move] piece:[r] move#:[24] move:[(2, 2, 2)] instance:[Jam-3]
t:[1493057529.84] event:[choose_move] piece:[r] move#:[24] move:[(1, 2, 2)] instance:[Jam-3]
t:[1493057531.16] event:[commit_move] piece:[r] move#:[24] move:[(1, 2, 2)] instance:[Jam-3]
t:[1493057533.33] event:[select_piece] piece:[w] move#:[25] move:[(3, 3, 3)] instance:[Jam-3]
t:[1493057535.23] event:[choose_move] piece:[w] move#:[25] move:[(3, 2, 3)] instance:[Jam-3]
t:[1493057535.53] event:[choose_move] piece:[w] move#:[25] move:[(3, 1, 3)] instance:[Jam-3]
t:[1493057535.78] event:[choose_move] piece:[w] move#:[25] move:[(3, 0, 3)] instance:[Jam-3]
t:[1493057535.98] event:[choose_move] piece:[w] move#:[25] move:[(3, 0, 3)] instance:[Jam-3]
t:[1493057537.28] event:[commit_move] piece:[w] move#:[25] move:[(3, 0, 3)] instance:[Jam-3]
t:[1493057538.91] event:[select_piece] piece:[B] move#:[26] move:[(4, 5, 2)] instance:[Jam-3]
t:[1493057540.1] event:[choose_move] piece:[B] move#:[26] move:[(3, 5, 2)] instance:[Jam-3]
t:[1493057540.43] event:[choose_move] piece:[B] move#:[26] move:[(2, 5, 2)] instance:[Jam-3]
t:[1493057541.7] event:[commit_move] piece:[B] move#:[26] move:[(2, 5, 2)] instance:[Jam-3]
t:[1493057544.3] event:[select_piece] piece:[y] move#:[27] move:[(5, 0, 3)] instance:[Jam-3]
t:[1493057545.87] event:[choose_move] piece:[y] move#:[27] move:[(5, 1, 3)] instance:[Jam-3]
t:[1493057546.15] event:[choose_move] piece:[y] move#:[27] move:[(5, 2, 3)] instance:[Jam-3]
t:[1493057546.47] event:[choose_move] piece:[y] move#:[27] move:[(5, 3, 3)] instance:[Jam-3]
t:[1493057547.49] event:[commit_move] piece:[y] move#:[27] move:[(5, 3, 3)] instance:[Jam-3]
t:[1493057549.85] event:[select_piece] piece:[w] move#:[28] move:[(3, 0, 3)] instance:[Jam-3]
t:[1493057551.15] event:[choose_move] piece:[w] move#:[28] move:[(3, 1, 3)] instance:[Jam-3]
t:[1493057551.44] event:[choose_move] piece:[w] move#:[28] move:[(3, 2, 3)] instance:[Jam-3]
t:[1493057559.46] event:[commit_move] piece:[w] move#:[28] move:[(3, 2, 3)] instance:[Jam-3]
t:[1493057561.14] event:[select_piece] piece:[r] move#:[29] move:[(1, 2, 2)] instance:[Jam-3]
t:[1493057562.81] event:[choose_move] piece:[r] move#:[29] move:[(0, 2, 2)] instance:[Jam-3]
t:[1493057563.09] event:[choose_move] piece:[r] move#:[29] move:[(0, 2, 2)] instance:[Jam-3]
t:[1493057564.28] event:[commit_move] piece:[r] move#:[29] move:[(0, 2, 2)] instance:[Jam-3]
t:[1493057566.41] event:[select_piece] piece:[w] move#:[30] move:[(3, 2, 3)] instance:[Jam-3]
t:[1493057568.06] event:[choose_move] piece:[w] move#:[30] move:[(3, 1, 3)] instance:[Jam-3]
t:[1493057568.35] event:[choose_move] piece:[w] move#:[30] move:[(3, 0, 3)] instance:[Jam-3]
t:[1493057571.36] event:[commit_move] piece:[w] move#:[30] move:[(3, 0, 3)] instance:[Jam-3]
t:[1493057574.36] event:[select_piece] piece:[B] move#:[31] move:[(2, 5, 2)] instance:[Jam-3]
t:[1493057579.18] event:[select_piece] piece:[y] move#:[31] move:[(5, 3, 3)] instance:[Jam-3]
t:[1493057581.19] event:[choose_move] piece:[y] move#:[31] move:[(5, 2, 3)] instance:[Jam-3]
t:[1493057581.48] event:[choose_move] piece:[y] move#:[31] move:[(5, 1, 3)] instance:[Jam-3]
t:[1493057582.07] event:[choose_move] piece:[y] move#:[31] move:[(5, 0, 3)] instance:[Jam-3]
t:[1493057583.52] event:[commit_move] piece:[y] move#:[31] move:[(5, 0, 3)] instance:[Jam-3]
t:[1493057584.97] event:[select_piece] piece:[B] move#:[32] move:[(2, 5, 2)] instance:[Jam-3]
t:[1493057585.99] event:[choose_move] piece:[B] move#:[32] move:[(3, 5, 2)] instance:[Jam-3]
t:[1493057586.24] event:[choose_move] piece:[B] move#:[32] move:[(4, 5, 2)] instance:[Jam-3]
t:[1493057586.47] event:[choose_move] piece:[B] move#:[32] move:[(4, 5, 2)] instance:[Jam-3]
t:[1493057587.46] event:[commit_move] piece:[B] move#:[32] move:[(4, 5, 2)] instance:[Jam-3]
t:[1493057589.16] event:[select_piece] piece:[w] move#:[33] move:[(3, 0, 3)] instance:[Jam-3]
t:[1493057590.39] event:[choose_move] piece:[w] move#:[33] move:[(3, 1, 3)] instance:[Jam-3]
t:[1493057590.62] event:[choose_move] piece:[w] move#:[33] move:[(3, 2, 3)] instance:[Jam-3]
t:[1493057590.87] event:[choose_move] piece:[w] move#:[33] move:[(3, 3, 3)] instance:[Jam-3]
t:[1493057592.07] event:[commit_move] piece:[w] move#:[33] move:[(3, 3, 3)] instance:[Jam-3]
t:[1493057593.54] event:[select_piece] piece:[r] move#:[34] move:[(0, 2, 2)] instance:[Jam-3]
t:[1493057594.73] event:[choose_move] piece:[r] move#:[34] move:[(1, 2, 2)] instance:[Jam-3]
t:[1493057594.98] event:[choose_move] piece:[r] move#:[34] move:[(2, 2, 2)] instance:[Jam-3]
t:[1493057595.21] event:[choose_move] piece:[r] move#:[34] move:[(3, 2, 2)] instance:[Jam-3]
t:[1493057597.26] event:[commit_move] piece:[r] move#:[34] move:[(3, 2, 2)] instance:[Jam-3]
t:[1493057600.08] event:[select_piece] piece:[y] move#:[35] move:[(5, 0, 3)] instance:[Jam-3]
t:[1493057601.19] event:[choose_move] piece:[y] move#:[35] move:[(5, 1, 3)] instance:[Jam-3]
t:[1493057601.44] event:[choose_move] piece:[y] move#:[35] move:[(5, 2, 3)] instance:[Jam-3]
t:[1493057601.68] event:[choose_move] piece:[y] move#:[35] move:[(5, 2, 3)] instance:[Jam-3]
t:[1493057611.58] event:[commit_move] piece:[y] move#:[35] move:[(5, 2, 3)] instance:[Jam-3]
t:[1493057614.03] event:[select_piece] piece:[b] move#:[36] move:[(0, 3, 2)] instance:[Jam-3]
t:[1493057615.19] event:[choose_move] piece:[b] move#:[36] move:[(1, 3, 2)] instance:[Jam-3]
t:[1493057615.44] event:[choose_move] piece:[b] move#:[36] move:[(1, 3, 2)] instance:[Jam-3]
t:[1493057617.15] event:[commit_move] piece:[b] move#:[36] move:[(1, 3, 2)] instance:[Jam-3]
t:[1493057630.41] event:[surrender] piece:[None] move#:[37] move:[None] instance:[Jam-3]
t:[1493057630.79] event:[start] piece:[None] move#:[0] move:[None] instance:[Jam-4]
t:[1493057638.08] event:[select_piece] piece:[l] move#:[0] move:[(0, 0, 3)] instance:[Jam-4]
t:[1493057640.2] event:[choose_move] piece:[l] move#:[0] move:[(0, 1, 3)] instance:[Jam-4]
t:[1493057640.46] event:[choose_move] piece:[l] move#:[0] move:[(0, 2, 3)] instance:[Jam-4]
t:[1493057640.83] event:[choose_move] piece:[l] move#:[0] move:[(0, 3, 3)] instance:[Jam-4]
t:[1493057641.68] event:[commit_move] piece:[l] move#:[0] move:[(0, 3, 3)] instance:[Jam-4]
t:[1493057643.48] event:[select_piece] piece:[r] move#:[1] move:[(1, 2, 2)] instance:[Jam-4]
t:[1493057644.82] event:[choose_move] piece:[r] move#:[1] move:[(0, 2, 2)] instance:[Jam-4]
t:[1493057645.77] event:[commit_move] piece:[r] move#:[1] move:[(0, 2, 2)] instance:[Jam-4]
t:[1493057650.99] event:[select_piece] piece:[b] move#:[2] move:[(2, 3, 2)] instance:[Jam-4]
t:[1493057652.62] event:[choose_move] piece:[b] move#:[2] move:[(2, 2, 2)] instance:[Jam-4]
t:[1493057653.82] event:[choose_move] piece:[b] move#:[2] move:[(2, 1, 2)] instance:[Jam-4]
t:[1493057654.2] event:[choose_move] piece:[b] move#:[2] move:[(2, 0, 2)] instance:[Jam-4]
t:[1493057656.16] event:[commit_move] piece:[b] move#:[2] move:[(2, 0, 2)] instance:[Jam-4]
t:[1493057657.67] event:[select_piece] piece:[w] move#:[3] move:[(3, 3, 3)] instance:[Jam-4]
t:[1493057658.86] event:[choose_move] piece:[w] move#:[3] move:[(2, 3, 3)] instance:[Jam-4]
t:[1493057659.14] event:[choose_move] piece:[w] move#:[3] move:[(1, 3, 3)] instance:[Jam-4]
t:[1493057659.37] event:[choose_move] piece:[w] move#:[3] move:[(1, 3, 3)] instance:[Jam-4]
t:[1493057660.46] event:[commit_move] piece:[w] move#:[3] move:[(1, 3, 3)] instance:[Jam-4]
t:[1493057662.21] event:[select_piece] piece:[B] move#:[4] move:[(5, 4, 2)] instance:[Jam-4]
t:[1493057663.73] event:[choose_move] piece:[B] move#:[4] move:[(5, 3, 2)] instance:[Jam-4]
t:[1493057664.01] event:[choose_move] piece:[B] move#:[4] move:[(5, 2, 2)] instance:[Jam-4]
t:[1493057664.24] event:[choose_move] piece:[B] move#:[4] move:[(5, 1, 2)] instance:[Jam-4]
t:[1493057664.79] event:[choose_move] piece:[B] move#:[4] move:[(5, 0, 2)] instance:[Jam-4]
t:[1493057665.71] event:[commit_move] piece:[B] move#:[4] move:[(5, 0, 2)] instance:[Jam-4]
t:[1493057678.12] event:[select_piece] piece:[c] move#:[5] move:[(2, 5, 3)] instance:[Jam-4]
t:[1493057679.15] event:[choose_move] piece:[c] move#:[5] move:[(3, 5, 3)] instance:[Jam-4]
t:[1493057679.38] event:[choose_move] piece:[c] move#:[5] move:[(3, 5, 3)] instance:[Jam-4]
t:[1493057684.94] event:[commit_move] piece:[c] move#:[5] move:[(3, 5, 3)] instance:[Jam-4]
t:[1493057686.69] event:[select_piece] piece:[w] move#:[6] move:[(1, 3, 3)] instance:[Jam-4]
t:[1493057688.04] event:[choose_move] piece:[w] move#:[6] move:[(2, 3, 3)] instance:[Jam-4]
t:[1493057688.22] event:[choose_move] piece:[w] move#:[6] move:[(3, 3, 3)] instance:[Jam-4]
t:[1493057688.46] event:[choose_move] piece:[w] move#:[6] move:[(3, 3, 3)] instance:[Jam-4]
t:[1493057689.16] event:[choose_move] piece:[w] move#:[6] move:[(3, 3, 3)] instance:[Jam-4]
t:[1493057696.69] event:[commit_move] piece:[w] move#:[6] move:[(3, 3, 3)] instance:[Jam-4]
t:[1493057700.69] event:[select_piece] piece:[b] move#:[7] move:[(2, 0, 2)] instance:[Jam-4]
t:[1493057702.4] event:[choose_move] piece:[b] move#:[7] move:[(2, 1, 2)] instance:[Jam-4]
t:[1493057702.65] event:[choose_move] piece:[b] move#:[7] move:[(2, 2, 2)] instance:[Jam-4]
t:[1493057702.85] event:[choose_move] piece:[b] move#:[7] move:[(2, 3, 2)] instance:[Jam-4]
t:[1493057703.08] event:[choose_move] piece:[b] move#:[7] move:[(2, 4, 2)] instance:[Jam-4]
t:[1493057703.95] event:[commit_move] piece:[b] move#:[7] move:[(2, 4, 2)] instance:[Jam-4]
t:[1493057705.78] event:[select_piece] piece:[w] move#:[8] move:[(3, 3, 3)] instance:[Jam-4]
t:[1493057708.41] event:[choose_move] piece:[w] move#:[8] move:[(2, 3, 3)] instance:[Jam-4]
t:[1493057708.65] event:[choose_move] piece:[w] move#:[8] move:[(1, 3, 3)] instance:[Jam-4]
t:[1493057708.9] event:[choose_move] piece:[w] move#:[8] move:[(1, 3, 3)] instance:[Jam-4]
t:[1493057732.41] event:[commit_move] piece:[w] move#:[8] move:[(1, 3, 3)] instance:[Jam-4]
t:[1493057734.64] event:[select_piece] piece:[r] move#:[9] move:[(0, 2, 2)] instance:[Jam-4]
t:[1493057736.06] event:[choose_move] piece:[r] move#:[9] move:[(1, 2, 2)] instance:[Jam-4]
t:[1493057736.3] event:[choose_move] piece:[r] move#:[9] move:[(1, 2, 2)] instance:[Jam-4]
t:[1493057737.31] event:[commit_move] piece:[r] move#:[9] move:[(1, 2, 2)] instance:[Jam-4]
t:[1493057738.85] event:[select_piece] piece:[l] move#:[10] move:[(0, 3, 3)] instance:[Jam-4]
t:[1493057740.6] event:[choose_move] piece:[l] move#:[10] move:[(0, 2, 3)] instance:[Jam-4]
t:[1493057740.88] event:[choose_move] piece:[l] move#:[10] move:[(0, 1, 3)] instance:[Jam-4]
t:[1493057741.2] event:[choose_move] piece:[l] move#:[10] move:[(0, 0, 3)] instance:[Jam-4]
t:[1493057742.45] event:[commit_move] piece:[l] move#:[10] move:[(0, 0, 3)] instance:[Jam-4]
t:[1493057745.93] event:[select_piece] piece:[w] move#:[11] move:[(1, 3, 3)] instance:[Jam-4]
t:[1493057747.18] event:[choose_move] piece:[w] move#:[11] move:[(0, 3, 3)] instance:[Jam-4]
t:[1493057747.47] event:[choose_move] piece:[w] move#:[11] move:[(0, 3, 3)] instance:[Jam-4]
t:[1493057748.32] event:[commit_move] piece:[w] move#:[11] move:[(0, 3, 3)] instance:[Jam-4]
t:[1493057756.07] event:[select_piece] piece:[y] move#:[12] move:[(3, 0, 3)] instance:[Jam-4]
t:[1493057757.09] event:[choose_move] piece:[y] move#:[12] move:[(3, 1, 3)] instance:[Jam-4]
t:[1493057757.36] event:[choose_move] piece:[y] move#:[12] move:[(3, 2, 3)] instance:[Jam-4]
t:[1493057757.57] event:[choose_move] piece:[y] move#:[12] move:[(3, 2, 3)] instance:[Jam-4]
t:[1493057760.07] event:[commit_move] piece:[y] move#:[12] move:[(3, 2, 3)] instance:[Jam-4]
t:[1493057767.5] event:[select_piece] piece:[y] move#:[13] move:[(3, 2, 3)] instance:[Jam-4]
t:[1493057768.89] event:[choose_move] piece:[y] move#:[13] move:[(3, 1, 3)] instance:[Jam-4]
t:[1493057769.29] event:[choose_move] piece:[y] move#:[13] move:[(3, 0, 3)] instance:[Jam-4]
t:[1493057770.55] event:[commit_move] piece:[y] move#:[13] move:[(3, 0, 3)] instance:[Jam-4]
t:[1493057772.61] event:[select_piece] piece:[w] move#:[14] move:[(0, 3, 3)] instance:[Jam-4]
t:[1493057777.75] event:[choose_move] piece:[w] move#:[14] move:[(1, 3, 3)] instance:[Jam-4]
t:[1493057778.02] event:[choose_move] piece:[w] move#:[14] move:[(2, 3, 3)] instance:[Jam-4]
t:[1493057778.32] event:[choose_move] piece:[w] move#:[14] move:[(3, 3, 3)] instance:[Jam-4]
t:[1493057779.82] event:[commit_move] piece:[w] move#:[14] move:[(3, 3, 3)] instance:[Jam-4]
t:[1493057781.33] event:[select_piece] piece:[b] move#:[15] move:[(2, 4, 2)] instance:[Jam-4]
t:[1493057783.37] event:[choose_move] piece:[b] move#:[15] move:[(2, 3, 2)] instance:[Jam-4]
t:[1493057785.52] event:[commit_move] piece:[b] move#:[15] move:[(2, 3, 2)] instance:[Jam-4]
t:[1493057787.54] event:[select_piece] piece:[c] move#:[16] move:[(3, 5, 3)] instance:[Jam-4]
t:[1493057788.75] event:[choose_move] piece:[c] move#:[16] move:[(2, 5, 3)] instance:[Jam-4]
t:[1493057789.02] event:[choose_move] piece:[c] move#:[16] move:[(1, 5, 3)] instance:[Jam-4]
t:[1493057789.27] event:[choose_move] piece:[c] move#:[16] move:[(0, 5, 3)] instance:[Jam-4]
t:[1493057790.14] event:[commit_move] piece:[c] move#:[16] move:[(0, 5, 3)] instance:[Jam-4]
t:[1493057810.36] event:[select_piece] piece:[b] move#:[17] move:[(2, 3, 2)] instance:[Jam-4]
t:[1493057816.62] event:[select_piece] piece:[c] move#:[17] move:[(0, 5, 3)] instance:[Jam-4]
t:[1493057817.72] event:[choose_move] piece:[c] move#:[17] move:[(1, 5, 3)] instance:[Jam-4]
t:[1493057819.12] event:[choose_move] piece:[c] move#:[17] move:[(2, 5, 3)] instance:[Jam-4]
t:[1493057819.45] event:[choose_move] piece:[c] move#:[17] move:[(3, 5, 3)] instance:[Jam-4]
t:[1493057821.24] event:[commit_move] piece:[c] move#:[17] move:[(3, 5, 3)] instance:[Jam-4]
t:[1493057825.57] event:[select_piece] piece:[b] move#:[18] move:[(2, 3, 2)] instance:[Jam-4]
t:[1493057827.17] event:[choose_move] piece:[b] move#:[18] move:[(2, 4, 2)] instance:[Jam-4]
t:[1493057828.34] event:[commit_move] piece:[b] move#:[18] move:[(2, 4, 2)] instance:[Jam-4]
t:[1493057829.66] event:[select_piece] piece:[w] move#:[19] move:[(3, 3, 3)] instance:[Jam-4]
t:[1493057830.84] event:[choose_move] piece:[w] move#:[19] move:[(2, 3, 3)] instance:[Jam-4]
t:[1493057831.13] event:[choose_move] piece:[w] move#:[19] move:[(1, 3, 3)] instance:[Jam-4]
t:[1493057831.36] event:[choose_move] piece:[w] move#:[19] move:[(0, 3, 3)] instance:[Jam-4]
t:[1493057831.59] event:[choose_move] piece:[w] move#:[19] move:[(0, 3, 3)] instance:[Jam-4]
t:[1493057832.41] event:[commit_move] piece:[w] move#:[19] move:[(0, 3, 3)] instance:[Jam-4]
t:[1493057838.91] event:[select_piece] piece:[y] move#:[20] move:[(3, 0, 3)] instance:[Jam-4]
t:[1493057841.96] event:[choose_move] piece:[y] move#:[20] move:[(3, 1, 3)] instance:[Jam-4]
t:[1493057842.35] event:[choose_move] piece:[y] move#:[20] move:[(3, 2, 3)] instance:[Jam-4]
t:[1493057843.95] event:[choose_move] piece:[y] move#:[20] move:[(3, 2, 3)] instance:[Jam-4]
t:[1493057844.77] event:[commit_move] piece:[y] move#:[20] move:[(3, 2, 3)] instance:[Jam-4]
t:[1493057864.44] event:[restart] piece:[None] move#:[21] move:[None] instance:[Jam-4]
t:[1493057864.82] event:[start] piece:[None] move#:[0] move:[None] instance:[Jam-4]
t:[1493057885.74] event:[select_piece] piece:[c] move#:[0] move:[(2, 5, 3)] instance:[Jam-4]
t:[1493057887.85] event:[choose_move] piece:[c] move#:[0] move:[(1, 5, 3)] instance:[Jam-4]
t:[1493057889.1] event:[choose_move] piece:[c] move#:[0] move:[(0, 5, 3)] instance:[Jam-4]
t:[1493057890.27] event:[commit_move] piece:[c] move#:[0] move:[(0, 5, 3)] instance:[Jam-4]
t:[1493057893.79] event:[select_piece] piece:[c] move#:[1] move:[(0, 5, 3)] instance:[Jam-4]
t:[1493057894.94] event:[choose_move] piece:[c] move#:[1] move:[(1, 5, 3)] instance:[Jam-4]
t:[1493057895.21] event:[choose_move] piece:[c] move#:[1] move:[(2, 5, 3)] instance:[Jam-4]
t:[1493057895.46] event:[choose_move] piece:[c] move#:[1] move:[(2, 5, 3)] instance:[Jam-4]
t:[1493057896.42] event:[commit_move] piece:[c] move#:[1] move:[(2, 5, 3)] instance:[Jam-4]
t:[1493057906.53] event:[surrender] piece:[None] move#:[2] move:[None] instance:[Jam-4]
t:[1493057906.91] event:[start] piece:[None] move#:[0] move:[None] instance:[Jam-5]
t:[1493057918.37] event:[select_piece] piece:[B] move#:[0] move:[(0, 4, 2)] instance:[Jam-5]
t:[1493057925.86] event:[choose_move] piece:[B] move#:[0] move:[(0, 4, 2)] instance:[Jam-5]
t:[1493057928.14] event:[choose_move] piece:[B] move#:[0] move:[(0, 4, 2)] instance:[Jam-5]
t:[1493057937.59] event:[select_piece] piece:[b] move#:[0] move:[(0, 0, 2)] instance:[Jam-5]
t:[1493057939.65] event:[choose_move] piece:[b] move#:[0] move:[(1, 0, 2)] instance:[Jam-5]
t:[1493057941.05] event:[commit_move] piece:[b] move#:[0] move:[(1, 0, 2)] instance:[Jam-5]
t:[1493057942.13] event:[select_piece] piece:[o] move#:[1] move:[(0, 1, 3)] instance:[Jam-5]
t:[1493057943.82] event:[choose_move] piece:[o] move#:[1] move:[(0, 0, 3)] instance:[Jam-5]
t:[1493057946.92] event:[commit_move] piece:[o] move#:[1] move:[(0, 0, 3)] instance:[Jam-5]
t:[1493057951.69] event:[select_piece] piece:[M] move#:[2] move:[(1, 3, 3)] instance:[Jam-5]
t:[1493057952.69] event:[choose_move] piece:[M] move#:[2] move:[(0, 3, 3)] instance:[Jam-5]
t:[1493057953.9] event:[commit_move] piece:[M] move#:[2] move:[(0, 3, 3)] instance:[Jam-5]
t:[1493057956.54] event:[select_piece] piece:[y] move#:[3] move:[(3, 0, 3)] instance:[Jam-5]
t:[1493057958.16] event:[choose_move] piece:[y] move#:[3] move:[(3, 1, 3)] instance:[Jam-5]
t:[1493057958.71] event:[choose_move] piece:[y] move#:[3] move:[(3, 2, 3)] instance:[Jam-5]
t:[1493057959.07] event:[choose_move] piece:[y] move#:[3] move:[(3, 3, 3)] instance:[Jam-5]
t:[1493057960.79] event:[commit_move] piece:[y] move#:[3] move:[(3, 3, 3)] instance:[Jam-5]
t:[1493057964.12] event:[select_piece] piece:[r] move#:[4] move:[(1, 2, 2)] instance:[Jam-5]
t:[1493057965.56] event:[choose_move] piece:[r] move#:[4] move:[(2, 2, 2)] instance:[Jam-5]
t:[1493057966.63] event:[commit_move] piece:[r] move#:[4] move:[(2, 2, 2)] instance:[Jam-5]
t:[1493057970.76] event:[select_piece] piece:[w] move#:[5] move:[(4, 1, 3)] instance:[Jam-5]
t:[1493057972.36] event:[choose_move] piece:[w] move#:[5] move:[(4, 0, 3)] instance:[Jam-5]
t:[1493057997.89] event:[commit_move] piece:[w] move#:[5] move:[(4, 0, 3)] instance:[Jam-5]
t:[1493058007.33] event:[select_piece] piece:[r] move#:[6] move:[(2, 2, 2)] instance:[Jam-5]
t:[1493058009.0] event:[choose_move] piece:[r] move#:[6] move:[(1, 2, 2)] instance:[Jam-5]
t:[1493058010.23] event:[commit_move] piece:[r] move#:[6] move:[(1, 2, 2)] instance:[Jam-5]
t:[1493058011.91] event:[select_piece] piece:[y] move#:[7] move:[(3, 3, 3)] instance:[Jam-5]
t:[1493058013.35] event:[choose_move] piece:[y] move#:[7] move:[(3, 2, 3)] instance:[Jam-5]
t:[1493058013.63] event:[choose_move] piece:[y] move#:[7] move:[(3, 1, 3)] instance:[Jam-5]
t:[1493058014.02] event:[choose_move] piece:[y] move#:[7] move:[(3, 0, 3)] instance:[Jam-5]
t:[1493058015.77] event:[commit_move] piece:[y] move#:[7] move:[(3, 0, 3)] instance:[Jam-5]
t:[1493058017.27] event:[select_piece] piece:[g] move#:[8] move:[(4, 4, 2)] instance:[Jam-5]
t:[1493058018.47] event:[choose_move] piece:[g] move#:[8] move:[(3, 4, 2)] instance:[Jam-5]
t:[1493058018.82] event:[choose_move] piece:[g] move#:[8] move:[(2, 4, 2)] instance:[Jam-5]
t:[1493058019.22] event:[choose_move] piece:[g] move#:[8] move:[(1, 4, 2)] instance:[Jam-5]
t:[1493058020.14] event:[commit_move] piece:[g] move#:[8] move:[(1, 4, 2)] instance:[Jam-5]
t:[1493058021.45] event:[select_piece] piece:[l] move#:[9] move:[(4, 5, 2)] instance:[Jam-5]
t:[1493058023.0] event:[choose_move] piece:[l] move#:[9] move:[(3, 5, 2)] instance:[Jam-5]
t:[1493058023.29] event:[choose_move] piece:[l] move#:[9] move:[(2, 5, 2)] instance:[Jam-5]
t:[1493058023.55] event:[choose_move] piece:[l] move#:[9] move:[(1, 5, 2)] instance:[Jam-5]
t:[1493058023.8] event:[choose_move] piece:[l] move#:[9] move:[(1, 5, 2)] instance:[Jam-5]
t:[1493058024.66] event:[commit_move] piece:[l] move#:[9] move:[(1, 5, 2)] instance:[Jam-5]
t:[1493058029.67] event:[select_piece] piece:[y] move#:[10] move:[(3, 0, 3)] instance:[Jam-5]
t:[1493058030.91] event:[choose_move] piece:[y] move#:[10] move:[(3, 1, 3)] instance:[Jam-5]
t:[1493058031.32] event:[choose_move] piece:[y] move#:[10] move:[(3, 2, 3)] instance:[Jam-5]
t:[1493058031.76] event:[choose_move] piece:[y] move#:[10] move:[(3, 3, 3)] instance:[Jam-5]
t:[1493058032.99] event:[commit_move] piece:[y] move#:[10] move:[(3, 3, 3)] instance:[Jam-5]
t:[1493058034.01] event:[select_piece] piece:[w] move#:[11] move:[(4, 0, 3)] instance:[Jam-5]
t:[1493058035.31] event:[choose_move] piece:[w] move#:[11] move:[(4, 1, 3)] instance:[Jam-5]
t:[1493058035.63] event:[choose_move] piece:[w] move#:[11] move:[(4, 2, 3)] instance:[Jam-5]
t:[1493058036.06] event:[choose_move] piece:[w] move#:[11] move:[(4, 3, 3)] instance:[Jam-5]
t:[1493058036.99] event:[commit_move] piece:[w] move#:[11] move:[(4, 3, 3)] instance:[Jam-5]
t:[1493058038.48] event:[select_piece] piece:[m] move#:[12] move:[(5, 2, 2)] instance:[Jam-5]
t:[1493058039.95] event:[choose_move] piece:[m] move#:[12] move:[(5, 3, 2)] instance:[Jam-5]
t:[1493058040.33] event:[choose_move] piece:[m] move#:[12] move:[(5, 4, 2)] instance:[Jam-5]
t:[1493058041.21] event:[commit_move] piece:[m] move#:[12] move:[(5, 4, 2)] instance:[Jam-5]
t:[1493058042.61] event:[select_piece] piece:[r] move#:[13] move:[(1, 2, 2)] instance:[Jam-5]
t:[1493058044.03] event:[choose_move] piece:[r] move#:[13] move:[(2, 2, 2)] instance:[Jam-5]
t:[1493058044.3] event:[choose_move] piece:[r] move#:[13] move:[(3, 2, 2)] instance:[Jam-5]
t:[1493058044.57] event:[choose_move] piece:[r] move#:[13] move:[(4, 2, 2)] instance:[Jam-5]
t:[1493058044.57] event:[commit_move] piece:[r] move#:[13] move:[(4, 2, 2)] instance:[Jam-5]
t:[1493058044.57] event:[win] piece:[r] move#:[13] move:[(4, 2, 2)] instance:[Jam-5]
t:[1493058046.63] event:[start] piece:[None] move#:[0] move:[None] instance:[Jam-6]
t:[1493058064.24] event:[select_piece] piece:[m] move#:[0] move:[(3, 5, 3)] instance:[Jam-6]
t:[1493058065.39] event:[choose_move] piece:[m] move#:[0] move:[(2, 5, 3)] instance:[Jam-6]
t:[1493058065.72] event:[choose_move] piece:[m] move#:[0] move:[(1, 5, 3)] instance:[Jam-6]
t:[1493058066.61] event:[commit_move] piece:[m] move#:[0] move:[(1, 5, 3)] instance:[Jam-6]
t:[1493058069.59] event:[select_piece] piece:[y] move#:[1] move:[(4, 1, 3)] instance:[Jam-6]
t:[1493058070.83] event:[choose_move] piece:[y] move#:[1] move:[(4, 2, 3)] instance:[Jam-6]
t:[1493058071.16] event:[choose_move] piece:[y] move#:[1] move:[(4, 3, 3)] instance:[Jam-6]
t:[1493058072.18] event:[commit_move] piece:[y] move#:[1] move:[(4, 3, 3)] instance:[Jam-6]
t:[1493058073.91] event:[select_piece] piece:[o] move#:[2] move:[(5, 1, 3)] instance:[Jam-6]
t:[1493058075.36] event:[choose_move] piece:[o] move#:[2] move:[(5, 2, 3)] instance:[Jam-6]
t:[1493058075.63] event:[choose_move] piece:[o] move#:[2] move:[(5, 3, 3)] instance:[Jam-6]
t:[1493058075.91] event:[choose_move] piece:[o] move#:[2] move:[(5, 3, 3)] instance:[Jam-6]
t:[1493058076.51] event:[commit_move] piece:[o] move#:[2] move:[(5, 3, 3)] instance:[Jam-6]
t:[1493058090.7] event:[select_piece] piece:[r] move#:[3] move:[(1, 2, 2)] instance:[Jam-6]
t:[1493058091.97] event:[choose_move] piece:[r] move#:[3] move:[(0, 2, 2)] instance:[Jam-6]
t:[1493058092.36] event:[choose_move] piece:[r] move#:[3] move:[(0, 2, 2)] instance:[Jam-6]
t:[1493058096.79] event:[commit_move] piece:[r] move#:[3] move:[(0, 2, 2)] instance:[Jam-6]
t:[1493058098.22] event:[select_piece] piece:[g] move#:[4] move:[(2, 3, 2)] instance:[Jam-6]
t:[1493058099.66] event:[choose_move] piece:[g] move#:[4] move:[(2, 2, 2)] instance:[Jam-6]
t:[1493058099.99] event:[choose_move] piece:[g] move#:[4] move:[(2, 1, 2)] instance:[Jam-6]
t:[1493058100.59] event:[choose_move] piece:[g] move#:[4] move:[(2, 0, 2)] instance:[Jam-6]
t:[1493058101.64] event:[commit_move] piece:[g] move#:[4] move:[(2, 0, 2)] instance:[Jam-6]
t:[1493058122.15] event:[select_piece] piece:[y] move#:[5] move:[(4, 3, 3)] instance:[Jam-6]
t:[1493058131.17] event:[select_piece] piece:[r] move#:[5] move:[(0, 2, 2)] instance:[Jam-6]
t:[1493058132.39] event:[choose_move] piece:[r] move#:[5] move:[(1, 2, 2)] instance:[Jam-6]
t:[1493058133.39] event:[commit_move] piece:[r] move#:[5] move:[(1, 2, 2)] instance:[Jam-6]
t:[1493058140.65] event:[select_piece] piece:[B] move#:[6] move:[(0, 3, 2)] instance:[Jam-6]
t:[1493058141.73] event:[choose_move] piece:[B] move#:[6] move:[(1, 3, 2)] instance:[Jam-6]
t:[1493058142.83] event:[commit_move] piece:[B] move#:[6] move:[(1, 3, 2)] instance:[Jam-6]
t:[1493058144.16] event:[select_piece] piece:[l] move#:[7] move:[(0, 4, 2)] instance:[Jam-6]
t:[1493058145.78] event:[choose_move] piece:[l] move#:[7] move:[(0, 3, 2)] instance:[Jam-6]
t:[1493058146.35] event:[choose_move] piece:[l] move#:[7] move:[(0, 2, 2)] instance:[Jam-6]
t:[1493058147.08] event:[commit_move] piece:[l] move#:[7] move:[(0, 2, 2)] instance:[Jam-6]
t:[1493058148.7] event:[select_piece] piece:[m] move#:[8] move:[(1, 5, 3)] instance:[Jam-6]
t:[1493058150.43] event:[choose_move] piece:[m] move#:[8] move:[(0, 5, 3)] instance:[Jam-6]
t:[1493058151.42] event:[commit_move] piece:[m] move#:[8] move:[(0, 5, 3)] instance:[Jam-6]
t:[1493058153.22] event:[select_piece] piece:[w] move#:[9] move:[(3, 2, 3)] instance:[Jam-6]
t:[1493058154.49] event:[choose_move] piece:[w] move#:[9] move:[(3, 3, 3)] instance:[Jam-6]
t:[1493058157.35] event:[commit_move] piece:[w] move#:[9] move:[(3, 3, 3)] instance:[Jam-6]
t:[1493058160.95] event:[select_piece] piece:[r] move#:[10] move:[(1, 2, 2)] instance:[Jam-6]
t:[1493058162.12] event:[choose_move] piece:[r] move#:[10] move:[(2, 2, 2)] instance:[Jam-6]
t:[1493058162.37] event:[choose_move] piece:[r] move#:[10] move:[(3, 2, 2)] instance:[Jam-6]
t:[1493058162.64] event:[choose_move] piece:[r] move#:[10] move:[(4, 2, 2)] instance:[Jam-6]
t:[1493058162.64] event:[commit_move] piece:[r] move#:[10] move:[(4, 2, 2)] instance:[Jam-6]
t:[1493058162.64] event:[win] piece:[r] move#:[10] move:[(4, 2, 2)] instance:[Jam-6]
t:[1493058164.17] event:[start] piece:[None] move#:[0] move:[None] instance:[Jam-7]
t:[1493058173.69] event:[select_piece] piece:[g] move#:[0] move:[(2, 3, 2)] instance:[Jam-7]
t:[1493058174.81] event:[choose_move] piece:[g] move#:[0] move:[(1, 3, 2)] instance:[Jam-7]
t:[1493058175.88] event:[choose_move] piece:[g] move#:[0] move:[(0, 3, 2)] instance:[Jam-7]
t:[1493058176.75] event:[commit_move] piece:[g] move#:[0] move:[(0, 3, 2)] instance:[Jam-7]
t:[1493058179.8] event:[select_piece] piece:[M] move#:[1] move:[(3, 1, 2)] instance:[Jam-7]
t:[1493058180.87] event:[choose_move] piece:[M] move#:[1] move:[(3, 2, 2)] instance:[Jam-7]
t:[1493058183.42] event:[commit_move] piece:[M] move#:[1] move:[(3, 2, 2)] instance:[Jam-7]
t:[1493058186.9] event:[select_piece] piece:[l] move#:[2] move:[(5, 2, 2)] instance:[Jam-7]
t:[1493058188.0] event:[choose_move] piece:[l] move#:[2] move:[(5, 3, 2)] instance:[Jam-7]
t:[1493058188.32] event:[choose_move] piece:[l] move#:[2] move:[(5, 4, 2)] instance:[Jam-7]
t:[1493058189.12] event:[commit_move] piece:[l] move#:[2] move:[(5, 4, 2)] instance:[Jam-7]
t:[1493058199.11] event:[select_piece] piece:[r] move#:[3] move:[(1, 2, 2)] instance:[Jam-7]
t:[1493058200.84] event:[choose_move] piece:[r] move#:[3] move:[(0, 2, 2)] instance:[Jam-7]
t:[1493058201.19] event:[choose_move] piece:[r] move#:[3] move:[(0, 2, 2)] instance:[Jam-7]
t:[1493058203.19] event:[commit_move] piece:[r] move#:[3] move:[(0, 2, 2)] instance:[Jam-7]
t:[1493058206.54] event:[select_piece] piece:[M] move#:[4] move:[(3, 2, 2)] instance:[Jam-7]
t:[1493058209.15] event:[choose_move] piece:[M] move#:[4] move:[(3, 1, 2)] instance:[Jam-7]
t:[1493058210.23] event:[commit_move] piece:[M] move#:[4] move:[(3, 1, 2)] instance:[Jam-7]
t:[1493058221.84] event:[select_piece] piece:[r] move#:[5] move:[(0, 2, 2)] instance:[Jam-7]
t:[1493058223.05] event:[choose_move] piece:[r] move#:[5] move:[(1, 2, 2)] instance:[Jam-7]
t:[1493058224.24] event:[commit_move] piece:[r] move#:[5] move:[(1, 2, 2)] instance:[Jam-7]
t:[1493058225.72] event:[select_piece] piece:[g] move#:[6] move:[(0, 3, 2)] instance:[Jam-7]
t:[1493058226.72] event:[choose_move] piece:[g] move#:[6] move:[(1, 3, 2)] instance:[Jam-7]
t:[1493058227.84] event:[commit_move] piece:[g] move#:[6] move:[(1, 3, 2)] instance:[Jam-7]
t:[1493058235.93] event:[select_piece] piece:[M] move#:[7] move:[(3, 1, 2)] instance:[Jam-7]
t:[1493058237.54] event:[choose_move] piece:[M] move#:[7] move:[(3, 2, 2)] instance:[Jam-7]
t:[1493058238.71] event:[commit_move] piece:[M] move#:[7] move:[(3, 2, 2)] instance:[Jam-7]
t:[1493058241.21] event:[select_piece] piece:[c] move#:[8] move:[(4, 0, 2)] instance:[Jam-7]
t:[1493058243.46] event:[choose_move] piece:[c] move#:[8] move:[(4, 1, 2)] instance:[Jam-7]
t:[1493058243.76] event:[choose_move] piece:[c] move#:[8] move:[(4, 2, 2)] instance:[Jam-7]
t:[1493058244.18] event:[choose_move] piece:[c] move#:[8] move:[(4, 3, 2)] instance:[Jam-7]
t:[1493058244.65] event:[choose_move] piece:[c] move#:[8] move:[(4, 4, 2)] instance:[Jam-7]
t:[1493058245.83] event:[commit_move] piece:[c] move#:[8] move:[(4, 4, 2)] instance:[Jam-7]
t:[1493058252.3] event:[select_piece] piece:[B] move#:[9] move:[(5, 0, 2)] instance:[Jam-7]
t:[1493058253.67] event:[choose_move] piece:[B] move#:[9] move:[(5, 1, 2)] instance:[Jam-7]
t:[1493058254.02] event:[choose_move] piece:[B] move#:[9] move:[(5, 2, 2)] instance:[Jam-7]
t:[1493058254.87] event:[commit_move] piece:[B] move#:[9] move:[(5, 2, 2)] instance:[Jam-7]
t:[1493058256.44] event:[select_piece] piece:[y] move#:[10] move:[(2, 0, 2)] instance:[Jam-7]
t:[1493058257.47] event:[choose_move] piece:[y] move#:[10] move:[(3, 0, 2)] instance:[Jam-7]
t:[1493058257.74] event:[choose_move] piece:[y] move#:[10] move:[(4, 0, 2)] instance:[Jam-7]
t:[1493058258.02] event:[choose_move] piece:[y] move#:[10] move:[(4, 0, 2)] instance:[Jam-7]
t:[1493058258.72] event:[commit_move] piece:[y] move#:[10] move:[(4, 0, 2)] instance:[Jam-7]
t:[1493058260.25] event:[select_piece] piece:[M] move#:[11] move:[(3, 2, 2)] instance:[Jam-7]
t:[1493058264.97] event:[choose_move] piece:[M] move#:[11] move:[(3, 1, 2)] instance:[Jam-7]
t:[1493058265.32] event:[choose_move] piece:[M] move#:[11] move:[(3, 0, 2)] instance:[Jam-7]
t:[1493058266.22] event:[commit_move] piece:[M] move#:[11] move:[(3, 0, 2)] instance:[Jam-7]
t:[1493058268.44] event:[select_piece] piece:[r] move#:[12] move:[(1, 2, 2)] instance:[Jam-7]
t:[1493058269.49] event:[choose_move] piece:[r] move#:[12] move:[(2, 2, 2)] instance:[Jam-7]
t:[1493058269.81] event:[choose_move] piece:[r] move#:[12] move:[(3, 2, 2)] instance:[Jam-7]
t:[1493058270.84] event:[commit_move] piece:[r] move#:[12] move:[(3, 2, 2)] instance:[Jam-7]
t:[1493058272.54] event:[select_piece] piece:[B] move#:[13] move:[(5, 2, 2)] instance:[Jam-7]
t:[1493058273.88] event:[choose_move] piece:[B] move#:[13] move:[(5, 1, 2)] instance:[Jam-7]
t:[1493058275.28] event:[commit_move] piece:[B] move#:[13] move:[(5, 1, 2)] instance:[Jam-7]
t:[1493058283.48] event:[select_piece] piece:[g] move#:[14] move:[(1, 3, 2)] instance:[Jam-7]
t:[1493058284.78] event:[choose_move] piece:[g] move#:[14] move:[(0, 3, 2)] instance:[Jam-7]
t:[1493058285.74] event:[commit_move] piece:[g] move#:[14] move:[(0, 3, 2)] instance:[Jam-7]
t:[1493058287.74] event:[select_piece] piece:[w] move#:[15] move:[(3, 4, 2)] instance:[Jam-7]
t:[1493058290.64] event:[choose_move] piece:[w] move#:[15] move:[(3, 3, 2)] instance:[Jam-7]
t:[1493058292.17] event:[commit_move] piece:[w] move#:[15] move:[(3, 3, 2)] instance:[Jam-7]
t:[1493058300.84] event:[select_piece] piece:[r] move#:[16] move:[(3, 2, 2)] instance:[Jam-7]
t:[1493058302.24] event:[choose_move] piece:[r] move#:[16] move:[(2, 2, 2)] instance:[Jam-7]
t:[1493058302.73] event:[choose_move] piece:[r] move#:[16] move:[(1, 2, 2)] instance:[Jam-7]
t:[1493058303.64] event:[commit_move] piece:[r] move#:[16] move:[(1, 2, 2)] instance:[Jam-7]
t:[1493058306.98] event:[select_piece] piece:[w] move#:[17] move:[(3, 3, 2)] instance:[Jam-7]
t:[1493058308.21] event:[choose_move] piece:[w] move#:[17] move:[(3, 4, 2)] instance:[Jam-7]
t:[1493058309.11] event:[commit_move] piece:[w] move#:[17] move:[(3, 4, 2)] instance:[Jam-7]
t:[1493058314.58] event:[select_piece] piece:[M] move#:[18] move:[(3, 0, 2)] instance:[Jam-7]
t:[1493058316.17] event:[choose_move] piece:[M] move#:[18] move:[(3, 1, 2)] instance:[Jam-7]
t:[1493058316.7] event:[choose_move] piece:[M] move#:[18] move:[(3, 2, 2)] instance:[Jam-7]
t:[1493058318.23] event:[commit_move] piece:[M] move#:[18] move:[(3, 2, 2)] instance:[Jam-7]
t:[1493058319.54] event:[select_piece] piece:[y] move#:[19] move:[(4, 0, 2)] instance:[Jam-7]
t:[1493058321.22] event:[choose_move] piece:[y] move#:[19] move:[(3, 0, 2)] instance:[Jam-7]
t:[1493058321.64] event:[choose_move] piece:[y] move#:[19] move:[(2, 0, 2)] instance:[Jam-7]
t:[1493058322.5] event:[commit_move] piece:[y] move#:[19] move:[(2, 0, 2)] instance:[Jam-7]
t:[1493058327.84] event:[select_piece] piece:[B] move#:[20] move:[(5, 1, 2)] instance:[Jam-7]
t:[1493058329.41] event:[choose_move] piece:[B] move#:[20] move:[(5, 0, 2)] instance:[Jam-7]
t:[1493058330.57] event:[commit_move] piece:[B] move#:[20] move:[(5, 0, 2)] instance:[Jam-7]
t:[1493058342.48] event:[select_piece] piece:[M] move#:[21] move:[(3, 2, 2)] instance:[Jam-7]
t:[1493058344.23] event:[choose_move] piece:[M] move#:[21] move:[(3, 1, 2)] instance:[Jam-7]
t:[1493058345.58] event:[commit_move] piece:[M] move#:[21] move:[(3, 1, 2)] instance:[Jam-7]
t:[1493058356.17] event:[surrender] piece:[None] move#:[22] move:[None] instance:[Jam-7]
t:[1493058356.55] event:[start] piece:[None] move#:[0] move:[None] instance:[Jam-8]
t:[1493058376.2] event:[select_piece] piece:[c] move#:[0] move:[(2, 1, 2)] instance:[Jam-8]
t:[1493058377.2] event:[choose_move] piece:[c] move#:[0] move:[(1, 1, 2)] instance:[Jam-8]
t:[1493058377.48] event:[choose_move] piece:[c] move#:[0] move:[(0, 1, 2)] instance:[Jam-8]
t:[1493058378.43] event:[commit_move] piece:[c] move#:[0] move:[(0, 1, 2)] instance:[Jam-8]
t:[1493058382.08] event:[select_piece] piece:[b] move#:[1] move:[(3, 0, 2)] instance:[Jam-8]
t:[1493058383.02] event:[choose_move] piece:[b] move#:[1] move:[(2, 0, 2)] instance:[Jam-8]
t:[1493058383.27] event:[choose_move] piece:[b] move#:[1] move:[(1, 0, 2)] instance:[Jam-8]
t:[1493058383.5] event:[choose_move] piece:[b] move#:[1] move:[(0, 0, 2)] instance:[Jam-8]
t:[1493058384.42] event:[commit_move] piece:[b] move#:[1] move:[(0, 0, 2)] instance:[Jam-8]
t:[1493058387.95] event:[select_piece] piece:[M] move#:[2] move:[(4, 1, 2)] instance:[Jam-8]
t:[1493058389.22] event:[choose_move] piece:[M] move#:[2] move:[(4, 0, 2)] instance:[Jam-8]
t:[1493058390.35] event:[commit_move] piece:[M] move#:[2] move:[(4, 0, 2)] instance:[Jam-8]
t:[1493058392.05] event:[select_piece] piece:[g] move#:[3] move:[(3, 2, 2)] instance:[Jam-8]
t:[1493058393.96] event:[choose_move] piece:[g] move#:[3] move:[(3, 1, 2)] instance:[Jam-8]
t:[1493058394.87] event:[choose_move] piece:[g] move#:[3] move:[(3, 0, 2)] instance:[Jam-8]
t:[1493058396.47] event:[commit_move] piece:[g] move#:[3] move:[(3, 0, 2)] instance:[Jam-8]
t:[1493058397.52] event:[select_piece] piece:[B] move#:[4] move:[(2, 2, 2)] instance:[Jam-8]
t:[1493058398.57] event:[choose_move] piece:[B] move#:[4] move:[(2, 1, 2)] instance:[Jam-8]
t:[1493058398.86] event:[choose_move] piece:[B] move#:[4] move:[(2, 0, 2)] instance:[Jam-8]
t:[1493058399.78] event:[commit_move] piece:[B] move#:[4] move:[(2, 0, 2)] instance:[Jam-8]
t:[1493058403.24] event:[select_piece] piece:[m] move#:[5] move:[(4, 3, 2)] instance:[Jam-8]
t:[1493058404.43] event:[choose_move] piece:[m] move#:[5] move:[(3, 3, 2)] instance:[Jam-8]
t:[1493058404.78] event:[choose_move] piece:[m] move#:[5] move:[(2, 3, 2)] instance:[Jam-8]
t:[1493058405.56] event:[commit_move] piece:[m] move#:[5] move:[(2, 3, 2)] instance:[Jam-8]
t:[1493058412.11] event:[select_piece] piece:[r] move#:[6] move:[(0, 2, 2)] instance:[Jam-8]
t:[1493058413.11] event:[choose_move] piece:[r] move#:[6] move:[(1, 2, 2)] instance:[Jam-8]
t:[1493058413.38] event:[choose_move] piece:[r] move#:[6] move:[(2, 2, 2)] instance:[Jam-8]
t:[1493058414.53] event:[choose_move] piece:[r] move#:[6] move:[(3, 2, 2)] instance:[Jam-8]
t:[1493058415.52] event:[commit_move] piece:[r] move#:[6] move:[(3, 2, 2)] instance:[Jam-8]
t:[1493058421.75] event:[select_piece] piece:[m] move#:[7] move:[(2, 3, 2)] instance:[Jam-8]
t:[1493058422.65] event:[choose_move] piece:[m] move#:[7] move:[(3, 3, 2)] instance:[Jam-8]
t:[1493058422.9] event:[choose_move] piece:[m] move#:[7] move:[(4, 3, 2)] instance:[Jam-8]
t:[1493058424.57] event:[commit_move] piece:[m] move#:[7] move:[(4, 3, 2)] instance:[Jam-8]
t:[1493058427.54] event:[select_piece] piece:[t] move#:[8] move:[(2, 4, 2)] instance:[Jam-8]
t:[1493058428.59] event:[choose_move] piece:[t] move#:[8] move:[(2, 3, 2)] instance:[Jam-8]
t:[1493058428.87] event:[choose_move] piece:[t] move#:[8] move:[(2, 2, 2)] instance:[Jam-8]
t:[1493058429.81] event:[commit_move] piece:[t] move#:[8] move:[(2, 2, 2)] instance:[Jam-8]
t:[1493058431.47] event:[select_piece] piece:[o] move#:[9] move:[(3, 4, 3)] instance:[Jam-8]
t:[1493058432.59] event:[choose_move] piece:[o] move#:[9] move:[(2, 4, 3)] instance:[Jam-8]
t:[1493058433.54] event:[commit_move] piece:[o] move#:[9] move:[(2, 4, 3)] instance:[Jam-8]
t:[1493058434.62] event:[select_piece] piece:[w] move#:[10] move:[(3, 5, 3)] instance:[Jam-8]
t:[1493058435.44] event:[choose_move] piece:[w] move#:[10] move:[(2, 5, 3)] instance:[Jam-8]
t:[1493058436.43] event:[commit_move] piece:[w] move#:[10] move:[(2, 5, 3)] instance:[Jam-8]
t:[1493058439.91] event:[select_piece] piece:[m] move#:[11] move:[(4, 3, 2)] instance:[Jam-8]
t:[1493058441.03] event:[choose_move] piece:[m] move#:[11] move:[(3, 3, 2)] instance:[Jam-8]
t:[1493058441.58] event:[choose_move] piece:[m] move#:[11] move:[(3, 3, 2)] instance:[Jam-8]
t:[1493058442.26] event:[commit_move] piece:[m] move#:[11] move:[(3, 3, 2)] instance:[Jam-8]
t:[1493058443.7] event:[select_piece] piece:[y] move#:[12] move:[(5, 0, 3)] instance:[Jam-8]
t:[1493058444.91] event:[choose_move] piece:[y] move#:[12] move:[(5, 1, 3)] instance:[Jam-8]
t:[1493058445.21] event:[choose_move] piece:[y] move#:[12] move:[(5, 2, 3)] instance:[Jam-8]
t:[1493058445.7] event:[choose_move] piece:[y] move#:[12] move:[(5, 3, 3)] instance:[Jam-8]
t:[1493058446.61] event:[commit_move] piece:[y] move#:[12] move:[(5, 3, 3)] instance:[Jam-8]
t:[1493058447.73] event:[select_piece] piece:[r] move#:[13] move:[(3, 2, 2)] instance:[Jam-8]
t:[1493058448.8] event:[choose_move] piece:[r] move#:[13] move:[(4, 2, 2)] instance:[Jam-8]
t:[1493058448.8] event:[commit_move] piece:[r] move#:[13] move:[(4, 2, 2)] instance:[Jam-8]
t:[1493058448.8] event:[win] piece:[r] move#:[13] move:[(4, 2, 2)] instance:[Jam-8]
t:[1493058450.71] event:[start] piece:[None] move#:[0] move:[None] instance:[Jam-9]
t:[1493058458.59] event:[select_piece] piece:[r] move#:[0] move:[(0, 2, 2)] instance:[Jam-9]
t:[1493058459.65] event:[choose_move] piece:[r] move#:[0] move:[(1, 2, 2)] instance:[Jam-9]
t:[1493058460.5] event:[commit_move] piece:[r] move#:[0] move:[(1, 2, 2)] instance:[Jam-9]
t:[1493058461.67] event:[select_piece] piece:[w] move#:[1] move:[(1, 3, 3)] instance:[Jam-9]
t:[1493058465.36] event:[select_piece] piece:[o] move#:[1] move:[(0, 3, 3)] instance:[Jam-9]
t:[1493058466.51] event:[choose_move] piece:[o] move#:[1] move:[(0, 2, 3)] instance:[Jam-9]
t:[1493058466.94] event:[choose_move] piece:[o] move#:[1] move:[(0, 1, 3)] instance:[Jam-9]
t:[1493058467.34] event:[choose_move] piece:[o] move#:[1] move:[(0, 0, 3)] instance:[Jam-9]
t:[1493058467.82] event:[choose_move] piece:[o] move#:[1] move:[(0, 0, 3)] instance:[Jam-9]
t:[1493058468.49] event:[commit_move] piece:[o] move#:[1] move:[(0, 0, 3)] instance:[Jam-9]
t:[1493058469.73] event:[select_piece] piece:[w] move#:[2] move:[(1, 3, 3)] instance:[Jam-9]
t:[1493058471.08] event:[choose_move] piece:[w] move#:[2] move:[(0, 3, 3)] instance:[Jam-9]
t:[1493058471.96] event:[commit_move] piece:[w] move#:[2] move:[(0, 3, 3)] instance:[Jam-9]
t:[1493058473.63] event:[select_piece] piece:[B] move#:[3] move:[(3, 1, 2)] instance:[Jam-9]
t:[1493058474.63] event:[choose_move] piece:[B] move#:[3] move:[(3, 2, 2)] instance:[Jam-9]
t:[1493058474.96] event:[choose_move] piece:[B] move#:[3] move:[(3, 3, 2)] instance:[Jam-9]
t:[1493058475.65] event:[choose_move] piece:[B] move#:[3] move:[(3, 4, 2)] instance:[Jam-9]
t:[1493058476.36] event:[commit_move] piece:[B] move#:[3] move:[(3, 4, 2)] instance:[Jam-9]
t:[1493058477.66] event:[select_piece] piece:[y] move#:[4] move:[(4, 2, 3)] instance:[Jam-9]
t:[1493058478.61] event:[choose_move] piece:[y] move#:[4] move:[(4, 3, 3)] instance:[Jam-9]
t:[1493058479.7] event:[commit_move] piece:[y] move#:[4] move:[(4, 3, 3)] instance:[Jam-9]
t:[1493058482.43] event:[select_piece] piece:[g] move#:[5] move:[(4, 1, 2)] instance:[Jam-9]
t:[1493058483.9] event:[choose_move] piece:[g] move#:[5] move:[(3, 1, 2)] instance:[Jam-9]
t:[1493058484.22] event:[choose_move] piece:[g] move#:[5] move:[(2, 1, 2)] instance:[Jam-9]
t:[1493058484.53] event:[choose_move] piece:[g] move#:[5] move:[(2, 1, 2)] instance:[Jam-9]
t:[1493058485.05] event:[commit_move] piece:[g] move#:[5] move:[(2, 1, 2)] instance:[Jam-9]
t:[1493058486.22] event:[select_piece] piece:[l] move#:[6] move:[(5, 2, 2)] instance:[Jam-9]
t:[1493058487.33] event:[choose_move] piece:[l] move#:[6] move:[(5, 1, 2)] instance:[Jam-9]
t:[1493058488.1] event:[choose_move] piece:[l] move#:[6] move:[(5, 1, 2)] instance:[Jam-9]
t:[1493058489.5] event:[commit_move] piece:[l] move#:[6] move:[(5, 1, 2)] instance:[Jam-9]
t:[1493058495.54] event:[select_piece] piece:[y] move#:[7] move:[(4, 3, 3)] instance:[Jam-9]
t:[1493058497.57] event:[choose_move] piece:[y] move#:[7] move:[(4, 2, 3)] instance:[Jam-9]
t:[1493058498.01] event:[choose_move] piece:[y] move#:[7] move:[(4, 1, 3)] instance:[Jam-9]
t:[1493058506.23] event:[commit_move] piece:[y] move#:[7] move:[(4, 1, 3)] instance:[Jam-9]
t:[1493058512.21] event:[select_piece] piece:[r] move#:[8] move:[(1, 2, 2)] instance:[Jam-9]
t:[1493058513.18] event:[choose_move] piece:[r] move#:[8] move:[(2, 2, 2)] instance:[Jam-9]
t:[1493058514.3] event:[commit_move] piece:[r] move#:[8] move:[(2, 2, 2)] instance:[Jam-9]
t:[1493058519.52] event:[select_piece] piece:[y] move#:[9] move:[(4, 1, 3)] instance:[Jam-9]
t:[1493058520.62] event:[choose_move] piece:[y] move#:[9] move:[(4, 2, 3)] instance:[Jam-9]
t:[1493058520.92] event:[choose_move] piece:[y] move#:[9] move:[(4, 3, 3)] instance:[Jam-9]
t:[1493058522.6] event:[commit_move] piece:[y] move#:[9] move:[(4, 3, 3)] instance:[Jam-9]
t:[1493058524.29] event:[select_piece] piece:[l] move#:[10] move:[(5, 1, 2)] instance:[Jam-9]
t:[1493058527.5] event:[choose_move] piece:[l] move#:[10] move:[(5, 2, 2)] instance:[Jam-9]
t:[1493058528.67] event:[commit_move] piece:[l] move#:[10] move:[(5, 2, 2)] instance:[Jam-9]
t:[1493058540.31] event:[select_piece] piece:[g] move#:[11] move:[(2, 1, 2)] instance:[Jam-9]
t:[1493058541.46] event:[choose_move] piece:[g] move#:[11] move:[(3, 1, 2)] instance:[Jam-9]
t:[1493058542.29] event:[choose_move] piece:[g] move#:[11] move:[(4, 1, 2)] instance:[Jam-9]
t:[1493058543.6] event:[commit_move] piece:[g] move#:[11] move:[(4, 1, 2)] instance:[Jam-9]
t:[1493058547.7] event:[select_piece] piece:[r] move#:[12] move:[(2, 2, 2)] instance:[Jam-9]
t:[1493058548.53] event:[choose_move] piece:[r] move#:[12] move:[(3, 2, 2)] instance:[Jam-9]
t:[1493058549.41] event:[commit_move] piece:[r] move#:[12] move:[(3, 2, 2)] instance:[Jam-9]
t:[1493058554.67] event:[select_piece] piece:[b] move#:[13] move:[(1, 0, 2)] instance:[Jam-9]
t:[1493058555.92] event:[choose_move] piece:[b] move#:[13] move:[(1, 1, 2)] instance:[Jam-9]
t:[1493058556.9] event:[commit_move] piece:[b] move#:[13] move:[(1, 1, 2)] instance:[Jam-9]
t:[1493058559.05] event:[select_piece] piece:[c] move#:[14] move:[(2, 0, 2)] instance:[Jam-9]
t:[1493058560.32] event:[choose_move] piece:[c] move#:[14] move:[(1, 0, 2)] instance:[Jam-9]
t:[1493058561.17] event:[commit_move] piece:[c] move#:[14] move:[(1, 0, 2)] instance:[Jam-9]
t:[1493058562.9] event:[select_piece] piece:[M] move#:[15] move:[(4, 0, 2)] instance:[Jam-9]
t:[1493058563.96] event:[choose_move] piece:[M] move#:[15] move:[(3, 0, 2)] instance:[Jam-9]
t:[1493058564.94] event:[commit_move] piece:[M] move#:[15] move:[(3, 0, 2)] instance:[Jam-9]
t:[1493058566.36] event:[select_piece] piece:[g] move#:[16] move:[(4, 1, 2)] instance:[Jam-9]
t:[1493058568.17] event:[choose_move] piece:[g] move#:[16] move:[(3, 1, 2)] instance:[Jam-9]
t:[1493058568.98] event:[choose_move] piece:[g] move#:[16] move:[(2, 1, 2)] instance:[Jam-9]
t:[1493058569.76] event:[commit_move] piece:[g] move#:[16] move:[(2, 1, 2)] instance:[Jam-9]
t:[1493058570.74] event:[select_piece] piece:[l] move#:[17] move:[(5, 2, 2)] instance:[Jam-9]
t:[1493058571.88] event:[choose_move] piece:[l] move#:[17] move:[(5, 1, 2)] instance:[Jam-9]
t:[1493058572.24] event:[choose_move] piece:[l] move#:[17] move:[(5, 0, 2)] instance:[Jam-9]
t:[1493058573.14] event:[commit_move] piece:[l] move#:[17] move:[(5, 0, 2)] instance:[Jam-9]
t:[1493058574.36] event:[select_piece] piece:[r] move#:[18] move:[(3, 2, 2)] instance:[Jam-9]
t:[1493058575.39] event:[choose_move] piece:[r] move#:[18] move:[(4, 2, 2)] instance:[Jam-9]
t:[1493058575.39] event:[commit_move] piece:[r] move#:[18] move:[(4, 2, 2)] instance:[Jam-9]
t:[1493058575.39] event:[win] piece:[r] move#:[18] move:[(4, 2, 2)] instance:[Jam-9]
t:[1493058577.1] event:[start] piece:[None] move#:[0] move:[None] instance:[Jam-10]
t:[1493058581.6] event:[select_piece] piece:[M] move#:[0] move:[(4, 0, 2)] instance:[Jam-10]
t:[1493058582.8] event:[choose_move] piece:[M] move#:[0] move:[(3, 0, 2)] instance:[Jam-10]
t:[1493058583.82] event:[commit_move] piece:[M] move#:[0] move:[(3, 0, 2)] instance:[Jam-10]
t:[1493058586.07] event:[select_piece] piece:[y] move#:[1] move:[(5, 1, 3)] instance:[Jam-10]
t:[1493058587.03] event:[choose_move] piece:[y] move#:[1] move:[(5, 0, 3)] instance:[Jam-10]
t:[1493058587.97] event:[commit_move] piece:[y] move#:[1] move:[(5, 0, 3)] instance:[Jam-10]
t:[1493058590.68] event:[select_piece] piece:[r] move#:[2] move:[(1, 2, 2)] instance:[Jam-10]
t:[1493058591.79] event:[choose_move] piece:[r] move#:[2] move:[(2, 2, 2)] instance:[Jam-10]
t:[1493058592.15] event:[choose_move] piece:[r] move#:[2] move:[(3, 2, 2)] instance:[Jam-10]
t:[1493058592.94] event:[commit_move] piece:[r] move#:[2] move:[(3, 2, 2)] instance:[Jam-10]
t:[1493058604.57] event:[select_piece] piece:[w] move#:[3] move:[(1, 3, 3)] instance:[Jam-10]
t:[1493058607.76] event:[choose_move] piece:[w] move#:[3] move:[(2, 3, 3)] instance:[Jam-10]
t:[1493058608.33] event:[choose_move] piece:[w] move#:[3] move:[(3, 3, 3)] instance:[Jam-10]
t:[1493058609.28] event:[commit_move] piece:[w] move#:[3] move:[(3, 3, 3)] instance:[Jam-10]
t:[1493058613.4] event:[select_piece] piece:[w] move#:[4] move:[(3, 3, 3)] instance:[Jam-10]
t:[1493058614.55] event:[choose_move] piece:[w] move#:[4] move:[(2, 3, 3)] instance:[Jam-10]
t:[1493058614.85] event:[choose_move] piece:[w] move#:[4] move:[(1, 3, 3)] instance:[Jam-10]
t:[1493058615.11] event:[choose_move] piece:[w] move#:[4] move:[(1, 3, 3)] instance:[Jam-10]
t:[1493058615.67] event:[commit_move] piece:[w] move#:[4] move:[(1, 3, 3)] instance:[Jam-10]
t:[1493058616.73] event:[select_piece] piece:[r] move#:[5] move:[(3, 2, 2)] instance:[Jam-10]
t:[1493058617.47] event:[choose_move] piece:[r] move#:[5] move:[(2, 2, 2)] instance:[Jam-10]
t:[1493058617.7] event:[choose_move] piece:[r] move#:[5] move:[(1, 2, 2)] instance:[Jam-10]
t:[1493058617.93] event:[choose_move] piece:[r] move#:[5] move:[(1, 2, 2)] instance:[Jam-10]
t:[1493058618.52] event:[commit_move] piece:[r] move#:[5] move:[(1, 2, 2)] instance:[Jam-10]
t:[1493058626.44] event:[select_piece] piece:[w] move#:[6] move:[(1, 3, 3)] instance:[Jam-10]
t:[1493058627.47] event:[choose_move] piece:[w] move#:[6] move:[(2, 3, 3)] instance:[Jam-10]
t:[1493058627.87] event:[choose_move] piece:[w] move#:[6] move:[(3, 3, 3)] instance:[Jam-10]
t:[1493058629.11] event:[commit_move] piece:[w] move#:[6] move:[(3, 3, 3)] instance:[Jam-10]
t:[1493058637.08] event:[select_piece] piece:[r] move#:[7] move:[(1, 2, 2)] instance:[Jam-10]
t:[1493058638.06] event:[choose_move] piece:[r] move#:[7] move:[(2, 2, 2)] instance:[Jam-10]
t:[1493058638.33] event:[choose_move] piece:[r] move#:[7] move:[(3, 2, 2)] instance:[Jam-10]
t:[1493058639.11] event:[commit_move] piece:[r] move#:[7] move:[(3, 2, 2)] instance:[Jam-10]
t:[1493058640.33] event:[select_piece] piece:[w] move#:[8] move:[(3, 3, 3)] instance:[Jam-10]
t:[1493058642.79] event:[choose_move] piece:[w] move#:[8] move:[(2, 3, 3)] instance:[Jam-10]
t:[1493058643.06] event:[choose_move] piece:[w] move#:[8] move:[(1, 3, 3)] instance:[Jam-10]
t:[1493058643.35] event:[choose_move] piece:[w] move#:[8] move:[(1, 3, 3)] instance:[Jam-10]
t:[1493058643.91] event:[commit_move] piece:[w] move#:[8] move:[(1, 3, 3)] instance:[Jam-10]
t:[1493058646.48] event:[select_piece] piece:[y] move#:[9] move:[(5, 0, 3)] instance:[Jam-10]
t:[1493058647.73] event:[choose_move] piece:[y] move#:[9] move:[(5, 1, 3)] instance:[Jam-10]
t:[1493058650.28] event:[commit_move] piece:[y] move#:[9] move:[(5, 1, 3)] instance:[Jam-10]
t:[1493058655.57] event:[select_piece] piece:[c] move#:[10] move:[(2, 0, 2)] instance:[Jam-10]
t:[1493058660.6] event:[choose_move] piece:[c] move#:[10] move:[(2, 1, 2)] instance:[Jam-10]
t:[1493058661.55] event:[commit_move] piece:[c] move#:[10] move:[(2, 1, 2)] instance:[Jam-10]
t:[1493058662.92] event:[select_piece] piece:[M] move#:[11] move:[(3, 0, 2)] instance:[Jam-10]
t:[1493058663.87] event:[choose_move] piece:[M] move#:[11] move:[(2, 0, 2)] instance:[Jam-10]
t:[1493058664.82] event:[commit_move] piece:[M] move#:[11] move:[(2, 0, 2)] instance:[Jam-10]
t:[1493058670.89] event:[select_piece] piece:[y] move#:[12] move:[(5, 1, 3)] instance:[Jam-10]
t:[1493058671.94] event:[choose_move] piece:[y] move#:[12] move:[(5, 0, 3)] instance:[Jam-10]
t:[1493058673.04] event:[commit_move] piece:[y] move#:[12] move:[(5, 0, 3)] instance:[Jam-10]
t:[1493058676.48] event:[select_piece] piece:[w] move#:[13] move:[(1, 3, 3)] instance:[Jam-10]
t:[1493058678.2] event:[choose_move] piece:[w] move#:[13] move:[(2, 3, 3)] instance:[Jam-10]
t:[1493058679.0] event:[choose_move] piece:[w] move#:[13] move:[(3, 3, 3)] instance:[Jam-10]
t:[1493058682.58] event:[choose_move] piece:[w] move#:[13] move:[(2, 3, 3)] instance:[Jam-10]
t:[1493058684.13] event:[choose_move] piece:[w] move#:[13] move:[(3, 3, 3)] instance:[Jam-10]
t:[1493058684.97] event:[commit_move] piece:[w] move#:[13] move:[(3, 3, 3)] instance:[Jam-10]
t:[1493058686.72] event:[select_piece] piece:[c] move#:[14] move:[(2, 1, 2)] instance:[Jam-10]
t:[1493058687.78] event:[choose_move] piece:[c] move#:[14] move:[(2, 2, 2)] instance:[Jam-10]
t:[1493058688.03] event:[choose_move] piece:[c] move#:[14] move:[(2, 3, 2)] instance:[Jam-10]
t:[1493058688.28] event:[choose_move] piece:[c] move#:[14] move:[(2, 4, 2)] instance:[Jam-10]
t:[1493058688.95] event:[commit_move] piece:[c] move#:[14] move:[(2, 4, 2)] instance:[Jam-10]
t:[1493058690.79] event:[select_piece] piece:[w] move#:[15] move:[(3, 3, 3)] instance:[Jam-10]
t:[1493058691.87] event:[choose_move] piece:[w] move#:[15] move:[(2, 3, 3)] instance:[Jam-10]
t:[1493058692.32] event:[choose_move] piece:[w] move#:[15] move:[(1, 3, 3)] instance:[Jam-10]
t:[1493058692.99] event:[choose_move] piece:[w] move#:[15] move:[(1, 3, 3)] instance:[Jam-10]
t:[1493058693.69] event:[commit_move] piece:[w] move#:[15] move:[(1, 3, 3)] instance:[Jam-10]
t:[1493058698.32] event:[select_piece] piece:[r] move#:[16] move:[(3, 2, 2)] instance:[Jam-10]
t:[1493058699.91] event:[choose_move] piece:[r] move#:[16] move:[(2, 2, 2)] instance:[Jam-10]
t:[1493058700.14] event:[choose_move] piece:[r] move#:[16] move:[(1, 2, 2)] instance:[Jam-10]
t:[1493058701.11] event:[commit_move] piece:[r] move#:[16] move:[(1, 2, 2)] instance:[Jam-10]
t:[1493058702.44] event:[select_piece] piece:[w] move#:[17] move:[(1, 3, 3)] instance:[Jam-10]
t:[1493058703.19] event:[choose_move] piece:[w] move#:[17] move:[(2, 3, 3)] instance:[Jam-10]
t:[1493058703.41] event:[choose_move] piece:[w] move#:[17] move:[(3, 3, 3)] instance:[Jam-10]
t:[1493058703.64] event:[choose_move] piece:[w] move#:[17] move:[(3, 3, 3)] instance:[Jam-10]
t:[1493058705.64] event:[choose_move] piece:[w] move#:[17] move:[(2, 3, 3)] instance:[Jam-10]
t:[1493058705.94] event:[choose_move] piece:[w] move#:[17] move:[(1, 3, 3)] instance:[Jam-10]
t:[1493058706.29] event:[choose_move] piece:[w] move#:[17] move:[(1, 3, 3)] instance:[Jam-10]
t:[1493058709.29] event:[select_piece] piece:[y] move#:[17] move:[(5, 0, 3)] instance:[Jam-10]
t:[1493058710.93] event:[choose_move] piece:[y] move#:[17] move:[(5, 1, 3)] instance:[Jam-10]
t:[1493058712.21] event:[commit_move] piece:[y] move#:[17] move:[(5, 1, 3)] instance:[Jam-10]
t:[1493058719.93] event:[select_piece] piece:[y] move#:[18] move:[(5, 1, 3)] instance:[Jam-10]
t:[1493058721.12] event:[choose_move] piece:[y] move#:[18] move:[(5, 0, 3)] instance:[Jam-10]
t:[1493058723.09] event:[commit_move] piece:[y] move#:[18] move:[(5, 0, 3)] instance:[Jam-10]
t:[1493058724.54] event:[select_piece] piece:[w] move#:[19] move:[(1, 3, 3)] instance:[Jam-10]
t:[1493058725.39] event:[choose_move] piece:[w] move#:[19] move:[(2, 3, 3)] instance:[Jam-10]
t:[1493058725.7] event:[choose_move] piece:[w] move#:[19] move:[(3, 3, 3)] instance:[Jam-10]
t:[1493058728.04] event:[commit_move] piece:[w] move#:[19] move:[(3, 3, 3)] instance:[Jam-10]
t:[1493058733.71] event:[select_piece] piece:[r] move#:[20] move:[(1, 2, 2)] instance:[Jam-10]
t:[1493058734.62] event:[choose_move] piece:[r] move#:[20] move:[(2, 2, 2)] instance:[Jam-10]
t:[1493058734.84] event:[choose_move] piece:[r] move#:[20] move:[(3, 2, 2)] instance:[Jam-10]
t:[1493058735.66] event:[commit_move] piece:[r] move#:[20] move:[(3, 2, 2)] instance:[Jam-10]
t:[1493058736.76] event:[select_piece] piece:[c] move#:[21] move:[(2, 4, 2)] instance:[Jam-10]
t:[1493058737.91] event:[choose_move] piece:[c] move#:[21] move:[(2, 3, 2)] instance:[Jam-10]
t:[1493058738.09] event:[choose_move] piece:[c] move#:[21] move:[(2, 2, 2)] instance:[Jam-10]
t:[1493058738.33] event:[choose_move] piece:[c] move#:[21] move:[(2, 1, 2)] instance:[Jam-10]
t:[1493058739.28] event:[commit_move] piece:[c] move#:[21] move:[(2, 1, 2)] instance:[Jam-10]
t:[1493058743.38] event:[select_piece] piece:[w] move#:[22] move:[(3, 3, 3)] instance:[Jam-10]
t:[1493058745.76] event:[choose_move] piece:[w] move#:[22] move:[(2, 3, 3)] instance:[Jam-10]
t:[1493058746.05] event:[choose_move] piece:[w] move#:[22] move:[(1, 3, 3)] instance:[Jam-10]
t:[1493058746.33] event:[choose_move] piece:[w] move#:[22] move:[(1, 3, 3)] instance:[Jam-10]
t:[1493058747.0] event:[commit_move] piece:[w] move#:[22] move:[(1, 3, 3)] instance:[Jam-10]
t:[1493058764.07] event:[select_piece] piece:[w] move#:[23] move:[(1, 3, 3)] instance:[Jam-10]
t:[1493058764.87] event:[choose_move] piece:[w] move#:[23] move:[(2, 3, 3)] instance:[Jam-10]
t:[1493058765.14] event:[choose_move] piece:[w] move#:[23] move:[(3, 3, 3)] instance:[Jam-10]
t:[1493058766.17] event:[commit_move] piece:[w] move#:[23] move:[(3, 3, 3)] instance:[Jam-10]
t:[1493058767.09] event:[select_piece] piece:[g] move#:[24] move:[(3, 4, 2)] instance:[Jam-10]
t:[1493058771.46] event:[choose_move] piece:[g] move#:[24] move:[(3, 4, 2)] instance:[Jam-10]
t:[1493058772.04] event:[choose_move] piece:[g] move#:[24] move:[(3, 4, 2)] instance:[Jam-10]
t:[1493058774.01] event:[choose_move] piece:[g] move#:[24] move:[(3, 4, 2)] instance:[Jam-10]
t:[1493058782.4] event:[select_piece] piece:[c] move#:[24] move:[(2, 1, 2)] instance:[Jam-10]
t:[1493058783.53] event:[choose_move] piece:[c] move#:[24] move:[(2, 2, 2)] instance:[Jam-10]
t:[1493058783.78] event:[choose_move] piece:[c] move#:[24] move:[(2, 3, 2)] instance:[Jam-10]
t:[1493058784.33] event:[choose_move] piece:[c] move#:[24] move:[(2, 4, 2)] instance:[Jam-10]
t:[1493058785.42] event:[commit_move] piece:[c] move#:[24] move:[(2, 4, 2)] instance:[Jam-10]
t:[1493058786.73] event:[select_piece] piece:[r] move#:[25] move:[(3, 2, 2)] instance:[Jam-10]
t:[1493058787.73] event:[choose_move] piece:[r] move#:[25] move:[(2, 2, 2)] instance:[Jam-10]
t:[1493058787.97] event:[choose_move] piece:[r] move#:[25] move:[(1, 2, 2)] instance:[Jam-10]
t:[1493058788.8] event:[commit_move] piece:[r] move#:[25] move:[(1, 2, 2)] instance:[Jam-10]
t:[1493058789.75] event:[select_piece] piece:[w] move#:[26] move:[(3, 3, 3)] instance:[Jam-10]
t:[1493058790.67] event:[choose_move] piece:[w] move#:[26] move:[(2, 3, 3)] instance:[Jam-10]
t:[1493058790.87] event:[choose_move] piece:[w] move#:[26] move:[(1, 3, 3)] instance:[Jam-10]
t:[1493058791.08] event:[choose_move] piece:[w] move#:[26] move:[(1, 3, 3)] instance:[Jam-10]
t:[1493058791.7] event:[commit_move] piece:[w] move#:[26] move:[(1, 3, 3)] instance:[Jam-10]
t:[1493058805.59] event:[surrender] piece:[None] move#:[27] move:[None] instance:[Jam-10]
t:[1493058805.97] event:[start] piece:[None] move#:[0] move:[None] instance:[Jam-11]
t:[1493058814.03] event:[select_piece] piece:[B] move#:[0] move:[(0, 0, 3)] instance:[Jam-11]
t:[1493058818.06] event:[choose_move] piece:[B] move#:[0] move:[(0, 1, 3)] instance:[Jam-11]
t:[1493058818.42] event:[choose_move] piece:[B] move#:[0] move:[(0, 2, 3)] instance:[Jam-11]
t:[1493058818.87] event:[choose_move] piece:[B] move#:[0] move:[(0, 3, 3)] instance:[Jam-11]
t:[1493058820.0] event:[commit_move] piece:[B] move#:[0] move:[(0, 3, 3)] instance:[Jam-11]
t:[1493058826.4] event:[select_piece] piece:[b] move#:[1] move:[(1, 0, 2)] instance:[Jam-11]
t:[1493058827.5] event:[choose_move] piece:[b] move#:[1] move:[(0, 0, 2)] instance:[Jam-11]
t:[1493058827.77] event:[choose_move] piece:[b] move#:[1] move:[(0, 0, 2)] instance:[Jam-11]
t:[1493058828.5] event:[commit_move] piece:[b] move#:[1] move:[(0, 0, 2)] instance:[Jam-11]
t:[1493058829.55] event:[select_piece] piece:[r] move#:[2] move:[(1, 2, 2)] instance:[Jam-11]
t:[1493058831.42] event:[choose_move] piece:[r] move#:[2] move:[(0, 2, 2)] instance:[Jam-11]
t:[1493058832.52] event:[commit_move] piece:[r] move#:[2] move:[(0, 2, 2)] instance:[Jam-11]
t:[1493058833.49] event:[select_piece] piece:[y] move#:[3] move:[(2, 3, 2)] instance:[Jam-11]
t:[1493058835.31] event:[choose_move] piece:[y] move#:[3] move:[(2, 2, 2)] instance:[Jam-11]
t:[1493058836.19] event:[choose_move] piece:[y] move#:[3] move:[(2, 1, 2)] instance:[Jam-11]
t:[1493058836.62] event:[choose_move] piece:[y] move#:[3] move:[(2, 0, 2)] instance:[Jam-11]
t:[1493058838.18] event:[commit_move] piece:[y] move#:[3] move:[(2, 0, 2)] instance:[Jam-11]
t:[1493058839.69] event:[select_piece] piece:[w] move#:[4] move:[(3, 3, 3)] instance:[Jam-11]
t:[1493058840.73] event:[choose_move] piece:[w] move#:[4] move:[(2, 3, 3)] instance:[Jam-11]
t:[1493058841.03] event:[choose_move] piece:[w] move#:[4] move:[(1, 3, 3)] instance:[Jam-11]
t:[1493058841.99] event:[commit_move] piece:[w] move#:[4] move:[(1, 3, 3)] instance:[Jam-11]
t:[1493058843.26] event:[select_piece] piece:[c] move#:[5] move:[(5, 4, 2)] instance:[Jam-11]
t:[1493058844.41] event:[choose_move] piece:[c] move#:[5] move:[(5, 3, 2)] instance:[Jam-11]
t:[1493058844.7] event:[choose_move] piece:[c] move#:[5] move:[(5, 2, 2)] instance:[Jam-11]
t:[1493058844.98] event:[choose_move] piece:[c] move#:[5] move:[(5, 1, 2)] instance:[Jam-11]
t:[1493058845.25] event:[choose_move] piece:[c] move#:[5] move:[(5, 0, 2)] instance:[Jam-11]
t:[1493058845.5] event:[choose_move] piece:[c] move#:[5] move:[(5, 0, 2)] instance:[Jam-11]
t:[1493058846.01] event:[commit_move] piece:[c] move#:[5] move:[(5, 0, 2)] instance:[Jam-11]
t:[1493058848.25] event:[select_piece] piece:[l] move#:[6] move:[(2, 5, 3)] instance:[Jam-11]
t:[1493058849.11] event:[choose_move] piece:[l] move#:[6] move:[(1, 5, 3)] instance:[Jam-11]
t:[1493058849.95] event:[commit_move] piece:[l] move#:[6] move:[(1, 5, 3)] instance:[Jam-11]
t:[1493058854.0] event:[select_piece] piece:[w] move#:[7] move:[(1, 3, 3)] instance:[Jam-11]
t:[1493058854.92] event:[choose_move] piece:[w] move#:[7] move:[(2, 3, 3)] instance:[Jam-11]
t:[1493058855.17] event:[choose_move] piece:[w] move#:[7] move:[(3, 3, 3)] instance:[Jam-11]
t:[1493058866.07] event:[commit_move] piece:[w] move#:[7] move:[(3, 3, 3)] instance:[Jam-11]
t:[1493058867.17] event:[select_piece] piece:[r] move#:[8] move:[(0, 2, 2)] instance:[Jam-11]
t:[1493058868.22] event:[choose_move] piece:[r] move#:[8] move:[(1, 2, 2)] instance:[Jam-11]
t:[1493058868.49] event:[choose_move] piece:[r] move#:[8] move:[(1, 2, 2)] instance:[Jam-11]
t:[1493058869.31] event:[commit_move] piece:[r] move#:[8] move:[(1, 2, 2)] instance:[Jam-11]
t:[1493058870.31] event:[select_piece] piece:[B] move#:[9] move:[(0, 3, 3)] instance:[Jam-11]
t:[1493058871.96] event:[choose_move] piece:[B] move#:[9] move:[(0, 2, 3)] instance:[Jam-11]
t:[1493058872.19] event:[choose_move] piece:[B] move#:[9] move:[(0, 1, 3)] instance:[Jam-11]
t:[1493058873.11] event:[commit_move] piece:[B] move#:[9] move:[(0, 1, 3)] instance:[Jam-11]
t:[1493058880.33] event:[select_piece] piece:[l] move#:[10] move:[(1, 5, 3)] instance:[Jam-11]
t:[1493058881.41] event:[choose_move] piece:[l] move#:[10] move:[(0, 5, 3)] instance:[Jam-11]
t:[1493058882.4] event:[commit_move] piece:[l] move#:[10] move:[(0, 5, 3)] instance:[Jam-11]
t:[1493058884.33] event:[select_piece] piece:[w] move#:[11] move:[(3, 3, 3)] instance:[Jam-11]
t:[1493058885.37] event:[choose_move] piece:[w] move#:[11] move:[(2, 3, 3)] instance:[Jam-11]
t:[1493058885.65] event:[choose_move] piece:[w] move#:[11] move:[(1, 3, 3)] instance:[Jam-11]
t:[1493058887.02] event:[commit_move] piece:[w] move#:[11] move:[(1, 3, 3)] instance:[Jam-11]
t:[1493058889.6] event:[select_piece] piece:[M] move#:[12] move:[(3, 0, 3)] instance:[Jam-11]
t:[1493058903.44] event:[select_piece] piece:[c] move#:[12] move:[(5, 0, 2)] instance:[Jam-11]
t:[1493058904.93] event:[choose_move] piece:[c] move#:[12] move:[(5, 1, 2)] instance:[Jam-11]
t:[1493058905.29] event:[choose_move] piece:[c] move#:[12] move:[(5, 2, 2)] instance:[Jam-11]
t:[1493058905.54] event:[choose_move] piece:[c] move#:[12] move:[(5, 3, 2)] instance:[Jam-11]
t:[1493058905.83] event:[choose_move] piece:[c] move#:[12] move:[(5, 4, 2)] instance:[Jam-11]
t:[1493058907.06] event:[commit_move] piece:[c] move#:[12] move:[(5, 4, 2)] instance:[Jam-11]
t:[1493058909.16] event:[select_piece] piece:[w] move#:[13] move:[(1, 3, 3)] instance:[Jam-11]
t:[1493058910.21] event:[choose_move] piece:[w] move#:[13] move:[(2, 3, 3)] instance:[Jam-11]
t:[1493058910.51] event:[choose_move] piece:[w] move#:[13] move:[(3, 3, 3)] instance:[Jam-11]
t:[1493058912.46] event:[commit_move] piece:[w] move#:[13] move:[(3, 3, 3)] instance:[Jam-11]
t:[1493058937.89] event:[select_piece] piece:[w] move#:[14] move:[(3, 3, 3)] instance:[Jam-11]
t:[1493058939.23] event:[choose_move] piece:[w] move#:[14] move:[(2, 3, 3)] instance:[Jam-11]
t:[1493058939.56] event:[choose_move] piece:[w] move#:[14] move:[(1, 3, 3)] instance:[Jam-11]
t:[1493058940.81] event:[commit_move] piece:[w] move#:[14] move:[(1, 3, 3)] instance:[Jam-11]
t:[1493058944.81] event:[select_piece] piece:[M] move#:[15] move:[(3, 0, 3)] instance:[Jam-11]
t:[1493058953.18] event:[surrender] piece:[None] move#:[15] move:[None] instance:[Jam-11]
