t:[1489788209.37] event:[start] piece:[None] move#:[0] move:[None] instance:[Jam-1]
t:[1489788219.62] event:[select_piece] piece:[l] move#:[0] move:[(3, 1, 3)] instance:[Jam-1]
t:[1489788220.96] event:[choose_move] piece:[l] move#:[0] move:[(3, 2, 3)] instance:[Jam-1]
t:[1489788224.32] event:[commit_move] piece:[l] move#:[0] move:[(3, 2, 3)] instance:[Jam-1]
t:[1489788225.4] event:[select_piece] piece:[M] move#:[1] move:[(5, 0, 3)] instance:[Jam-1]
t:[1489788226.45] event:[choose_move] piece:[M] move#:[1] move:[(5, 1, 3)] instance:[Jam-1]
t:[1489788227.47] event:[commit_move] piece:[M] move#:[1] move:[(5, 1, 3)] instance:[Jam-1]
t:[1489788244.84] event:[select_piece] piece:[B] move#:[2] move:[(2, 5, 3)] instance:[Jam-1]
t:[1489788245.8] event:[choose_move] piece:[B] move#:[2] move:[(1, 5, 3)] instance:[Jam-1]
t:[1489788255.75] event:[commit_move] piece:[B] move#:[2] move:[(1, 5, 3)] instance:[Jam-1]
t:[1489788257.22] event:[select_piece] piece:[w] move#:[3] move:[(0, 0, 2)] instance:[Jam-1]
t:[1489788258.08] event:[choose_move] piece:[w] move#:[3] move:[(1, 0, 2)] instance:[Jam-1]
t:[1489788258.99] event:[commit_move] piece:[w] move#:[3] move:[(1, 0, 2)] instance:[Jam-1]
t:[1489788259.85] event:[select_piece] piece:[b] move#:[4] move:[(0, 1, 3)] instance:[Jam-1]
t:[1489788260.77] event:[choose_move] piece:[b] move#:[4] move:[(0, 0, 3)] instance:[Jam-1]
t:[1489788261.49] event:[commit_move] piece:[b] move#:[4] move:[(0, 0, 3)] instance:[Jam-1]
t:[1489788262.65] event:[select_piece] piece:[y] move#:[5] move:[(0, 4, 2)] instance:[Jam-1]
t:[1489788263.32] event:[choose_move] piece:[y] move#:[5] move:[(0, 3, 2)] instance:[Jam-1]
t:[1489788264.1] event:[commit_move] piece:[y] move#:[5] move:[(0, 3, 2)] instance:[Jam-1]
t:[1489788265.21] event:[select_piece] piece:[B] move#:[6] move:[(1, 5, 3)] instance:[Jam-1]
t:[1489788265.81] event:[choose_move] piece:[B] move#:[6] move:[(0, 5, 3)] instance:[Jam-1]
t:[1489788266.77] event:[commit_move] piece:[B] move#:[6] move:[(0, 5, 3)] instance:[Jam-1]
t:[1489788267.87] event:[select_piece] piece:[l] move#:[7] move:[(3, 2, 3)] instance:[Jam-1]
t:[1489788268.54] event:[choose_move] piece:[l] move#:[7] move:[(3, 3, 3)] instance:[Jam-1]
t:[1489788273.96] event:[choose_move] piece:[l] move#:[7] move:[(3, 2, 3)] instance:[Jam-1]
t:[1489788274.31] event:[choose_move] piece:[l] move#:[7] move:[(3, 1, 3)] instance:[Jam-1]
t:[1489788275.43] event:[commit_move] piece:[l] move#:[7] move:[(3, 1, 3)] instance:[Jam-1]
t:[1489788276.48] event:[select_piece] piece:[c] move#:[8] move:[(4, 4, 2)] instance:[Jam-1]
t:[1489788277.35] event:[choose_move] piece:[c] move#:[8] move:[(3, 4, 2)] instance:[Jam-1]
t:[1489788277.73] event:[choose_move] piece:[c] move#:[8] move:[(2, 4, 2)] instance:[Jam-1]
t:[1489788278.11] event:[choose_move] piece:[c] move#:[8] move:[(1, 4, 2)] instance:[Jam-1]
t:[1489788280.45] event:[commit_move] piece:[c] move#:[8] move:[(1, 4, 2)] instance:[Jam-1]
t:[1489788281.21] event:[select_piece] piece:[l] move#:[9] move:[(3, 1, 3)] instance:[Jam-1]
t:[1489788281.8] event:[choose_move] piece:[l] move#:[9] move:[(3, 2, 3)] instance:[Jam-1]
t:[1489788282.1] event:[choose_move] piece:[l] move#:[9] move:[(3, 3, 3)] instance:[Jam-1]
t:[1489788283.2] event:[commit_move] piece:[l] move#:[9] move:[(3, 3, 3)] instance:[Jam-1]
t:[1489788284.06] event:[select_piece] piece:[M] move#:[10] move:[(5, 1, 3)] instance:[Jam-1]
t:[1489788284.67] event:[choose_move] piece:[M] move#:[10] move:[(5, 2, 3)] instance:[Jam-1]
t:[1489788284.93] event:[choose_move] piece:[M] move#:[10] move:[(5, 3, 3)] instance:[Jam-1]
t:[1489788285.58] event:[commit_move] piece:[M] move#:[10] move:[(5, 3, 3)] instance:[Jam-1]
t:[1489788286.95] event:[select_piece] piece:[r] move#:[11] move:[(1, 2, 2)] instance:[Jam-1]
t:[1489788287.53] event:[choose_move] piece:[r] move#:[11] move:[(2, 2, 2)] instance:[Jam-1]
t:[1489788287.75] event:[choose_move] piece:[r] move#:[11] move:[(3, 2, 2)] instance:[Jam-1]
t:[1489788287.93] event:[choose_move] piece:[r] move#:[11] move:[(4, 2, 2)] instance:[Jam-1]
t:[1489788287.93] event:[win] piece:[r] move#:[11] move:[(4, 2, 2)] instance:[Jam-1]
t:[1489788288.01] event:[win] piece:[r] move#:[11] move:[(4, 2, 2)] instance:[Jam-1]
t:[1489788292.38] event:[start] piece:[None] move#:[0] move:[None] instance:[Jam-2]
t:[1489788315.35] event:[select_piece] piece:[g] move#:[0] move:[(4, 4, 2)] instance:[Jam-2]
t:[1489788316.4] event:[choose_move] piece:[g] move#:[0] move:[(3, 4, 2)] instance:[Jam-2]
t:[1489788316.78] event:[commit_move] piece:[g] move#:[0] move:[(3, 4, 2)] instance:[Jam-2]
t:[1489788317.68] event:[select_piece] piece:[o] move#:[1] move:[(5, 1, 3)] instance:[Jam-2]
t:[1489788318.36] event:[choose_move] piece:[o] move#:[1] move:[(5, 2, 3)] instance:[Jam-2]
t:[1489788318.78] event:[choose_move] piece:[o] move#:[1] move:[(5, 3, 3)] instance:[Jam-2]
t:[1489788319.85] event:[commit_move] piece:[o] move#:[1] move:[(5, 3, 3)] instance:[Jam-2]
t:[1489788327.8] event:[select_piece] piece:[y] move#:[2] move:[(3, 0, 3)] instance:[Jam-2]
t:[1489788328.47] event:[choose_move] piece:[y] move#:[2] move:[(2, 0, 3)] instance:[Jam-2]
t:[1489788328.8] event:[choose_move] piece:[y] move#:[2] move:[(1, 0, 3)] instance:[Jam-2]
t:[1489788331.37] event:[choose_move] piece:[y] move#:[2] move:[(1, 0, 3)] instance:[Jam-2]
t:[1489788332.01] event:[commit_move] piece:[y] move#:[2] move:[(1, 0, 3)] instance:[Jam-2]
t:[1489788333.05] event:[select_piece] piece:[M] move#:[3] move:[(4, 2, 2)] instance:[Jam-2]
t:[1489788333.74] event:[choose_move] piece:[M] move#:[3] move:[(4, 1, 2)] instance:[Jam-2]
t:[1489788334.14] event:[choose_move] piece:[M] move#:[3] move:[(4, 0, 2)] instance:[Jam-2]
t:[1489788334.77] event:[commit_move] piece:[M] move#:[3] move:[(4, 0, 2)] instance:[Jam-2]
t:[1489788335.91] event:[select_piece] piece:[c] move#:[4] move:[(3, 1, 2)] instance:[Jam-2]
t:[1489788336.51] event:[choose_move] piece:[c] move#:[4] move:[(3, 2, 2)] instance:[Jam-2]
t:[1489788354.98] event:[choose_move] piece:[c] move#:[4] move:[(3, 1, 2)] instance:[Jam-2]
t:[1489788356.97] event:[select_piece] piece:[w] move#:[4] move:[(0, 3, 3)] instance:[Jam-2]
t:[1489788357.62] event:[choose_move] piece:[w] move#:[4] move:[(1, 3, 3)] instance:[Jam-2]
t:[1489788357.99] event:[choose_move] piece:[w] move#:[4] move:[(2, 3, 3)] instance:[Jam-2]
t:[1489788363.69] event:[commit_move] piece:[w] move#:[4] move:[(2, 3, 3)] instance:[Jam-2]
t:[1489788364.34] event:[select_piece] piece:[r] move#:[5] move:[(0, 2, 2)] instance:[Jam-2]
t:[1489788364.87] event:[choose_move] piece:[r] move#:[5] move:[(1, 2, 2)] instance:[Jam-2]
t:[1489788366.16] event:[commit_move] piece:[r] move#:[5] move:[(1, 2, 2)] instance:[Jam-2]
t:[1489788367.14] event:[select_piece] piece:[b] move#:[6] move:[(0, 0, 2)] instance:[Jam-2]
t:[1489788367.86] event:[choose_move] piece:[b] move#:[6] move:[(0, 1, 2)] instance:[Jam-2]
t:[1489788368.24] event:[choose_move] piece:[b] move#:[6] move:[(0, 2, 2)] instance:[Jam-2]
t:[1489788368.61] event:[choose_move] piece:[b] move#:[6] move:[(0, 3, 2)] instance:[Jam-2]
t:[1489788369.72] event:[commit_move] piece:[b] move#:[6] move:[(0, 3, 2)] instance:[Jam-2]
t:[1489788370.84] event:[select_piece] piece:[y] move#:[7] move:[(1, 0, 3)] instance:[Jam-2]
t:[1489788371.53] event:[choose_move] piece:[y] move#:[7] move:[(0, 0, 3)] instance:[Jam-2]
t:[1489788371.91] event:[choose_move] piece:[y] move#:[7] move:[(0, 0, 3)] instance:[Jam-2]
t:[1489788373.43] event:[commit_move] piece:[y] move#:[7] move:[(0, 0, 3)] instance:[Jam-2]
t:[1489788374.59] event:[select_piece] piece:[c] move#:[8] move:[(3, 1, 2)] instance:[Jam-2]
t:[1489788375.28] event:[choose_move] piece:[c] move#:[8] move:[(3, 0, 2)] instance:[Jam-2]
t:[1489788376.39] event:[commit_move] piece:[c] move#:[8] move:[(3, 0, 2)] instance:[Jam-2]
t:[1489788377.44] event:[select_piece] piece:[r] move#:[9] move:[(1, 2, 2)] instance:[Jam-2]
t:[1489788378.04] event:[choose_move] piece:[r] move#:[9] move:[(2, 2, 2)] instance:[Jam-2]
t:[1489788378.26] event:[choose_move] piece:[r] move#:[9] move:[(3, 2, 2)] instance:[Jam-2]
t:[1489788378.5] event:[choose_move] piece:[r] move#:[9] move:[(4, 2, 2)] instance:[Jam-2]
t:[1489788378.5] event:[win] piece:[r] move#:[9] move:[(4, 2, 2)] instance:[Jam-2]
t:[1489788378.57] event:[win] piece:[r] move#:[9] move:[(4, 2, 2)] instance:[Jam-2]
t:[1489788381.34] event:[start] piece:[None] move#:[0] move:[None] instance:[Jam-3]
t:[1489788384.33] event:[select_piece] piece:[w] move#:[0] move:[(3, 2, 3)] instance:[Jam-3]
t:[1489788396.94] event:[select_piece] piece:[r] move#:[0] move:[(1, 2, 2)] instance:[Jam-3]
t:[1489788404.54] event:[select_piece] piece:[b] move#:[0] move:[(1, 3, 2)] instance:[Jam-3]
t:[1489788405.13] event:[choose_move] piece:[b] move#:[0] move:[(0, 3, 2)] instance:[Jam-3]
t:[1489788407.39] event:[choose_move] piece:[b] move#:[0] move:[(1, 3, 2)] instance:[Jam-3]
t:[1489788408.78] event:[select_piece] piece:[w] move#:[0] move:[(3, 2, 3)] instance:[Jam-3]
t:[1489788409.38] event:[choose_move] piece:[w] move#:[0] move:[(3, 1, 3)] instance:[Jam-3]
t:[1489788417.83] event:[choose_move] piece:[w] move#:[0] move:[(3, 0, 3)] instance:[Jam-3]
t:[1489788418.58] event:[commit_move] piece:[w] move#:[0] move:[(3, 0, 3)] instance:[Jam-3]
t:[1489788422.87] event:[select_piece] piece:[b] move#:[1] move:[(1, 3, 2)] instance:[Jam-3]
t:[1489788427.1] event:[choose_move] piece:[b] move#:[1] move:[(2, 3, 2)] instance:[Jam-3]
t:[1489788427.55] event:[choose_move] piece:[b] move#:[1] move:[(3, 3, 2)] instance:[Jam-3]
t:[1489788429.35] event:[commit_move] piece:[b] move#:[1] move:[(3, 3, 2)] instance:[Jam-3]
t:[1489788430.27] event:[select_piece] piece:[l] move#:[2] move:[(1, 4, 2)] instance:[Jam-3]
t:[1489788433.7] event:[choose_move] piece:[l] move#:[2] move:[(1, 3, 2)] instance:[Jam-3]
t:[1489788436.99] event:[commit_move] piece:[l] move#:[2] move:[(1, 3, 2)] instance:[Jam-3]
t:[1489788438.26] event:[select_piece] piece:[B] move#:[3] move:[(2, 5, 2)] instance:[Jam-3]
t:[1489788438.91] event:[choose_move] piece:[B] move#:[3] move:[(1, 5, 2)] instance:[Jam-3]
t:[1489788439.27] event:[choose_move] piece:[B] move#:[3] move:[(0, 5, 2)] instance:[Jam-3]
t:[1489788440.73] event:[commit_move] piece:[B] move#:[3] move:[(0, 5, 2)] instance:[Jam-3]
t:[1489788451.05] event:[select_piece] piece:[r] move#:[4] move:[(1, 2, 2)] instance:[Jam-3]
t:[1489788464.29] event:[select_piece] piece:[y] move#:[4] move:[(5, 3, 3)] instance:[Jam-3]
t:[1489788464.92] event:[choose_move] piece:[y] move#:[4] move:[(5, 2, 3)] instance:[Jam-3]
t:[1489788465.29] event:[choose_move] piece:[y] move#:[4] move:[(5, 1, 3)] instance:[Jam-3]
t:[1489788465.72] event:[choose_move] piece:[y] move#:[4] move:[(5, 0, 3)] instance:[Jam-3]
t:[1489788466.44] event:[commit_move] piece:[y] move#:[4] move:[(5, 0, 3)] instance:[Jam-3]
t:[1489788468.47] event:[select_piece] piece:[b] move#:[5] move:[(3, 3, 2)] instance:[Jam-3]
t:[1489788469.12] event:[choose_move] piece:[b] move#:[5] move:[(4, 3, 2)] instance:[Jam-3]
t:[1489788469.62] event:[commit_move] piece:[b] move#:[5] move:[(4, 3, 2)] instance:[Jam-3]
t:[1489788470.44] event:[select_piece] piece:[w] move#:[6] move:[(3, 0, 3)] instance:[Jam-3]
t:[1489788471.17] event:[choose_move] piece:[w] move#:[6] move:[(3, 1, 3)] instance:[Jam-3]
t:[1489788471.61] event:[choose_move] piece:[w] move#:[6] move:[(3, 2, 3)] instance:[Jam-3]
t:[1489788472.08] event:[choose_move] piece:[w] move#:[6] move:[(3, 3, 3)] instance:[Jam-3]
t:[1489788477.83] event:[commit_move] piece:[w] move#:[6] move:[(3, 3, 3)] instance:[Jam-3]
t:[1489788480.58] event:[select_piece] piece:[r] move#:[7] move:[(1, 2, 2)] instance:[Jam-3]
t:[1489788483.25] event:[choose_move] piece:[r] move#:[7] move:[(2, 2, 2)] instance:[Jam-3]
t:[1489788504.48] event:[choose_move] piece:[r] move#:[7] move:[(1, 2, 2)] instance:[Jam-3]
t:[1489788504.87] event:[choose_move] piece:[r] move#:[7] move:[(0, 2, 2)] instance:[Jam-3]
t:[1489788505.32] event:[commit_move] piece:[r] move#:[7] move:[(0, 2, 2)] instance:[Jam-3]
t:[1489788546.08] event:[select_piece] piece:[w] move#:[8] move:[(3, 3, 3)] instance:[Jam-3]
t:[1489788547.2] event:[choose_move] piece:[w] move#:[8] move:[(3, 2, 3)] instance:[Jam-3]
t:[1489788547.43] event:[choose_move] piece:[w] move#:[8] move:[(3, 1, 3)] instance:[Jam-3]
t:[1489788547.66] event:[choose_move] piece:[w] move#:[8] move:[(3, 0, 3)] instance:[Jam-3]
t:[1489788548.93] event:[commit_move] piece:[w] move#:[8] move:[(3, 0, 3)] instance:[Jam-3]
t:[1489788549.61] event:[select_piece] piece:[b] move#:[9] move:[(4, 3, 2)] instance:[Jam-3]
t:[1489788550.21] event:[choose_move] piece:[b] move#:[9] move:[(3, 3, 2)] instance:[Jam-3]
t:[1489788550.55] event:[choose_move] piece:[b] move#:[9] move:[(2, 3, 2)] instance:[Jam-3]
t:[1489788551.28] event:[commit_move] piece:[b] move#:[9] move:[(2, 3, 2)] instance:[Jam-3]
t:[1489788552.26] event:[select_piece] piece:[y] move#:[10] move:[(5, 0, 3)] instance:[Jam-3]
t:[1489788553.01] event:[choose_move] piece:[y] move#:[10] move:[(5, 1, 3)] instance:[Jam-3]
t:[1489788553.35] event:[choose_move] piece:[y] move#:[10] move:[(5, 2, 3)] instance:[Jam-3]
t:[1489788553.58] event:[choose_move] piece:[y] move#:[10] move:[(5, 3, 3)] instance:[Jam-3]
t:[1489788554.75] event:[commit_move] piece:[y] move#:[10] move:[(5, 3, 3)] instance:[Jam-3]
t:[1489788586.9] event:[select_piece] piece:[B] move#:[11] move:[(0, 5, 2)] instance:[Jam-3]
t:[1489788588.15] event:[choose_move] piece:[B] move#:[11] move:[(1, 5, 2)] instance:[Jam-3]
t:[1489788588.38] event:[choose_move] piece:[B] move#:[11] move:[(2, 5, 2)] instance:[Jam-3]
t:[1489788591.02] event:[choose_move] piece:[B] move#:[11] move:[(3, 5, 2)] instance:[Jam-3]
t:[1489788592.1] event:[commit_move] piece:[B] move#:[11] move:[(3, 5, 2)] instance:[Jam-3]
t:[1489788592.83] event:[select_piece] piece:[l] move#:[12] move:[(1, 3, 2)] instance:[Jam-3]
t:[1489788593.72] event:[choose_move] piece:[l] move#:[12] move:[(1, 4, 2)] instance:[Jam-3]
t:[1489788595.04] event:[commit_move] piece:[l] move#:[12] move:[(1, 4, 2)] instance:[Jam-3]
t:[1489788595.92] event:[select_piece] piece:[b] move#:[13] move:[(2, 3, 2)] instance:[Jam-3]
t:[1489788596.52] event:[choose_move] piece:[b] move#:[13] move:[(1, 3, 2)] instance:[Jam-3]
t:[1489788596.89] event:[choose_move] piece:[b] move#:[13] move:[(0, 3, 2)] instance:[Jam-3]
t:[1489788604.81] event:[commit_move] piece:[b] move#:[13] move:[(0, 3, 2)] instance:[Jam-3]
t:[1489788606.14] event:[select_piece] piece:[w] move#:[14] move:[(3, 0, 3)] instance:[Jam-3]
t:[1489788665.39] event:[choose_move] piece:[w] move#:[14] move:[(3, 1, 3)] instance:[Jam-3]
t:[1489788667.52] event:[choose_move] piece:[w] move#:[14] move:[(3, 0, 3)] instance:[Jam-3]
t:[1489788714.66] event:[select_piece] piece:[B] move#:[14] move:[(3, 5, 2)] instance:[Jam-3]
t:[1489788717.5] event:[choose_move] piece:[B] move#:[14] move:[(2, 5, 2)] instance:[Jam-3]
t:[1489788719.05] event:[commit_move] piece:[B] move#:[14] move:[(2, 5, 2)] instance:[Jam-3]
t:[1489788724.47] event:[select_piece] piece:[y] move#:[15] move:[(5, 3, 3)] instance:[Jam-3]
t:[1489788725.38] event:[choose_move] piece:[y] move#:[15] move:[(5, 2, 3)] instance:[Jam-3]
t:[1489788725.8] event:[choose_move] piece:[y] move#:[15] move:[(5, 1, 3)] instance:[Jam-3]
t:[1489788726.45] event:[choose_move] piece:[y] move#:[15] move:[(5, 0, 3)] instance:[Jam-3]
t:[1489788728.57] event:[commit_move] piece:[y] move#:[15] move:[(5, 0, 3)] instance:[Jam-3]
t:[1489788729.34] event:[select_piece] piece:[b] move#:[16] move:[(0, 3, 2)] instance:[Jam-3]
t:[1489788730.02] event:[choose_move] piece:[b] move#:[16] move:[(1, 3, 2)] instance:[Jam-3]
t:[1489788730.42] event:[choose_move] piece:[b] move#:[16] move:[(2, 3, 2)] instance:[Jam-3]
t:[1489788730.79] event:[choose_move] piece:[b] move#:[16] move:[(3, 3, 2)] instance:[Jam-3]
t:[1489788731.25] event:[choose_move] piece:[b] move#:[16] move:[(4, 3, 2)] instance:[Jam-3]
t:[1489788737.56] event:[commit_move] piece:[b] move#:[16] move:[(4, 3, 2)] instance:[Jam-3]
t:[1489788738.99] event:[select_piece] piece:[B] move#:[17] move:[(2, 5, 2)] instance:[Jam-3]
t:[1489788740.01] event:[choose_move] piece:[B] move#:[17] move:[(3, 5, 2)] instance:[Jam-3]
t:[1489788740.36] event:[choose_move] piece:[B] move#:[17] move:[(4, 5, 2)] instance:[Jam-3]
t:[1489788740.69] event:[choose_move] piece:[B] move#:[17] move:[(4, 5, 2)] instance:[Jam-3]
t:[1489788749.9] event:[commit_move] piece:[B] move#:[17] move:[(4, 5, 2)] instance:[Jam-3]
t:[1489788761.43] event:[select_piece] piece:[w] move#:[18] move:[(3, 0, 3)] instance:[Jam-3]
t:[1489788775.04] event:[choose_move] piece:[w] move#:[18] move:[(3, 1, 3)] instance:[Jam-3]
t:[1489788775.33] event:[choose_move] piece:[w] move#:[18] move:[(3, 2, 3)] instance:[Jam-3]
t:[1489788775.71] event:[choose_move] piece:[w] move#:[18] move:[(3, 3, 3)] instance:[Jam-3]
t:[1489788775.98] event:[choose_move] piece:[w] move#:[18] move:[(3, 3, 3)] instance:[Jam-3]
t:[1489788776.68] event:[commit_move] piece:[w] move#:[18] move:[(3, 3, 3)] instance:[Jam-3]
t:[1489788777.79] event:[select_piece] piece:[r] move#:[19] move:[(0, 2, 2)] instance:[Jam-3]
t:[1489788778.41] event:[choose_move] piece:[r] move#:[19] move:[(1, 2, 2)] instance:[Jam-3]
t:[1489788778.79] event:[choose_move] piece:[r] move#:[19] move:[(2, 2, 2)] instance:[Jam-3]
t:[1489788783.86] event:[choose_move] piece:[r] move#:[19] move:[(1, 2, 2)] instance:[Jam-3]
t:[1489788789.12] event:[commit_move] piece:[r] move#:[19] move:[(1, 2, 2)] instance:[Jam-3]
t:[1489788790.17] event:[select_piece] piece:[w] move#:[20] move:[(3, 3, 3)] instance:[Jam-3]
t:[1489788790.82] event:[choose_move] piece:[w] move#:[20] move:[(3, 2, 3)] instance:[Jam-3]
t:[1489788791.13] event:[choose_move] piece:[w] move#:[20] move:[(3, 1, 3)] instance:[Jam-3]
t:[1489788791.47] event:[choose_move] piece:[w] move#:[20] move:[(3, 0, 3)] instance:[Jam-3]
t:[1489788793.35] event:[commit_move] piece:[w] move#:[20] move:[(3, 0, 3)] instance:[Jam-3]
t:[1489788794.27] event:[select_piece] piece:[b] move#:[21] move:[(4, 3, 2)] instance:[Jam-3]
t:[1489788794.82] event:[choose_move] piece:[b] move#:[21] move:[(3, 3, 2)] instance:[Jam-3]
t:[1489788795.2] event:[choose_move] piece:[b] move#:[21] move:[(2, 3, 2)] instance:[Jam-3]
t:[1489788795.5] event:[choose_move] piece:[b] move#:[21] move:[(1, 3, 2)] instance:[Jam-3]
t:[1489788796.1] event:[choose_move] piece:[b] move#:[21] move:[(0, 3, 2)] instance:[Jam-3]
t:[1489788798.2] event:[commit_move] piece:[b] move#:[21] move:[(0, 3, 2)] instance:[Jam-3]
t:[1489788800.15] event:[select_piece] piece:[w] move#:[22] move:[(3, 0, 3)] instance:[Jam-3]
t:[1489788800.86] event:[choose_move] piece:[w] move#:[22] move:[(3, 1, 3)] instance:[Jam-3]
t:[1489788801.04] event:[choose_move] piece:[w] move#:[22] move:[(3, 2, 3)] instance:[Jam-3]
t:[1489788801.19] event:[choose_move] piece:[w] move#:[22] move:[(3, 3, 3)] instance:[Jam-3]
t:[1489788801.4] event:[choose_move] piece:[w] move#:[22] move:[(3, 3, 3)] instance:[Jam-3]
t:[1489788803.22] event:[commit_move] piece:[w] move#:[22] move:[(3, 3, 3)] instance:[Jam-3]
t:[1489788804.59] event:[select_piece] piece:[y] move#:[23] move:[(5, 0, 3)] instance:[Jam-3]
t:[1489788805.16] event:[choose_move] piece:[y] move#:[23] move:[(5, 1, 3)] instance:[Jam-3]
t:[1489788805.36] event:[choose_move] piece:[y] move#:[23] move:[(5, 2, 3)] instance:[Jam-3]
t:[1489788805.61] event:[choose_move] piece:[y] move#:[23] move:[(5, 2, 3)] instance:[Jam-3]
t:[1489788808.88] event:[commit_move] piece:[y] move#:[23] move:[(5, 2, 3)] instance:[Jam-3]
t:[1489788809.59] event:[select_piece] piece:[r] move#:[24] move:[(1, 2, 2)] instance:[Jam-3]
t:[1489788810.23] event:[choose_move] piece:[r] move#:[24] move:[(2, 2, 2)] instance:[Jam-3]
t:[1489788810.58] event:[choose_move] piece:[r] move#:[24] move:[(3, 2, 2)] instance:[Jam-3]
t:[1489788812.33] event:[commit_move] piece:[r] move#:[24] move:[(3, 2, 2)] instance:[Jam-3]
t:[1489788813.39] event:[select_piece] piece:[y] move#:[25] move:[(5, 2, 3)] instance:[Jam-3]
t:[1489788825.25] event:[select_piece] piece:[r] move#:[25] move:[(3, 2, 2)] instance:[Jam-3]
t:[1489788826.3] event:[choose_move] piece:[r] move#:[25] move:[(2, 2, 2)] instance:[Jam-3]
t:[1489788826.52] event:[choose_move] piece:[r] move#:[25] move:[(1, 2, 2)] instance:[Jam-3]
t:[1489788827.37] event:[commit_move] piece:[r] move#:[25] move:[(1, 2, 2)] instance:[Jam-3]
t:[1489788828.08] event:[select_piece] piece:[w] move#:[26] move:[(3, 3, 3)] instance:[Jam-3]
t:[1489788828.72] event:[choose_move] piece:[w] move#:[26] move:[(3, 2, 3)] instance:[Jam-3]
t:[1489788828.94] event:[choose_move] piece:[w] move#:[26] move:[(3, 1, 3)] instance:[Jam-3]
t:[1489788829.37] event:[choose_move] piece:[w] move#:[26] move:[(3, 0, 3)] instance:[Jam-3]
t:[1489788830.44] event:[commit_move] piece:[w] move#:[26] move:[(3, 0, 3)] instance:[Jam-3]
t:[1489788831.7] event:[select_piece] piece:[B] move#:[27] move:[(4, 5, 2)] instance:[Jam-3]
t:[1489788833.0] event:[choose_move] piece:[B] move#:[27] move:[(3, 5, 2)] instance:[Jam-3]
t:[1489788833.45] event:[choose_move] piece:[B] move#:[27] move:[(2, 5, 2)] instance:[Jam-3]
t:[1489788834.12] event:[commit_move] piece:[B] move#:[27] move:[(2, 5, 2)] instance:[Jam-3]
t:[1489788835.42] event:[select_piece] piece:[y] move#:[28] move:[(5, 2, 3)] instance:[Jam-3]
t:[1489788835.97] event:[choose_move] piece:[y] move#:[28] move:[(5, 3, 3)] instance:[Jam-3]
t:[1489788837.56] event:[commit_move] piece:[y] move#:[28] move:[(5, 3, 3)] instance:[Jam-3]
t:[1489788838.84] event:[select_piece] piece:[w] move#:[29] move:[(3, 0, 3)] instance:[Jam-3]
t:[1489788841.51] event:[choose_move] piece:[w] move#:[29] move:[(3, 1, 3)] instance:[Jam-3]
t:[1489788842.06] event:[choose_move] piece:[w] move#:[29] move:[(3, 2, 3)] instance:[Jam-3]
t:[1489788844.03] event:[choose_move] piece:[w] move#:[29] move:[(3, 1, 3)] instance:[Jam-3]
t:[1489788844.44] event:[choose_move] piece:[w] move#:[29] move:[(3, 0, 3)] instance:[Jam-3]
t:[1489788887.26] event:[select_piece] piece:[w] move#:[29] move:[(3, 0, 3)] instance:[Jam-3]
t:[1489788908.41] event:[select_piece] piece:[y] move#:[29] move:[(5, 3, 3)] instance:[Jam-3]
t:[1489788909.48] event:[choose_move] piece:[y] move#:[29] move:[(5, 2, 3)] instance:[Jam-3]
t:[1489788912.21] event:[choose_move] piece:[y] move#:[29] move:[(5, 1, 3)] instance:[Jam-3]
t:[1489788912.89] event:[commit_move] piece:[y] move#:[29] move:[(5, 1, 3)] instance:[Jam-3]
t:[1489788913.81] event:[select_piece] piece:[B] move#:[30] move:[(2, 5, 2)] instance:[Jam-3]
t:[1489788914.53] event:[choose_move] piece:[B] move#:[30] move:[(3, 5, 2)] instance:[Jam-3]
t:[1489788921.93] event:[choose_move] piece:[B] move#:[30] move:[(4, 5, 2)] instance:[Jam-3]
t:[1489788925.45] event:[commit_move] piece:[B] move#:[30] move:[(4, 5, 2)] instance:[Jam-3]
t:[1489788926.63] event:[select_piece] piece:[w] move#:[31] move:[(3, 0, 3)] instance:[Jam-3]
t:[1489788927.23] event:[choose_move] piece:[w] move#:[31] move:[(3, 1, 3)] instance:[Jam-3]
t:[1489788927.59] event:[choose_move] piece:[w] move#:[31] move:[(3, 2, 3)] instance:[Jam-3]
t:[1489788927.97] event:[choose_move] piece:[w] move#:[31] move:[(3, 3, 3)] instance:[Jam-3]
t:[1489788928.72] event:[commit_move] piece:[w] move#:[31] move:[(3, 3, 3)] instance:[Jam-3]
t:[1489788929.59] event:[select_piece] piece:[r] move#:[32] move:[(1, 2, 2)] instance:[Jam-3]
t:[1489788930.52] event:[choose_move] piece:[r] move#:[32] move:[(2, 2, 2)] instance:[Jam-3]
t:[1489788931.67] event:[choose_move] piece:[r] move#:[32] move:[(3, 2, 2)] instance:[Jam-3]
t:[1489788935.57] event:[commit_move] piece:[r] move#:[32] move:[(3, 2, 2)] instance:[Jam-3]
t:[1489788940.64] event:[select_piece] piece:[r] move#:[33] move:[(3, 2, 2)] instance:[Jam-3]
t:[1489788941.43] event:[choose_move] piece:[r] move#:[33] move:[(2, 2, 2)] instance:[Jam-3]
t:[1489788942.76] event:[choose_move] piece:[r] move#:[33] move:[(3, 2, 2)] instance:[Jam-3]
t:[1489788972.02] event:[choose_move] piece:[r] move#:[33] move:[(2, 2, 2)] instance:[Jam-3]
t:[1489788973.92] event:[choose_move] piece:[r] move#:[33] move:[(1, 2, 2)] instance:[Jam-3]
t:[1489788974.19] event:[choose_move] piece:[r] move#:[33] move:[(0, 2, 2)] instance:[Jam-3]
t:[1489788975.09] event:[choose_move] piece:[r] move#:[33] move:[(1, 2, 2)] instance:[Jam-3]
t:[1489788975.49] event:[commit_move] piece:[r] move#:[33] move:[(1, 2, 2)] instance:[Jam-3]
t:[1489788976.37] event:[select_piece] piece:[w] move#:[34] move:[(3, 3, 3)] instance:[Jam-3]
t:[1489788977.84] event:[choose_move] piece:[w] move#:[34] move:[(3, 2, 3)] instance:[Jam-3]
t:[1489788978.11] event:[choose_move] piece:[w] move#:[34] move:[(3, 1, 3)] instance:[Jam-3]
t:[1489788978.43] event:[choose_move] piece:[w] move#:[34] move:[(3, 0, 3)] instance:[Jam-3]
t:[1489788979.34] event:[commit_move] piece:[w] move#:[34] move:[(3, 0, 3)] instance:[Jam-3]
t:[1489788981.41] event:[select_piece] piece:[b] move#:[35] move:[(0, 3, 2)] instance:[Jam-3]
t:[1489788983.3] event:[choose_move] piece:[b] move#:[35] move:[(1, 3, 2)] instance:[Jam-3]
t:[1489788983.78] event:[choose_move] piece:[b] move#:[35] move:[(2, 3, 2)] instance:[Jam-3]
t:[1489788984.25] event:[choose_move] piece:[b] move#:[35] move:[(3, 3, 2)] instance:[Jam-3]
t:[1489788988.56] event:[commit_move] piece:[b] move#:[35] move:[(3, 3, 2)] instance:[Jam-3]
t:[1489788990.16] event:[select_piece] piece:[r] move#:[36] move:[(1, 2, 2)] instance:[Jam-3]
t:[1489788990.83] event:[choose_move] piece:[r] move#:[36] move:[(0, 2, 2)] instance:[Jam-3]
t:[1489788991.63] event:[choose_move] piece:[r] move#:[36] move:[(1, 2, 2)] instance:[Jam-3]
t:[1489789006.01] event:[select_piece] piece:[b] move#:[36] move:[(3, 3, 2)] instance:[Jam-3]
t:[1489789006.62] event:[choose_move] piece:[b] move#:[36] move:[(2, 3, 2)] instance:[Jam-3]
t:[1489789018.56] event:[commit_move] piece:[b] move#:[36] move:[(2, 3, 2)] instance:[Jam-3]
t:[1489789019.41] event:[select_piece] piece:[l] move#:[37] move:[(1, 4, 2)] instance:[Jam-3]
t:[1489789020.01] event:[choose_move] piece:[l] move#:[37] move:[(1, 3, 2)] instance:[Jam-3]
t:[1489789020.65] event:[commit_move] piece:[l] move#:[37] move:[(1, 3, 2)] instance:[Jam-3]
t:[1489789024.5] event:[select_piece] piece:[B] move#:[38] move:[(4, 5, 2)] instance:[Jam-3]
t:[1489789025.37] event:[choose_move] piece:[B] move#:[38] move:[(3, 5, 2)] instance:[Jam-3]
t:[1489789031.67] event:[choose_move] piece:[B] move#:[38] move:[(2, 5, 2)] instance:[Jam-3]
t:[1489789031.9] event:[choose_move] piece:[B] move#:[38] move:[(1, 5, 2)] instance:[Jam-3]
t:[1489789032.07] event:[choose_move] piece:[B] move#:[38] move:[(0, 5, 2)] instance:[Jam-3]
t:[1489789032.62] event:[commit_move] piece:[B] move#:[38] move:[(0, 5, 2)] instance:[Jam-3]
t:[1489789042.12] event:[select_piece] piece:[b] move#:[39] move:[(2, 3, 2)] instance:[Jam-3]
t:[1489789045.52] event:[select_piece] piece:[y] move#:[39] move:[(5, 1, 3)] instance:[Jam-3]
t:[1489789046.34] event:[choose_move] piece:[y] move#:[39] move:[(5, 0, 3)] instance:[Jam-3]
t:[1489789049.24] event:[commit_move] piece:[y] move#:[39] move:[(5, 0, 3)] instance:[Jam-3]
t:[1489789050.26] event:[select_piece] piece:[b] move#:[40] move:[(2, 3, 2)] instance:[Jam-3]
t:[1489789054.11] event:[choose_move] piece:[b] move#:[40] move:[(3, 3, 2)] instance:[Jam-3]
t:[1489789054.46] event:[choose_move] piece:[b] move#:[40] move:[(4, 3, 2)] instance:[Jam-3]
t:[1489789055.11] event:[commit_move] piece:[b] move#:[40] move:[(4, 3, 2)] instance:[Jam-3]
t:[1489789056.28] event:[select_piece] piece:[w] move#:[41] move:[(3, 0, 3)] instance:[Jam-3]
t:[1489789080.49] event:[choose_move] piece:[w] move#:[41] move:[(3, 1, 3)] instance:[Jam-3]
t:[1489789080.78] event:[choose_move] piece:[w] move#:[41] move:[(3, 2, 3)] instance:[Jam-3]
t:[1489789081.03] event:[choose_move] piece:[w] move#:[41] move:[(3, 3, 3)] instance:[Jam-3]
t:[1489789081.91] event:[commit_move] piece:[w] move#:[41] move:[(3, 3, 3)] instance:[Jam-3]
t:[1489789082.78] event:[select_piece] piece:[r] move#:[42] move:[(1, 2, 2)] instance:[Jam-3]
t:[1489789083.35] event:[choose_move] piece:[r] move#:[42] move:[(2, 2, 2)] instance:[Jam-3]
t:[1489789083.68] event:[choose_move] piece:[r] move#:[42] move:[(3, 2, 2)] instance:[Jam-3]
t:[1489789096.32] event:[commit_move] piece:[r] move#:[42] move:[(3, 2, 2)] instance:[Jam-3]
t:[1489789097.82] event:[select_piece] piece:[l] move#:[43] move:[(1, 3, 2)] instance:[Jam-3]
t:[1489789098.44] event:[choose_move] piece:[l] move#:[43] move:[(1, 2, 2)] instance:[Jam-3]
t:[1489789098.75] event:[choose_move] piece:[l] move#:[43] move:[(1, 1, 2)] instance:[Jam-3]
t:[1489789099.22] event:[choose_move] piece:[l] move#:[43] move:[(1, 0, 2)] instance:[Jam-3]
t:[1489789100.34] event:[commit_move] piece:[l] move#:[43] move:[(1, 0, 2)] instance:[Jam-3]
t:[1489789108.66] event:[select_piece] piece:[r] move#:[44] move:[(3, 2, 2)] instance:[Jam-3]
t:[1489789109.54] event:[choose_move] piece:[r] move#:[44] move:[(2, 2, 2)] instance:[Jam-3]
t:[1489789109.92] event:[choose_move] piece:[r] move#:[44] move:[(1, 2, 2)] instance:[Jam-3]
t:[1489789114.73] event:[commit_move] piece:[r] move#:[44] move:[(1, 2, 2)] instance:[Jam-3]
t:[1489789115.74] event:[select_piece] piece:[w] move#:[45] move:[(3, 3, 3)] instance:[Jam-3]
t:[1489789116.49] event:[choose_move] piece:[w] move#:[45] move:[(3, 2, 3)] instance:[Jam-3]
t:[1489789116.75] event:[choose_move] piece:[w] move#:[45] move:[(3, 1, 3)] instance:[Jam-3]
t:[1489789117.05] event:[choose_move] piece:[w] move#:[45] move:[(3, 0, 3)] instance:[Jam-3]
t:[1489789117.66] event:[commit_move] piece:[w] move#:[45] move:[(3, 0, 3)] instance:[Jam-3]
t:[1489789119.8] event:[select_piece] piece:[b] move#:[46] move:[(4, 3, 2)] instance:[Jam-3]
t:[1489789120.56] event:[choose_move] piece:[b] move#:[46] move:[(3, 3, 2)] instance:[Jam-3]
t:[1489789120.81] event:[choose_move] piece:[b] move#:[46] move:[(2, 3, 2)] instance:[Jam-3]
t:[1489789121.01] event:[choose_move] piece:[b] move#:[46] move:[(1, 3, 2)] instance:[Jam-3]
t:[1489789121.33] event:[choose_move] piece:[b] move#:[46] move:[(0, 3, 2)] instance:[Jam-3]
t:[1489789122.03] event:[commit_move] piece:[b] move#:[46] move:[(0, 3, 2)] instance:[Jam-3]
t:[1489789123.65] event:[select_piece] piece:[y] move#:[47] move:[(5, 0, 3)] instance:[Jam-3]
t:[1489789124.27] event:[choose_move] piece:[y] move#:[47] move:[(5, 1, 3)] instance:[Jam-3]
t:[1489789124.5] event:[choose_move] piece:[y] move#:[47] move:[(5, 2, 3)] instance:[Jam-3]
t:[1489789124.68] event:[choose_move] piece:[y] move#:[47] move:[(5, 3, 3)] instance:[Jam-3]
t:[1489789125.0] event:[choose_move] piece:[y] move#:[47] move:[(5, 3, 3)] instance:[Jam-3]
t:[1489789127.28] event:[commit_move] piece:[y] move#:[47] move:[(5, 3, 3)] instance:[Jam-3]
t:[1489789127.9] event:[select_piece] piece:[w] move#:[48] move:[(3, 0, 3)] instance:[Jam-3]
t:[1489789128.43] event:[choose_move] piece:[w] move#:[48] move:[(3, 1, 3)] instance:[Jam-3]
t:[1489789128.65] event:[choose_move] piece:[w] move#:[48] move:[(3, 2, 3)] instance:[Jam-3]
t:[1489789128.82] event:[choose_move] piece:[w] move#:[48] move:[(3, 3, 3)] instance:[Jam-3]
t:[1489789129.07] event:[choose_move] piece:[w] move#:[48] move:[(3, 3, 3)] instance:[Jam-3]
t:[1489789129.48] event:[commit_move] piece:[w] move#:[48] move:[(3, 3, 3)] instance:[Jam-3]
t:[1489789130.47] event:[select_piece] piece:[r] move#:[49] move:[(1, 2, 2)] instance:[Jam-3]
t:[1489789130.9] event:[choose_move] piece:[r] move#:[49] move:[(2, 2, 2)] instance:[Jam-3]
t:[1489789131.15] event:[choose_move] piece:[r] move#:[49] move:[(3, 2, 2)] instance:[Jam-3]
t:[1489789131.29] event:[choose_move] piece:[r] move#:[49] move:[(4, 2, 2)] instance:[Jam-3]
t:[1489789131.29] event:[win] piece:[r] move#:[49] move:[(4, 2, 2)] instance:[Jam-3]
t:[1489789131.36] event:[win] piece:[r] move#:[49] move:[(4, 2, 2)] instance:[Jam-3]
t:[1489789137.79] event:[start] piece:[None] move#:[0] move:[None] instance:[Jam-4]
t:[1489789144.96] event:[select_piece] piece:[c] move#:[0] move:[(2, 5, 3)] instance:[Jam-4]
t:[1489789150.01] event:[choose_move] piece:[c] move#:[0] move:[(1, 5, 3)] instance:[Jam-4]
t:[1489789150.41] event:[choose_move] piece:[c] move#:[0] move:[(0, 5, 3)] instance:[Jam-4]
t:[1489789153.26] event:[choose_move] piece:[c] move#:[0] move:[(1, 5, 3)] instance:[Jam-4]
t:[1489789161.13] event:[choose_move] piece:[c] move#:[0] move:[(2, 5, 3)] instance:[Jam-4]
t:[1489789172.94] event:[select_piece] piece:[l] move#:[0] move:[(0, 0, 3)] instance:[Jam-4]
t:[1489789174.32] event:[choose_move] piece:[l] move#:[0] move:[(0, 1, 3)] instance:[Jam-4]
t:[1489789174.64] event:[choose_move] piece:[l] move#:[0] move:[(0, 2, 3)] instance:[Jam-4]
t:[1489789175.26] event:[choose_move] piece:[l] move#:[0] move:[(0, 3, 3)] instance:[Jam-4]
t:[1489789176.78] event:[commit_move] piece:[l] move#:[0] move:[(0, 3, 3)] instance:[Jam-4]
t:[1489789177.97] event:[select_piece] piece:[r] move#:[1] move:[(1, 2, 2)] instance:[Jam-4]
t:[1489789178.56] event:[choose_move] piece:[r] move#:[1] move:[(0, 2, 2)] instance:[Jam-4]
t:[1489789180.11] event:[commit_move] piece:[r] move#:[1] move:[(0, 2, 2)] instance:[Jam-4]
t:[1489789180.94] event:[select_piece] piece:[b] move#:[2] move:[(2, 3, 2)] instance:[Jam-4]
t:[1489789181.56] event:[choose_move] piece:[b] move#:[2] move:[(2, 2, 2)] instance:[Jam-4]
t:[1489789181.98] event:[choose_move] piece:[b] move#:[2] move:[(2, 1, 2)] instance:[Jam-4]
t:[1489789182.31] event:[choose_move] piece:[b] move#:[2] move:[(2, 0, 2)] instance:[Jam-4]
t:[1489789183.13] event:[commit_move] piece:[b] move#:[2] move:[(2, 0, 2)] instance:[Jam-4]
t:[1489789183.93] event:[select_piece] piece:[w] move#:[3] move:[(3, 3, 3)] instance:[Jam-4]
t:[1489789187.65] event:[choose_move] piece:[w] move#:[3] move:[(2, 3, 3)] instance:[Jam-4]
t:[1489789187.86] event:[choose_move] piece:[w] move#:[3] move:[(1, 3, 3)] instance:[Jam-4]
t:[1489789193.73] event:[commit_move] piece:[w] move#:[3] move:[(1, 3, 3)] instance:[Jam-4]
t:[1489789196.37] event:[select_piece] piece:[B] move#:[4] move:[(5, 4, 2)] instance:[Jam-4]
t:[1489789210.16] event:[choose_move] piece:[B] move#:[4] move:[(5, 3, 2)] instance:[Jam-4]
t:[1489789210.39] event:[choose_move] piece:[B] move#:[4] move:[(5, 2, 2)] instance:[Jam-4]
t:[1489789210.61] event:[choose_move] piece:[B] move#:[4] move:[(5, 1, 2)] instance:[Jam-4]
t:[1489789210.89] event:[choose_move] piece:[B] move#:[4] move:[(5, 0, 2)] instance:[Jam-4]
t:[1489789211.73] event:[commit_move] piece:[B] move#:[4] move:[(5, 0, 2)] instance:[Jam-4]
t:[1489789220.88] event:[select_piece] piece:[r] move#:[5] move:[(0, 2, 2)] instance:[Jam-4]
t:[1489789221.4] event:[choose_move] piece:[r] move#:[5] move:[(1, 2, 2)] instance:[Jam-4]
t:[1489789221.9] event:[commit_move] piece:[r] move#:[5] move:[(1, 2, 2)] instance:[Jam-4]
t:[1489789222.56] event:[select_piece] piece:[l] move#:[6] move:[(0, 3, 3)] instance:[Jam-4]
t:[1489789223.12] event:[choose_move] piece:[l] move#:[6] move:[(0, 3, 3)] instance:[Jam-4]
t:[1489789223.12] event:[choose_move] piece:[l] move#:[6] move:[(0, 2, 3)] instance:[Jam-4]
t:[1489789223.52] event:[choose_move] piece:[l] move#:[6] move:[(0, 1, 3)] instance:[Jam-4]
t:[1489789223.88] event:[choose_move] piece:[l] move#:[6] move:[(0, 0, 3)] instance:[Jam-4]
t:[1489789224.97] event:[commit_move] piece:[l] move#:[6] move:[(0, 0, 3)] instance:[Jam-4]
t:[1489789226.42] event:[select_piece] piece:[w] move#:[7] move:[(1, 3, 3)] instance:[Jam-4]
t:[1489789226.92] event:[choose_move] piece:[w] move#:[7] move:[(0, 3, 3)] instance:[Jam-4]
t:[1489789227.95] event:[commit_move] piece:[w] move#:[7] move:[(0, 3, 3)] instance:[Jam-4]
t:[1489789230.2] event:[select_piece] piece:[c] move#:[8] move:[(2, 5, 3)] instance:[Jam-4]
t:[1489789230.67] event:[choose_move] piece:[c] move#:[8] move:[(1, 5, 3)] instance:[Jam-4]
t:[1489789230.9] event:[choose_move] piece:[c] move#:[8] move:[(0, 5, 3)] instance:[Jam-4]
t:[1489789231.1] event:[choose_move] piece:[c] move#:[8] move:[(0, 5, 3)] instance:[Jam-4]
t:[1489789233.4] event:[commit_move] piece:[c] move#:[8] move:[(0, 5, 3)] instance:[Jam-4]
t:[1489789234.22] event:[select_piece] piece:[y] move#:[9] move:[(3, 0, 3)] instance:[Jam-4]
t:[1489789234.67] event:[choose_move] piece:[y] move#:[9] move:[(3, 1, 3)] instance:[Jam-4]
t:[1489789234.96] event:[choose_move] piece:[y] move#:[9] move:[(3, 2, 3)] instance:[Jam-4]
t:[1489789235.3] event:[choose_move] piece:[y] move#:[9] move:[(3, 3, 3)] instance:[Jam-4]
t:[1489789235.69] event:[commit_move] piece:[y] move#:[9] move:[(3, 3, 3)] instance:[Jam-4]
t:[1489789236.99] event:[select_piece] piece:[r] move#:[10] move:[(1, 2, 2)] instance:[Jam-4]
t:[1489789237.47] event:[choose_move] piece:[r] move#:[10] move:[(2, 2, 2)] instance:[Jam-4]
t:[1489789237.79] event:[choose_move] piece:[r] move#:[10] move:[(3, 2, 2)] instance:[Jam-4]
t:[1489789237.94] event:[choose_move] piece:[r] move#:[10] move:[(4, 2, 2)] instance:[Jam-4]
t:[1489789237.94] event:[win] piece:[r] move#:[10] move:[(4, 2, 2)] instance:[Jam-4]
t:[1489789238.05] event:[win] piece:[r] move#:[10] move:[(4, 2, 2)] instance:[Jam-4]
t:[1489789242.27] event:[start] piece:[None] move#:[0] move:[None] instance:[Jam-5]
t:[1489789252.64] event:[select_piece] piece:[g] move#:[0] move:[(4, 4, 2)] instance:[Jam-5]
t:[1489789256.28] event:[choose_move] piece:[g] move#:[0] move:[(3, 4, 2)] instance:[Jam-5]
t:[1489789256.58] event:[choose_move] piece:[g] move#:[0] move:[(2, 4, 2)] instance:[Jam-5]
t:[1489789257.03] event:[choose_move] piece:[g] move#:[0] move:[(1, 4, 2)] instance:[Jam-5]
t:[1489789257.81] event:[commit_move] piece:[g] move#:[0] move:[(1, 4, 2)] instance:[Jam-5]
t:[1489789258.6] event:[select_piece] piece:[l] move#:[1] move:[(4, 5, 2)] instance:[Jam-5]
t:[1489789259.1] event:[choose_move] piece:[l] move#:[1] move:[(3, 5, 2)] instance:[Jam-5]
t:[1489789259.35] event:[choose_move] piece:[l] move#:[1] move:[(2, 5, 2)] instance:[Jam-5]
t:[1489789259.58] event:[choose_move] piece:[l] move#:[1] move:[(1, 5, 2)] instance:[Jam-5]
t:[1489789259.93] event:[commit_move] piece:[l] move#:[1] move:[(1, 5, 2)] instance:[Jam-5]
t:[1489789265.28] event:[select_piece] piece:[m] move#:[2] move:[(5, 2, 2)] instance:[Jam-5]
t:[1489789267.09] event:[choose_move] piece:[m] move#:[2] move:[(5, 3, 2)] instance:[Jam-5]
t:[1489789267.45] event:[choose_move] piece:[m] move#:[2] move:[(5, 4, 2)] instance:[Jam-5]
t:[1489789267.94] event:[commit_move] piece:[m] move#:[2] move:[(5, 4, 2)] instance:[Jam-5]
t:[1489789268.92] event:[select_piece] piece:[w] move#:[3] move:[(4, 1, 3)] instance:[Jam-5]
t:[1489789269.85] event:[choose_move] piece:[w] move#:[3] move:[(4, 0, 3)] instance:[Jam-5]
t:[1489789276.94] event:[commit_move] piece:[w] move#:[3] move:[(4, 0, 3)] instance:[Jam-5]
t:[1489789277.76] event:[select_piece] piece:[b] move#:[4] move:[(0, 0, 2)] instance:[Jam-5]
t:[1489789278.21] event:[choose_move] piece:[b] move#:[4] move:[(1, 0, 2)] instance:[Jam-5]
t:[1489789278.61] event:[commit_move] piece:[b] move#:[4] move:[(1, 0, 2)] instance:[Jam-5]
t:[1489789279.26] event:[select_piece] piece:[o] move#:[5] move:[(0, 1, 3)] instance:[Jam-5]
t:[1489789279.71] event:[choose_move] piece:[o] move#:[5] move:[(0, 0, 3)] instance:[Jam-5]
t:[1489789280.04] event:[commit_move] piece:[o] move#:[5] move:[(0, 0, 3)] instance:[Jam-5]
t:[1489789281.28] event:[select_piece] piece:[B] move#:[6] move:[(0, 4, 2)] instance:[Jam-5]
t:[1489789281.84] event:[choose_move] piece:[B] move#:[6] move:[(0, 3, 2)] instance:[Jam-5]
t:[1489789282.13] event:[commit_move] piece:[B] move#:[6] move:[(0, 3, 2)] instance:[Jam-5]
t:[1489789283.31] event:[select_piece] piece:[l] move#:[7] move:[(1, 5, 2)] instance:[Jam-5]
t:[1489789283.78] event:[choose_move] piece:[l] move#:[7] move:[(0, 5, 2)] instance:[Jam-5]
t:[1489789284.16] event:[commit_move] piece:[l] move#:[7] move:[(0, 5, 2)] instance:[Jam-5]
t:[1489789356.05] event:[select_piece] piece:[l] move#:[8] move:[(0, 5, 2)] instance:[Jam-5]
t:[1489789356.65] event:[choose_move] piece:[l] move#:[8] move:[(1, 5, 2)] instance:[Jam-5]
t:[1489789358.23] event:[commit_move] piece:[l] move#:[8] move:[(1, 5, 2)] instance:[Jam-5]
t:[1489789358.83] event:[select_piece] piece:[l] move#:[9] move:[(1, 5, 2)] instance:[Jam-5]
t:[1489789361.43] event:[select_piece] piece:[B] move#:[9] move:[(0, 3, 2)] instance:[Jam-5]
t:[1489789361.98] event:[choose_move] piece:[B] move#:[9] move:[(0, 4, 2)] instance:[Jam-5]
t:[1489789362.32] event:[commit_move] piece:[B] move#:[9] move:[(0, 4, 2)] instance:[Jam-5]
t:[1489789363.22] event:[select_piece] piece:[M] move#:[10] move:[(1, 3, 3)] instance:[Jam-5]
t:[1489789363.75] event:[choose_move] piece:[M] move#:[10] move:[(0, 3, 3)] instance:[Jam-5]
t:[1489789365.13] event:[commit_move] piece:[M] move#:[10] move:[(0, 3, 3)] instance:[Jam-5]
t:[1489789366.12] event:[select_piece] piece:[y] move#:[11] move:[(3, 0, 3)] instance:[Jam-5]
t:[1489789366.7] event:[choose_move] piece:[y] move#:[11] move:[(3, 1, 3)] instance:[Jam-5]
t:[1489789367.05] event:[choose_move] piece:[y] move#:[11] move:[(3, 2, 3)] instance:[Jam-5]
t:[1489789367.39] event:[choose_move] piece:[y] move#:[11] move:[(3, 3, 3)] instance:[Jam-5]
t:[1489789368.2] event:[commit_move] piece:[y] move#:[11] move:[(3, 3, 3)] instance:[Jam-5]
t:[1489789369.12] event:[select_piece] piece:[w] move#:[12] move:[(4, 0, 3)] instance:[Jam-5]
t:[1489789369.67] event:[choose_move] piece:[w] move#:[12] move:[(4, 1, 3)] instance:[Jam-5]
t:[1489789369.94] event:[choose_move] piece:[w] move#:[12] move:[(4, 2, 3)] instance:[Jam-5]
t:[1489789370.12] event:[choose_move] piece:[w] move#:[12] move:[(4, 3, 3)] instance:[Jam-5]
t:[1489789370.62] event:[commit_move] piece:[w] move#:[12] move:[(4, 3, 3)] instance:[Jam-5]
t:[1489789371.45] event:[select_piece] piece:[r] move#:[13] move:[(1, 2, 2)] instance:[Jam-5]
t:[1489789371.99] event:[choose_move] piece:[r] move#:[13] move:[(2, 2, 2)] instance:[Jam-5]
t:[1489789372.17] event:[choose_move] piece:[r] move#:[13] move:[(3, 2, 2)] instance:[Jam-5]
t:[1489789372.34] event:[choose_move] piece:[r] move#:[13] move:[(4, 2, 2)] instance:[Jam-5]
t:[1489789372.34] event:[win] piece:[r] move#:[13] move:[(4, 2, 2)] instance:[Jam-5]
t:[1489789372.4] event:[win] piece:[r] move#:[13] move:[(4, 2, 2)] instance:[Jam-5]
t:[1489789372.52] event:[win] piece:[r] move#:[13] move:[(4, 2, 2)] instance:[Jam-5]
t:[1489789372.58] event:[win] piece:[r] move#:[13] move:[(4, 2, 2)] instance:[Jam-5]
t:[1489789376.19] event:[start] piece:[None] move#:[0] move:[None] instance:[Jam-6]
t:[1489789382.63] event:[select_piece] piece:[g] move#:[0] move:[(2, 3, 2)] instance:[Jam-6]
t:[1489789383.28] event:[choose_move] piece:[g] move#:[0] move:[(2, 4, 2)] instance:[Jam-6]
t:[1489789383.58] event:[commit_move] piece:[g] move#:[0] move:[(2, 4, 2)] instance:[Jam-6]
t:[1489789384.29] event:[select_piece] piece:[B] move#:[1] move:[(0, 3, 2)] instance:[Jam-6]
t:[1489789384.93] event:[choose_move] piece:[B] move#:[1] move:[(1, 3, 2)] instance:[Jam-6]
t:[1489789385.5] event:[commit_move] piece:[B] move#:[1] move:[(1, 3, 2)] instance:[Jam-6]
t:[1489789387.1] event:[select_piece] piece:[b] move#:[2] move:[(0, 0, 2)] instance:[Jam-6]
t:[1489789388.11] event:[choose_move] piece:[b] move#:[2] move:[(1, 0, 2)] instance:[Jam-6]
t:[1489789390.91] event:[commit_move] piece:[b] move#:[2] move:[(1, 0, 2)] instance:[Jam-6]
t:[1489789396.37] event:[select_piece] piece:[l] move#:[3] move:[(0, 4, 2)] instance:[Jam-6]
t:[1489789409.09] event:[select_piece] piece:[B] move#:[3] move:[(1, 3, 2)] instance:[Jam-6]
t:[1489789409.81] event:[choose_move] piece:[B] move#:[3] move:[(0, 3, 2)] instance:[Jam-6]
t:[1489789410.19] event:[commit_move] piece:[B] move#:[3] move:[(0, 3, 2)] instance:[Jam-6]
t:[1489789410.82] event:[select_piece] piece:[g] move#:[4] move:[(2, 4, 2)] instance:[Jam-6]
t:[1489789411.29] event:[choose_move] piece:[g] move#:[4] move:[(2, 3, 2)] instance:[Jam-6]
t:[1489789411.61] event:[commit_move] piece:[g] move#:[4] move:[(2, 3, 2)] instance:[Jam-6]
t:[1489789412.22] event:[select_piece] piece:[m] move#:[5] move:[(3, 5, 3)] instance:[Jam-6]
t:[1489789412.74] event:[choose_move] piece:[m] move#:[5] move:[(2, 5, 3)] instance:[Jam-6]
t:[1489789413.21] event:[choose_move] piece:[m] move#:[5] move:[(1, 5, 3)] instance:[Jam-6]
t:[1489789413.93] event:[commit_move] piece:[m] move#:[5] move:[(1, 5, 3)] instance:[Jam-6]
t:[1489789422.08] event:[select_piece] piece:[y] move#:[6] move:[(4, 1, 3)] instance:[Jam-6]
t:[1489789427.67] event:[select_piece] piece:[M] move#:[6] move:[(0, 1, 2)] instance:[Jam-6]
t:[1489789430.87] event:[choose_move] piece:[M] move#:[6] move:[(1, 1, 2)] instance:[Jam-6]
t:[1489789431.27] event:[commit_move] piece:[M] move#:[6] move:[(1, 1, 2)] instance:[Jam-6]
t:[1489789432.05] event:[select_piece] piece:[m] move#:[7] move:[(1, 5, 3)] instance:[Jam-6]
t:[1489789432.57] event:[choose_move] piece:[m] move#:[7] move:[(2, 5, 3)] instance:[Jam-6]
t:[1489789433.77] event:[commit_move] piece:[m] move#:[7] move:[(2, 5, 3)] instance:[Jam-6]
t:[1489789435.95] event:[select_piece] piece:[m] move#:[8] move:[(2, 5, 3)] instance:[Jam-6]
t:[1489789436.37] event:[choose_move] piece:[m] move#:[8] move:[(3, 5, 3)] instance:[Jam-6]
t:[1489789436.94] event:[commit_move] piece:[m] move#:[8] move:[(3, 5, 3)] instance:[Jam-6]
t:[1489789437.55] event:[select_piece] piece:[g] move#:[9] move:[(2, 3, 2)] instance:[Jam-6]
t:[1489789438.1] event:[choose_move] piece:[g] move#:[9] move:[(2, 4, 2)] instance:[Jam-6]
t:[1489789438.44] event:[commit_move] piece:[g] move#:[9] move:[(2, 4, 2)] instance:[Jam-6]
t:[1489789439.04] event:[select_piece] piece:[B] move#:[10] move:[(0, 3, 2)] instance:[Jam-6]
t:[1489789439.44] event:[choose_move] piece:[B] move#:[10] move:[(1, 3, 2)] instance:[Jam-6]
t:[1489789439.77] event:[commit_move] piece:[B] move#:[10] move:[(1, 3, 2)] instance:[Jam-6]
t:[1489789440.59] event:[select_piece] piece:[l] move#:[11] move:[(0, 4, 2)] instance:[Jam-6]
t:[1489789442.87] event:[choose_move] piece:[l] move#:[11] move:[(0, 3, 2)] instance:[Jam-6]
t:[1489789443.16] event:[choose_move] piece:[l] move#:[11] move:[(0, 2, 2)] instance:[Jam-6]
t:[1489789443.39] event:[choose_move] piece:[l] move#:[11] move:[(0, 1, 2)] instance:[Jam-6]
t:[1489789445.39] event:[commit_move] piece:[l] move#:[11] move:[(0, 1, 2)] instance:[Jam-6]
t:[1489789446.66] event:[select_piece] piece:[B] move#:[12] move:[(1, 3, 2)] instance:[Jam-6]
t:[1489789447.16] event:[choose_move] piece:[B] move#:[12] move:[(0, 3, 2)] instance:[Jam-6]
t:[1489789447.64] event:[commit_move] piece:[B] move#:[12] move:[(0, 3, 2)] instance:[Jam-6]
t:[1489789449.16] event:[select_piece] piece:[g] move#:[13] move:[(2, 4, 2)] instance:[Jam-6]
t:[1489789449.71] event:[choose_move] piece:[g] move#:[13] move:[(2, 3, 2)] instance:[Jam-6]
t:[1489789449.99] event:[commit_move] piece:[g] move#:[13] move:[(2, 3, 2)] instance:[Jam-6]
t:[1489789450.66] event:[select_piece] piece:[m] move#:[14] move:[(3, 5, 3)] instance:[Jam-6]
t:[1489789451.13] event:[choose_move] piece:[m] move#:[14] move:[(2, 5, 3)] instance:[Jam-6]
t:[1489789451.33] event:[choose_move] piece:[m] move#:[14] move:[(1, 5, 3)] instance:[Jam-6]
t:[1489789451.49] event:[choose_move] piece:[m] move#:[14] move:[(0, 5, 3)] instance:[Jam-6]
t:[1489789452.18] event:[commit_move] piece:[m] move#:[14] move:[(0, 5, 3)] instance:[Jam-6]
t:[1489789453.66] event:[select_piece] piece:[w] move#:[15] move:[(3, 2, 3)] instance:[Jam-6]
t:[1489789454.11] event:[choose_move] piece:[w] move#:[15] move:[(3, 3, 3)] instance:[Jam-6]
t:[1489789455.53] event:[commit_move] piece:[w] move#:[15] move:[(3, 3, 3)] instance:[Jam-6]
t:[1489789456.76] event:[select_piece] piece:[y] move#:[16] move:[(4, 1, 3)] instance:[Jam-6]
t:[1489789457.31] event:[choose_move] piece:[y] move#:[16] move:[(4, 2, 3)] instance:[Jam-6]
t:[1489789457.65] event:[choose_move] piece:[y] move#:[16] move:[(4, 3, 3)] instance:[Jam-6]
t:[1489789458.17] event:[commit_move] piece:[y] move#:[16] move:[(4, 3, 3)] instance:[Jam-6]
t:[1489789459.06] event:[select_piece] piece:[o] move#:[17] move:[(5, 1, 3)] instance:[Jam-6]
t:[1489789459.48] event:[choose_move] piece:[o] move#:[17] move:[(5, 2, 3)] instance:[Jam-6]
t:[1489789459.82] event:[choose_move] piece:[o] move#:[17] move:[(5, 3, 3)] instance:[Jam-6]
t:[1489789460.33] event:[commit_move] piece:[o] move#:[17] move:[(5, 3, 3)] instance:[Jam-6]
t:[1489789461.28] event:[select_piece] piece:[r] move#:[18] move:[(1, 2, 2)] instance:[Jam-6]
t:[1489789461.6] event:[choose_move] piece:[r] move#:[18] move:[(2, 2, 2)] instance:[Jam-6]
t:[1489789461.85] event:[choose_move] piece:[r] move#:[18] move:[(3, 2, 2)] instance:[Jam-6]
t:[1489789462.0] event:[choose_move] piece:[r] move#:[18] move:[(4, 2, 2)] instance:[Jam-6]
t:[1489789462.0] event:[win] piece:[r] move#:[18] move:[(4, 2, 2)] instance:[Jam-6]
t:[1489789462.09] event:[win] piece:[r] move#:[18] move:[(4, 2, 2)] instance:[Jam-6]
t:[1489789467.93] event:[start] piece:[None] move#:[0] move:[None] instance:[Jam-7]
t:[1489789474.95] event:[select_piece] piece:[r] move#:[0] move:[(1, 2, 2)] instance:[Jam-7]
t:[1489789478.37] event:[select_piece] piece:[g] move#:[0] move:[(2, 3, 2)] instance:[Jam-7]
t:[1489789479.06] event:[choose_move] piece:[g] move#:[0] move:[(1, 3, 2)] instance:[Jam-7]
t:[1489789479.79] event:[choose_move] piece:[g] move#:[0] move:[(0, 3, 2)] instance:[Jam-7]
t:[1489789480.88] event:[commit_move] piece:[g] move#:[0] move:[(0, 3, 2)] instance:[Jam-7]
t:[1489789481.79] event:[select_piece] piece:[M] move#:[1] move:[(3, 1, 2)] instance:[Jam-7]
t:[1489789482.49] event:[choose_move] piece:[M] move#:[1] move:[(3, 2, 2)] instance:[Jam-7]
t:[1489789483.06] event:[commit_move] piece:[M] move#:[1] move:[(3, 2, 2)] instance:[Jam-7]
t:[1489789530.0] event:[select_piece] piece:[M] move#:[2] move:[(3, 2, 2)] instance:[Jam-7]
t:[1489789530.95] event:[choose_move] piece:[M] move#:[2] move:[(3, 1, 2)] instance:[Jam-7]
t:[1489789533.45] event:[commit_move] piece:[M] move#:[2] move:[(3, 1, 2)] instance:[Jam-7]
t:[1489789534.23] event:[select_piece] piece:[g] move#:[3] move:[(0, 3, 2)] instance:[Jam-7]
t:[1489789576.96] event:[choose_move] piece:[g] move#:[3] move:[(1, 3, 2)] instance:[Jam-7]
t:[1489789577.21] event:[choose_move] piece:[g] move#:[3] move:[(2, 3, 2)] instance:[Jam-7]
t:[1489789577.41] event:[choose_move] piece:[g] move#:[3] move:[(3, 3, 2)] instance:[Jam-7]
t:[1489789581.07] event:[commit_move] piece:[g] move#:[3] move:[(3, 3, 2)] instance:[Jam-7]
t:[1489789581.64] event:[select_piece] piece:[l] move#:[4] move:[(5, 2, 2)] instance:[Jam-7]
t:[1489789582.06] event:[choose_move] piece:[l] move#:[4] move:[(5, 3, 2)] instance:[Jam-7]
t:[1489789582.41] event:[choose_move] piece:[l] move#:[4] move:[(5, 4, 2)] instance:[Jam-7]
t:[1489789583.56] event:[commit_move] piece:[l] move#:[4] move:[(5, 4, 2)] instance:[Jam-7]
t:[1489789584.31] event:[select_piece] piece:[g] move#:[5] move:[(3, 3, 2)] instance:[Jam-7]
t:[1489789584.88] event:[choose_move] piece:[g] move#:[5] move:[(4, 3, 2)] instance:[Jam-7]
t:[1489789588.58] event:[commit_move] piece:[g] move#:[5] move:[(4, 3, 2)] instance:[Jam-7]
t:[1489789590.23] event:[select_piece] piece:[c] move#:[6] move:[(4, 0, 2)] instance:[Jam-7]
t:[1489789590.75] event:[choose_move] piece:[c] move#:[6] move:[(4, 1, 2)] instance:[Jam-7]
t:[1489789591.1] event:[commit_move] piece:[c] move#:[6] move:[(4, 1, 2)] instance:[Jam-7]
t:[1489789591.96] event:[select_piece] piece:[y] move#:[7] move:[(2, 0, 2)] instance:[Jam-7]
t:[1489789592.77] event:[choose_move] piece:[y] move#:[7] move:[(3, 0, 2)] instance:[Jam-7]
t:[1489789594.38] event:[commit_move] piece:[y] move#:[7] move:[(3, 0, 2)] instance:[Jam-7]
t:[1489789600.43] event:[select_piece] piece:[g] move#:[8] move:[(4, 3, 2)] instance:[Jam-7]
t:[1489789607.36] event:[choose_move] piece:[g] move#:[8] move:[(3, 3, 2)] instance:[Jam-7]
t:[1489789607.64] event:[choose_move] piece:[g] move#:[8] move:[(2, 3, 2)] instance:[Jam-7]
t:[1489789607.92] event:[choose_move] piece:[g] move#:[8] move:[(1, 3, 2)] instance:[Jam-7]
t:[1489789625.48] event:[commit_move] piece:[g] move#:[8] move:[(1, 3, 2)] instance:[Jam-7]
t:[1489789626.23] event:[select_piece] piece:[B] move#:[9] move:[(5, 0, 2)] instance:[Jam-7]
t:[1489789626.68] event:[choose_move] piece:[B] move#:[9] move:[(5, 1, 2)] instance:[Jam-7]
t:[1489789627.05] event:[choose_move] piece:[B] move#:[9] move:[(5, 2, 2)] instance:[Jam-7]
t:[1489789627.45] event:[commit_move] piece:[B] move#:[9] move:[(5, 2, 2)] instance:[Jam-7]
t:[1489789628.28] event:[select_piece] piece:[y] move#:[10] move:[(3, 0, 2)] instance:[Jam-7]
t:[1489789629.08] event:[choose_move] piece:[y] move#:[10] move:[(4, 0, 2)] instance:[Jam-7]
t:[1489789629.67] event:[commit_move] piece:[y] move#:[10] move:[(4, 0, 2)] instance:[Jam-7]
t:[1489789630.3] event:[select_piece] piece:[M] move#:[11] move:[(3, 1, 2)] instance:[Jam-7]
t:[1489789630.72] event:[choose_move] piece:[M] move#:[11] move:[(3, 0, 2)] instance:[Jam-7]
t:[1489789631.08] event:[commit_move] piece:[M] move#:[11] move:[(3, 0, 2)] instance:[Jam-7]
t:[1489789631.9] event:[select_piece] piece:[r] move#:[12] move:[(1, 2, 2)] instance:[Jam-7]
t:[1489789632.35] event:[choose_move] piece:[r] move#:[12] move:[(2, 2, 2)] instance:[Jam-7]
t:[1489789632.75] event:[commit_move] piece:[r] move#:[12] move:[(2, 2, 2)] instance:[Jam-7]
t:[1489789633.69] event:[select_piece] piece:[b] move#:[13] move:[(1, 0, 2)] instance:[Jam-7]
t:[1489789634.08] event:[choose_move] piece:[b] move#:[13] move:[(1, 1, 2)] instance:[Jam-7]
t:[1489789636.17] event:[commit_move] piece:[b] move#:[13] move:[(1, 1, 2)] instance:[Jam-7]
t:[1489789636.82] event:[select_piece] piece:[g] move#:[14] move:[(1, 3, 2)] instance:[Jam-7]
t:[1489789637.37] event:[choose_move] piece:[g] move#:[14] move:[(2, 3, 2)] instance:[Jam-7]
t:[1489789637.74] event:[commit_move] piece:[g] move#:[14] move:[(2, 3, 2)] instance:[Jam-7]
t:[1489789638.89] event:[select_piece] piece:[b] move#:[15] move:[(1, 1, 2)] instance:[Jam-7]
t:[1489789639.44] event:[choose_move] piece:[b] move#:[15] move:[(1, 2, 2)] instance:[Jam-7]
t:[1489789639.69] event:[choose_move] piece:[b] move#:[15] move:[(1, 3, 2)] instance:[Jam-7]
t:[1489789639.89] event:[choose_move] piece:[b] move#:[15] move:[(1, 4, 2)] instance:[Jam-7]
t:[1489789640.27] event:[commit_move] piece:[b] move#:[15] move:[(1, 4, 2)] instance:[Jam-7]
t:[1489789647.04] event:[select_piece] piece:[r] move#:[16] move:[(2, 2, 2)] instance:[Jam-7]
t:[1489789647.49] event:[choose_move] piece:[r] move#:[16] move:[(1, 2, 2)] instance:[Jam-7]
t:[1489789649.09] event:[choose_move] piece:[r] move#:[16] move:[(2, 2, 2)] instance:[Jam-7]
t:[1489789654.79] event:[select_piece] piece:[r] move#:[16] move:[(2, 2, 2)] instance:[Jam-7]
t:[1489789655.91] event:[choose_move] piece:[r] move#:[16] move:[(1, 2, 2)] instance:[Jam-7]
t:[1489789656.31] event:[choose_move] piece:[r] move#:[16] move:[(0, 2, 2)] instance:[Jam-7]
t:[1489789656.78] event:[commit_move] piece:[r] move#:[16] move:[(0, 2, 2)] instance:[Jam-7]
t:[1489789657.45] event:[select_piece] piece:[M] move#:[17] move:[(3, 0, 2)] instance:[Jam-7]
t:[1489789657.85] event:[choose_move] piece:[M] move#:[17] move:[(3, 1, 2)] instance:[Jam-7]
t:[1489789658.36] event:[commit_move] piece:[M] move#:[17] move:[(3, 1, 2)] instance:[Jam-7]
t:[1489789659.1] event:[select_piece] piece:[y] move#:[18] move:[(4, 0, 2)] instance:[Jam-7]
t:[1489789659.45] event:[choose_move] piece:[y] move#:[18] move:[(3, 0, 2)] instance:[Jam-7]
t:[1489789659.63] event:[choose_move] piece:[y] move#:[18] move:[(2, 0, 2)] instance:[Jam-7]
t:[1489789659.78] event:[choose_move] piece:[y] move#:[18] move:[(1, 0, 2)] instance:[Jam-7]
t:[1489789660.05] event:[choose_move] piece:[y] move#:[18] move:[(0, 0, 2)] instance:[Jam-7]
t:[1489789660.36] event:[commit_move] piece:[y] move#:[18] move:[(0, 0, 2)] instance:[Jam-7]
t:[1489789660.96] event:[select_piece] piece:[B] move#:[19] move:[(5, 2, 2)] instance:[Jam-7]
t:[1489789664.67] event:[select_piece] piece:[B] move#:[19] move:[(5, 2, 2)] instance:[Jam-7]
t:[1489789665.13] event:[choose_move] piece:[B] move#:[19] move:[(5, 1, 2)] instance:[Jam-7]
t:[1489789665.43] event:[choose_move] piece:[B] move#:[19] move:[(5, 0, 2)] instance:[Jam-7]
t:[1489789665.92] event:[commit_move] piece:[B] move#:[19] move:[(5, 0, 2)] instance:[Jam-7]
t:[1489789666.58] event:[select_piece] piece:[c] move#:[20] move:[(4, 1, 2)] instance:[Jam-7]
t:[1489789667.37] event:[choose_move] piece:[c] move#:[20] move:[(4, 2, 2)] instance:[Jam-7]
t:[1489789667.59] event:[choose_move] piece:[c] move#:[20] move:[(4, 3, 2)] instance:[Jam-7]
t:[1489789667.79] event:[choose_move] piece:[c] move#:[20] move:[(4, 4, 2)] instance:[Jam-7]
t:[1489789668.1] event:[commit_move] piece:[c] move#:[20] move:[(4, 4, 2)] instance:[Jam-7]
t:[1489789669.04] event:[select_piece] piece:[M] move#:[21] move:[(3, 1, 2)] instance:[Jam-7]
t:[1489789669.45] event:[choose_move] piece:[M] move#:[21] move:[(3, 0, 2)] instance:[Jam-7]
t:[1489789670.05] event:[commit_move] piece:[M] move#:[21] move:[(3, 0, 2)] instance:[Jam-7]
t:[1489789670.67] event:[select_piece] piece:[r] move#:[22] move:[(0, 2, 2)] instance:[Jam-7]
t:[1489789671.04] event:[choose_move] piece:[r] move#:[22] move:[(1, 2, 2)] instance:[Jam-7]
t:[1489789671.25] event:[choose_move] piece:[r] move#:[22] move:[(2, 2, 2)] instance:[Jam-7]
t:[1489789671.4] event:[choose_move] piece:[r] move#:[22] move:[(3, 2, 2)] instance:[Jam-7]
t:[1489789671.55] event:[choose_move] piece:[r] move#:[22] move:[(4, 2, 2)] instance:[Jam-7]
t:[1489789671.55] event:[win] piece:[r] move#:[22] move:[(4, 2, 2)] instance:[Jam-7]
t:[1489789671.62] event:[win] piece:[r] move#:[22] move:[(4, 2, 2)] instance:[Jam-7]
t:[1489789675.22] event:[start] piece:[None] move#:[0] move:[None] instance:[Jam-8]
t:[1489789687.04] event:[select_piece] piece:[b] move#:[0] move:[(3, 0, 2)] instance:[Jam-8]
t:[1489789687.94] event:[choose_move] piece:[b] move#:[0] move:[(2, 0, 2)] instance:[Jam-8]
t:[1489789688.25] event:[choose_move] piece:[b] move#:[0] move:[(1, 0, 2)] instance:[Jam-8]
t:[1489789688.71] event:[choose_move] piece:[b] move#:[0] move:[(0, 0, 2)] instance:[Jam-8]
t:[1489789692.08] event:[commit_move] piece:[b] move#:[0] move:[(0, 0, 2)] instance:[Jam-8]
t:[1489789692.71] event:[select_piece] piece:[M] move#:[1] move:[(4, 1, 2)] instance:[Jam-8]
t:[1489789693.35] event:[choose_move] piece:[M] move#:[1] move:[(4, 0, 2)] instance:[Jam-8]
t:[1489789697.38] event:[commit_move] piece:[M] move#:[1] move:[(4, 0, 2)] instance:[Jam-8]
t:[1489789698.55] event:[select_piece] piece:[c] move#:[2] move:[(2, 1, 2)] instance:[Jam-8]
t:[1489789699.1] event:[choose_move] piece:[c] move#:[2] move:[(1, 1, 2)] instance:[Jam-8]
t:[1489789704.09] event:[choose_move] piece:[c] move#:[2] move:[(0, 1, 2)] instance:[Jam-8]
t:[1489789704.4] event:[commit_move] piece:[c] move#:[2] move:[(0, 1, 2)] instance:[Jam-8]
t:[1489789704.99] event:[select_piece] piece:[B] move#:[3] move:[(2, 2, 2)] instance:[Jam-8]
t:[1489789705.45] event:[choose_move] piece:[B] move#:[3] move:[(2, 1, 2)] instance:[Jam-8]
t:[1489789705.77] event:[choose_move] piece:[B] move#:[3] move:[(2, 0, 2)] instance:[Jam-8]
t:[1489789706.15] event:[commit_move] piece:[B] move#:[3] move:[(2, 0, 2)] instance:[Jam-8]
t:[1489789706.95] event:[select_piece] piece:[r] move#:[4] move:[(0, 2, 2)] instance:[Jam-8]
t:[1489789707.39] event:[choose_move] piece:[r] move#:[4] move:[(1, 2, 2)] instance:[Jam-8]
t:[1489789707.99] event:[commit_move] piece:[r] move#:[4] move:[(1, 2, 2)] instance:[Jam-8]
t:[1489789708.91] event:[select_piece] piece:[g] move#:[5] move:[(3, 2, 2)] instance:[Jam-8]
t:[1489789710.34] event:[choose_move] piece:[g] move#:[5] move:[(3, 1, 2)] instance:[Jam-8]
t:[1489789710.91] event:[choose_move] piece:[g] move#:[5] move:[(3, 0, 2)] instance:[Jam-8]
t:[1489789712.51] event:[commit_move] piece:[g] move#:[5] move:[(3, 0, 2)] instance:[Jam-8]
t:[1489789716.33] event:[select_piece] piece:[t] move#:[6] move:[(2, 4, 2)] instance:[Jam-8]
t:[1489789717.14] event:[choose_move] piece:[t] move#:[6] move:[(2, 3, 2)] instance:[Jam-8]
t:[1489789718.16] event:[commit_move] piece:[t] move#:[6] move:[(2, 3, 2)] instance:[Jam-8]
t:[1489789718.94] event:[select_piece] piece:[w] move#:[7] move:[(3, 5, 3)] instance:[Jam-8]
t:[1489789719.59] event:[choose_move] piece:[w] move#:[7] move:[(2, 5, 3)] instance:[Jam-8]
t:[1489789720.01] event:[commit_move] piece:[w] move#:[7] move:[(2, 5, 3)] instance:[Jam-8]
t:[1489789721.2] event:[select_piece] piece:[r] move#:[8] move:[(1, 2, 2)] instance:[Jam-8]
t:[1489789726.53] event:[choose_move] piece:[r] move#:[8] move:[(2, 2, 2)] instance:[Jam-8]
t:[1489789736.94] event:[commit_move] piece:[r] move#:[8] move:[(2, 2, 2)] instance:[Jam-8]
t:[1489789741.24] event:[select_piece] piece:[m] move#:[9] move:[(4, 3, 2)] instance:[Jam-8]
t:[1489789746.52] event:[select_piece] piece:[r] move#:[9] move:[(2, 2, 2)] instance:[Jam-8]
t:[1489789746.89] event:[choose_move] piece:[r] move#:[9] move:[(3, 2, 2)] instance:[Jam-8]
t:[1489789747.21] event:[commit_move] piece:[r] move#:[9] move:[(3, 2, 2)] instance:[Jam-8]
t:[1489789747.96] event:[select_piece] piece:[t] move#:[10] move:[(2, 3, 2)] instance:[Jam-8]
t:[1489789748.49] event:[choose_move] piece:[t] move#:[10] move:[(2, 2, 2)] instance:[Jam-8]
t:[1489789748.79] event:[commit_move] piece:[t] move#:[10] move:[(2, 2, 2)] instance:[Jam-8]
t:[1489789749.41] event:[select_piece] piece:[o] move#:[11] move:[(3, 4, 3)] instance:[Jam-8]
t:[1489789749.83] event:[choose_move] piece:[o] move#:[11] move:[(2, 4, 3)] instance:[Jam-8]
t:[1489789750.94] event:[commit_move] piece:[o] move#:[11] move:[(2, 4, 3)] instance:[Jam-8]
t:[1489789751.63] event:[select_piece] piece:[m] move#:[12] move:[(4, 3, 2)] instance:[Jam-8]
t:[1489789752.03] event:[choose_move] piece:[m] move#:[12] move:[(3, 3, 2)] instance:[Jam-8]
t:[1489789752.38] event:[commit_move] piece:[m] move#:[12] move:[(3, 3, 2)] instance:[Jam-8]
t:[1489789753.28] event:[select_piece] piece:[y] move#:[13] move:[(5, 0, 3)] instance:[Jam-8]
t:[1489789753.63] event:[choose_move] piece:[y] move#:[13] move:[(5, 1, 3)] instance:[Jam-8]
t:[1489789753.89] event:[choose_move] piece:[y] move#:[13] move:[(5, 2, 3)] instance:[Jam-8]
t:[1489789754.06] event:[choose_move] piece:[y] move#:[13] move:[(5, 3, 3)] instance:[Jam-8]
t:[1489789754.88] event:[commit_move] piece:[y] move#:[13] move:[(5, 3, 3)] instance:[Jam-8]
t:[1489789755.59] event:[select_piece] piece:[r] move#:[14] move:[(3, 2, 2)] instance:[Jam-8]
t:[1489789756.03] event:[choose_move] piece:[r] move#:[14] move:[(4, 2, 2)] instance:[Jam-8]
t:[1489789756.03] event:[win] piece:[r] move#:[14] move:[(4, 2, 2)] instance:[Jam-8]
t:[1489789756.15] event:[win] piece:[r] move#:[14] move:[(4, 2, 2)] instance:[Jam-8]
t:[1489789758.03] event:[start] piece:[None] move#:[0] move:[None] instance:[Jam-9]
t:[1489789766.3] event:[select_piece] piece:[y] move#:[0] move:[(4, 2, 3)] instance:[Jam-9]
t:[1489789776.52] event:[choose_move] piece:[y] move#:[0] move:[(4, 3, 3)] instance:[Jam-9]
t:[1489789777.06] event:[commit_move] piece:[y] move#:[0] move:[(4, 3, 3)] instance:[Jam-9]
t:[1489789780.14] event:[select_piece] piece:[r] move#:[1] move:[(0, 2, 2)] instance:[Jam-9]
t:[1489789780.61] event:[choose_move] piece:[r] move#:[1] move:[(1, 2, 2)] instance:[Jam-9]
t:[1489789781.06] event:[commit_move] piece:[r] move#:[1] move:[(1, 2, 2)] instance:[Jam-9]
t:[1489789782.23] event:[select_piece] piece:[o] move#:[2] move:[(0, 3, 3)] instance:[Jam-9]
t:[1489789782.84] event:[choose_move] piece:[o] move#:[2] move:[(0, 2, 3)] instance:[Jam-9]
t:[1489789783.23] event:[choose_move] piece:[o] move#:[2] move:[(0, 1, 3)] instance:[Jam-9]
t:[1489789784.29] event:[choose_move] piece:[o] move#:[2] move:[(0, 0, 3)] instance:[Jam-9]
t:[1489789787.65] event:[commit_move] piece:[o] move#:[2] move:[(0, 0, 3)] instance:[Jam-9]
t:[1489789788.58] event:[select_piece] piece:[w] move#:[3] move:[(1, 3, 3)] instance:[Jam-9]
t:[1489789789.01] event:[choose_move] piece:[w] move#:[3] move:[(0, 3, 3)] instance:[Jam-9]
t:[1489789791.33] event:[commit_move] piece:[w] move#:[3] move:[(0, 3, 3)] instance:[Jam-9]
t:[1489789792.3] event:[select_piece] piece:[B] move#:[4] move:[(3, 1, 2)] instance:[Jam-9]
t:[1489789792.76] event:[choose_move] piece:[B] move#:[4] move:[(3, 2, 2)] instance:[Jam-9]
t:[1489789793.05] event:[choose_move] piece:[B] move#:[4] move:[(3, 3, 2)] instance:[Jam-9]
t:[1489789793.33] event:[choose_move] piece:[B] move#:[4] move:[(3, 4, 2)] instance:[Jam-9]
t:[1489789802.85] event:[commit_move] piece:[B] move#:[4] move:[(3, 4, 2)] instance:[Jam-9]
t:[1489789803.79] event:[select_piece] piece:[r] move#:[5] move:[(1, 2, 2)] instance:[Jam-9]
t:[1489789804.34] event:[choose_move] piece:[r] move#:[5] move:[(2, 2, 2)] instance:[Jam-9]
t:[1489789805.75] event:[choose_move] piece:[r] move#:[5] move:[(3, 2, 2)] instance:[Jam-9]
t:[1489789806.25] event:[commit_move] piece:[r] move#:[5] move:[(3, 2, 2)] instance:[Jam-9]
t:[1489789806.9] event:[select_piece] piece:[b] move#:[6] move:[(1, 0, 2)] instance:[Jam-9]
t:[1489789807.34] event:[choose_move] piece:[b] move#:[6] move:[(1, 1, 2)] instance:[Jam-9]
t:[1489789807.71] event:[commit_move] piece:[b] move#:[6] move:[(1, 1, 2)] instance:[Jam-9]
t:[1489789808.42] event:[select_piece] piece:[c] move#:[7] move:[(2, 0, 2)] instance:[Jam-9]
t:[1489789808.74] event:[choose_move] piece:[c] move#:[7] move:[(1, 0, 2)] instance:[Jam-9]
t:[1489789809.12] event:[commit_move] piece:[c] move#:[7] move:[(1, 0, 2)] instance:[Jam-9]
t:[1489789809.84] event:[select_piece] piece:[M] move#:[8] move:[(4, 0, 2)] instance:[Jam-9]
t:[1489789810.24] event:[choose_move] piece:[M] move#:[8] move:[(3, 0, 2)] instance:[Jam-9]
t:[1489789811.31] event:[commit_move] piece:[M] move#:[8] move:[(3, 0, 2)] instance:[Jam-9]
t:[1489789811.92] event:[select_piece] piece:[g] move#:[9] move:[(4, 1, 2)] instance:[Jam-9]
t:[1489789812.26] event:[choose_move] piece:[g] move#:[9] move:[(3, 1, 2)] instance:[Jam-9]
t:[1489789812.67] event:[choose_move] piece:[g] move#:[9] move:[(2, 1, 2)] instance:[Jam-9]
t:[1489789813.14] event:[commit_move] piece:[g] move#:[9] move:[(2, 1, 2)] instance:[Jam-9]
t:[1489789813.91] event:[select_piece] piece:[l] move#:[10] move:[(5, 2, 2)] instance:[Jam-9]
t:[1489789814.52] event:[choose_move] piece:[l] move#:[10] move:[(5, 1, 2)] instance:[Jam-9]
t:[1489789814.91] event:[choose_move] piece:[l] move#:[10] move:[(5, 0, 2)] instance:[Jam-9]
t:[1489789816.16] event:[commit_move] piece:[l] move#:[10] move:[(5, 0, 2)] instance:[Jam-9]
t:[1489789816.96] event:[select_piece] piece:[r] move#:[11] move:[(3, 2, 2)] instance:[Jam-9]
t:[1489789817.29] event:[choose_move] piece:[r] move#:[11] move:[(4, 2, 2)] instance:[Jam-9]
t:[1489789817.29] event:[win] piece:[r] move#:[11] move:[(4, 2, 2)] instance:[Jam-9]
t:[1489789817.44] event:[win] piece:[r] move#:[11] move:[(4, 2, 2)] instance:[Jam-9]
t:[1489789819.48] event:[start] piece:[None] move#:[0] move:[None] instance:[Jam-10]
t:[1489789826.71] event:[select_piece] piece:[M] move#:[0] move:[(4, 0, 2)] instance:[Jam-10]
t:[1489789828.7] event:[choose_move] piece:[M] move#:[0] move:[(3, 0, 2)] instance:[Jam-10]
t:[1489789830.97] event:[commit_move] piece:[M] move#:[0] move:[(3, 0, 2)] instance:[Jam-10]
t:[1489789831.78] event:[select_piece] piece:[y] move#:[1] move:[(5, 1, 3)] instance:[Jam-10]
t:[1489789832.3] event:[choose_move] piece:[y] move#:[1] move:[(5, 0, 3)] instance:[Jam-10]
t:[1489789833.02] event:[commit_move] piece:[y] move#:[1] move:[(5, 0, 3)] instance:[Jam-10]
t:[1489789833.82] event:[select_piece] piece:[w] move#:[2] move:[(1, 3, 3)] instance:[Jam-10]
t:[1489789839.27] event:[select_piece] piece:[r] move#:[2] move:[(1, 2, 2)] instance:[Jam-10]
t:[1489789839.74] event:[choose_move] piece:[r] move#:[2] move:[(2, 2, 2)] instance:[Jam-10]
t:[1489789839.97] event:[choose_move] piece:[r] move#:[2] move:[(3, 2, 2)] instance:[Jam-10]
t:[1489789840.95] event:[commit_move] piece:[r] move#:[2] move:[(3, 2, 2)] instance:[Jam-10]
t:[1489789843.87] event:[select_piece] piece:[c] move#:[3] move:[(2, 0, 2)] instance:[Jam-10]
t:[1489789844.22] event:[choose_move] piece:[c] move#:[3] move:[(2, 1, 2)] instance:[Jam-10]
t:[1489789845.09] event:[commit_move] piece:[c] move#:[3] move:[(2, 1, 2)] instance:[Jam-10]
t:[1489789846.34] event:[select_piece] piece:[M] move#:[4] move:[(3, 0, 2)] instance:[Jam-10]
t:[1489789846.76] event:[choose_move] piece:[M] move#:[4] move:[(2, 0, 2)] instance:[Jam-10]
t:[1489789847.23] event:[commit_move] piece:[M] move#:[4] move:[(2, 0, 2)] instance:[Jam-10]
t:[1489789848.17] event:[select_piece] piece:[y] move#:[5] move:[(5, 0, 3)] instance:[Jam-10]
t:[1489789872.92] event:[select_piece] piece:[M] move#:[5] move:[(2, 0, 2)] instance:[Jam-10]
t:[1489789873.37] event:[choose_move] piece:[M] move#:[5] move:[(3, 0, 2)] instance:[Jam-10]
t:[1489789874.19] event:[commit_move] piece:[M] move#:[5] move:[(3, 0, 2)] instance:[Jam-10]
t:[1489789874.82] event:[select_piece] piece:[b] move#:[6] move:[(0, 0, 2)] instance:[Jam-10]
t:[1489789875.19] event:[choose_move] piece:[b] move#:[6] move:[(1, 0, 2)] instance:[Jam-10]
t:[1489789875.51] event:[commit_move] piece:[b] move#:[6] move:[(1, 0, 2)] instance:[Jam-10]
t:[1489789878.09] event:[select_piece] piece:[w] move#:[7] move:[(1, 3, 3)] instance:[Jam-10]
t:[1489789878.61] event:[choose_move] piece:[w] move#:[7] move:[(2, 3, 3)] instance:[Jam-10]
t:[1489789878.86] event:[choose_move] piece:[w] move#:[7] move:[(3, 3, 3)] instance:[Jam-10]
t:[1489789879.31] event:[commit_move] piece:[w] move#:[7] move:[(3, 3, 3)] instance:[Jam-10]
t:[1489789879.99] event:[select_piece] piece:[c] move#:[8] move:[(2, 1, 2)] instance:[Jam-10]
t:[1489789880.37] event:[choose_move] piece:[c] move#:[8] move:[(2, 2, 2)] instance:[Jam-10]
t:[1489789880.71] event:[choose_move] piece:[c] move#:[8] move:[(2, 3, 2)] instance:[Jam-10]
t:[1489789881.16] event:[choose_move] piece:[c] move#:[8] move:[(2, 4, 2)] instance:[Jam-10]
t:[1489789881.49] event:[commit_move] piece:[c] move#:[8] move:[(2, 4, 2)] instance:[Jam-10]
t:[1489789882.21] event:[select_piece] piece:[B] move#:[9] move:[(0, 1, 2)] instance:[Jam-10]
t:[1489789882.59] event:[choose_move] piece:[B] move#:[9] move:[(1, 1, 2)] instance:[Jam-10]
t:[1489789882.93] event:[commit_move] piece:[B] move#:[9] move:[(1, 1, 2)] instance:[Jam-10]
t:[1489789883.58] event:[select_piece] piece:[o] move#:[10] move:[(0, 2, 3)] instance:[Jam-10]
t:[1489789883.98] event:[choose_move] piece:[o] move#:[10] move:[(0, 1, 3)] instance:[Jam-10]
t:[1489789884.31] event:[choose_move] piece:[o] move#:[10] move:[(0, 0, 3)] instance:[Jam-10]
t:[1489789884.71] event:[commit_move] piece:[o] move#:[10] move:[(0, 0, 3)] instance:[Jam-10]
t:[1489789888.64] event:[select_piece] piece:[w] move#:[11] move:[(3, 3, 3)] instance:[Jam-10]
t:[1489789889.13] event:[choose_move] piece:[w] move#:[11] move:[(2, 3, 3)] instance:[Jam-10]
t:[1489789889.6] event:[choose_move] piece:[w] move#:[11] move:[(1, 3, 3)] instance:[Jam-10]
t:[1489789890.65] event:[choose_move] piece:[w] move#:[11] move:[(0, 3, 3)] instance:[Jam-10]
t:[1489789892.28] event:[choose_move] piece:[w] move#:[11] move:[(1, 3, 3)] instance:[Jam-10]
t:[1489789893.16] event:[choose_move] piece:[w] move#:[11] move:[(2, 3, 3)] instance:[Jam-10]
t:[1489789893.75] event:[choose_move] piece:[w] move#:[11] move:[(3, 3, 3)] instance:[Jam-10]
t:[1489789897.77] event:[select_piece] piece:[B] move#:[11] move:[(1, 1, 2)] instance:[Jam-10]
t:[1489789898.12] event:[choose_move] piece:[B] move#:[11] move:[(2, 1, 2)] instance:[Jam-10]
t:[1489789898.77] event:[choose_move] piece:[B] move#:[11] move:[(3, 1, 2)] instance:[Jam-10]
t:[1489789899.4] event:[commit_move] piece:[B] move#:[11] move:[(3, 1, 2)] instance:[Jam-10]
t:[1489789900.1] event:[select_piece] piece:[c] move#:[12] move:[(2, 4, 2)] instance:[Jam-10]
t:[1489789900.55] event:[choose_move] piece:[c] move#:[12] move:[(2, 3, 2)] instance:[Jam-10]
t:[1489789900.82] event:[choose_move] piece:[c] move#:[12] move:[(2, 2, 2)] instance:[Jam-10]
t:[1489789901.25] event:[choose_move] piece:[c] move#:[12] move:[(2, 1, 2)] instance:[Jam-10]
t:[1489789903.0] event:[commit_move] piece:[c] move#:[12] move:[(2, 1, 2)] instance:[Jam-10]
t:[1489789903.95] event:[select_piece] piece:[w] move#:[13] move:[(3, 3, 3)] instance:[Jam-10]
t:[1489789904.39] event:[choose_move] piece:[w] move#:[13] move:[(2, 3, 3)] instance:[Jam-10]
t:[1489789904.72] event:[choose_move] piece:[w] move#:[13] move:[(1, 3, 3)] instance:[Jam-10]
t:[1489789905.04] event:[choose_move] piece:[w] move#:[13] move:[(0, 3, 3)] instance:[Jam-10]
t:[1489789906.29] event:[commit_move] piece:[w] move#:[13] move:[(0, 3, 3)] instance:[Jam-10]
t:[1489789907.12] event:[select_piece] piece:[g] move#:[14] move:[(3, 4, 2)] instance:[Jam-10]
t:[1489789908.0] event:[choose_move] piece:[g] move#:[14] move:[(3, 3, 2)] instance:[Jam-10]
t:[1489789908.94] event:[commit_move] piece:[g] move#:[14] move:[(3, 3, 2)] instance:[Jam-10]
t:[1489789909.79] event:[select_piece] piece:[p] move#:[15] move:[(4, 5, 2)] instance:[Jam-10]
t:[1489789913.72] event:[choose_move] piece:[p] move#:[15] move:[(3, 5, 2)] instance:[Jam-10]
t:[1489789914.12] event:[choose_move] piece:[p] move#:[15] move:[(2, 5, 2)] instance:[Jam-10]
t:[1489789914.74] event:[commit_move] piece:[p] move#:[15] move:[(2, 5, 2)] instance:[Jam-10]
t:[1489789926.8] event:[select_piece] piece:[p] move#:[16] move:[(2, 5, 2)] instance:[Jam-10]
t:[1489789927.3] event:[choose_move] piece:[p] move#:[16] move:[(3, 5, 2)] instance:[Jam-10]
t:[1489789927.6] event:[choose_move] piece:[p] move#:[16] move:[(4, 5, 2)] instance:[Jam-10]
t:[1489789928.01] event:[commit_move] piece:[p] move#:[16] move:[(4, 5, 2)] instance:[Jam-10]
t:[1489789928.68] event:[select_piece] piece:[g] move#:[17] move:[(3, 3, 2)] instance:[Jam-10]
t:[1489789929.02] event:[choose_move] piece:[g] move#:[17] move:[(3, 4, 2)] instance:[Jam-10]
t:[1489789929.53] event:[commit_move] piece:[g] move#:[17] move:[(3, 4, 2)] instance:[Jam-10]
t:[1489789930.45] event:[select_piece] piece:[w] move#:[18] move:[(0, 3, 3)] instance:[Jam-10]
t:[1489789930.71] event:[choose_move] piece:[w] move#:[18] move:[(1, 3, 3)] instance:[Jam-10]
t:[1489789930.97] event:[choose_move] piece:[w] move#:[18] move:[(2, 3, 3)] instance:[Jam-10]
t:[1489789931.6] event:[choose_move] piece:[w] move#:[18] move:[(3, 3, 3)] instance:[Jam-10]
t:[1489789931.67] event:[choose_move] piece:[w] move#:[18] move:[(3, 3, 3)] instance:[Jam-10]
t:[1489789931.97] event:[commit_move] piece:[w] move#:[18] move:[(3, 3, 3)] instance:[Jam-10]
t:[1489789932.83] event:[select_piece] piece:[o] move#:[19] move:[(0, 0, 3)] instance:[Jam-10]
t:[1489789933.28] event:[choose_move] piece:[o] move#:[19] move:[(0, 1, 3)] instance:[Jam-10]
t:[1489789933.58] event:[choose_move] piece:[o] move#:[19] move:[(0, 2, 3)] instance:[Jam-10]
t:[1489789934.05] event:[commit_move] piece:[o] move#:[19] move:[(0, 2, 3)] instance:[Jam-10]
t:[1489789934.82] event:[select_piece] piece:[b] move#:[20] move:[(1, 0, 2)] instance:[Jam-10]
t:[1489789935.13] event:[choose_move] piece:[b] move#:[20] move:[(0, 0, 2)] instance:[Jam-10]
t:[1489789935.44] event:[choose_move] piece:[b] move#:[20] move:[(0, 0, 2)] instance:[Jam-10]
t:[1489789935.77] event:[commit_move] piece:[b] move#:[20] move:[(0, 0, 2)] instance:[Jam-10]
t:[1489789937.37] event:[select_piece] piece:[M] move#:[21] move:[(3, 0, 2)] instance:[Jam-10]
t:[1489789940.94] event:[choose_move] piece:[M] move#:[21] move:[(2, 0, 2)] instance:[Jam-10]
t:[1489789941.49] event:[choose_move] piece:[M] move#:[21] move:[(2, 0, 2)] instance:[Jam-10]
t:[1489789942.22] event:[commit_move] piece:[M] move#:[21] move:[(2, 0, 2)] instance:[Jam-10]
t:[1489789967.18] event:[select_piece] piece:[c] move#:[22] move:[(2, 1, 2)] instance:[Jam-10]
t:[1489789967.92] event:[choose_move] piece:[c] move#:[22] move:[(2, 2, 2)] instance:[Jam-10]
t:[1489789968.29] event:[choose_move] piece:[c] move#:[22] move:[(2, 3, 2)] instance:[Jam-10]
t:[1489789968.87] event:[choose_move] piece:[c] move#:[22] move:[(2, 4, 2)] instance:[Jam-10]
t:[1489789970.13] event:[choose_move] piece:[c] move#:[22] move:[(2, 3, 2)] instance:[Jam-10]
t:[1489789970.38] event:[choose_move] piece:[c] move#:[22] move:[(2, 2, 2)] instance:[Jam-10]
t:[1489789970.6] event:[choose_move] piece:[c] move#:[22] move:[(2, 1, 2)] instance:[Jam-10]
t:[1489789973.59] event:[select_piece] piece:[M] move#:[22] move:[(2, 0, 2)] instance:[Jam-10]
t:[1489789973.94] event:[choose_move] piece:[M] move#:[22] move:[(3, 0, 2)] instance:[Jam-10]
t:[1489789974.74] event:[commit_move] piece:[M] move#:[22] move:[(3, 0, 2)] instance:[Jam-10]
t:[1489789975.35] event:[select_piece] piece:[c] move#:[23] move:[(2, 1, 2)] instance:[Jam-10]
t:[1489789975.79] event:[choose_move] piece:[c] move#:[23] move:[(2, 0, 2)] instance:[Jam-10]
t:[1489789976.17] event:[commit_move] piece:[c] move#:[23] move:[(2, 0, 2)] instance:[Jam-10]
t:[1489789991.19] event:[select_piece] piece:[c] move#:[24] move:[(2, 0, 2)] instance:[Jam-10]
t:[1489789992.4] event:[choose_move] piece:[c] move#:[24] move:[(2, 1, 2)] instance:[Jam-10]
t:[1489789992.7] event:[choose_move] piece:[c] move#:[24] move:[(2, 2, 2)] instance:[Jam-10]
t:[1489789994.17] event:[commit_move] piece:[c] move#:[24] move:[(2, 2, 2)] instance:[Jam-10]
t:[1489790006.97] event:[select_piece] piece:[m] move#:[25] move:[(0, 5, 2)] instance:[Jam-10]
t:[1489790007.54] event:[choose_move] piece:[m] move#:[25] move:[(1, 5, 2)] instance:[Jam-10]
t:[1489790007.87] event:[commit_move] piece:[m] move#:[25] move:[(1, 5, 2)] instance:[Jam-10]
t:[1489790009.39] event:[select_piece] piece:[o] move#:[26] move:[(0, 2, 3)] instance:[Jam-10]
t:[1489790009.84] event:[choose_move] piece:[o] move#:[26] move:[(0, 3, 3)] instance:[Jam-10]
t:[1489790010.15] event:[choose_move] piece:[o] move#:[26] move:[(0, 3, 3)] instance:[Jam-10]
t:[1489790011.52] event:[commit_move] piece:[o] move#:[26] move:[(0, 3, 3)] instance:[Jam-10]
t:[1489790012.31] event:[select_piece] piece:[c] move#:[27] move:[(2, 2, 2)] instance:[Jam-10]
t:[1489790012.87] event:[choose_move] piece:[c] move#:[27] move:[(2, 1, 2)] instance:[Jam-10]
t:[1489790013.26] event:[choose_move] piece:[c] move#:[27] move:[(2, 0, 2)] instance:[Jam-10]
t:[1489790013.74] event:[commit_move] piece:[c] move#:[27] move:[(2, 0, 2)] instance:[Jam-10]
t:[1489790020.38] event:[select_piece] piece:[c] move#:[28] move:[(2, 0, 2)] instance:[Jam-10]
t:[1489790020.81] event:[choose_move] piece:[c] move#:[28] move:[(2, 1, 2)] instance:[Jam-10]
t:[1489790021.19] event:[commit_move] piece:[c] move#:[28] move:[(2, 1, 2)] instance:[Jam-10]
t:[1489790021.94] event:[select_piece] piece:[b] move#:[29] move:[(0, 0, 2)] instance:[Jam-10]
t:[1489790022.31] event:[choose_move] piece:[b] move#:[29] move:[(1, 0, 2)] instance:[Jam-10]
t:[1489790022.65] event:[commit_move] piece:[b] move#:[29] move:[(1, 0, 2)] instance:[Jam-10]
t:[1489790023.43] event:[select_piece] piece:[o] move#:[30] move:[(0, 3, 3)] instance:[Jam-10]
t:[1489790023.86] event:[choose_move] piece:[o] move#:[30] move:[(0, 2, 3)] instance:[Jam-10]
t:[1489790024.09] event:[choose_move] piece:[o] move#:[30] move:[(0, 1, 3)] instance:[Jam-10]
t:[1489790024.35] event:[choose_move] piece:[o] move#:[30] move:[(0, 0, 3)] instance:[Jam-10]
t:[1489790024.83] event:[commit_move] piece:[o] move#:[30] move:[(0, 0, 3)] instance:[Jam-10]
t:[1489790025.76] event:[select_piece] piece:[w] move#:[31] move:[(3, 3, 3)] instance:[Jam-10]
t:[1489790026.2] event:[choose_move] piece:[w] move#:[31] move:[(2, 3, 3)] instance:[Jam-10]
t:[1489790026.5] event:[choose_move] piece:[w] move#:[31] move:[(1, 3, 3)] instance:[Jam-10]
t:[1489790026.71] event:[choose_move] piece:[w] move#:[31] move:[(0, 3, 3)] instance:[Jam-10]
t:[1489790027.31] event:[commit_move] piece:[w] move#:[31] move:[(0, 3, 3)] instance:[Jam-10]
t:[1489790028.61] event:[select_piece] piece:[m] move#:[32] move:[(1, 5, 2)] instance:[Jam-10]
t:[1489790029.3] event:[choose_move] piece:[m] move#:[32] move:[(0, 5, 2)] instance:[Jam-10]
t:[1489790030.0] event:[commit_move] piece:[m] move#:[32] move:[(0, 5, 2)] instance:[Jam-10]
t:[1489790031.37] event:[select_piece] piece:[g] move#:[33] move:[(3, 4, 2)] instance:[Jam-10]
t:[1489790032.4] event:[choose_move] piece:[g] move#:[33] move:[(3, 3, 2)] instance:[Jam-10]
t:[1489790042.2] event:[commit_move] piece:[g] move#:[33] move:[(3, 3, 2)] instance:[Jam-10]
t:[1489790043.32] event:[select_piece] piece:[p] move#:[34] move:[(4, 5, 2)] instance:[Jam-10]
t:[1489790043.75] event:[choose_move] piece:[p] move#:[34] move:[(3, 5, 2)] instance:[Jam-10]
t:[1489790044.09] event:[choose_move] piece:[p] move#:[34] move:[(2, 5, 2)] instance:[Jam-10]
t:[1489790044.57] event:[commit_move] piece:[p] move#:[34] move:[(2, 5, 2)] instance:[Jam-10]
t:[1489790049.54] event:[select_piece] piece:[y] move#:[35] move:[(5, 0, 3)] instance:[Jam-10]
t:[1489790050.07] event:[choose_move] piece:[y] move#:[35] move:[(5, 1, 3)] instance:[Jam-10]
t:[1489790050.42] event:[commit_move] piece:[y] move#:[35] move:[(5, 1, 3)] instance:[Jam-10]
t:[1489790051.47] event:[select_piece] piece:[M] move#:[36] move:[(3, 0, 2)] instance:[Jam-10]
t:[1489790055.7] event:[choose_move] piece:[M] move#:[36] move:[(4, 0, 2)] instance:[Jam-10]
t:[1489790056.08] event:[commit_move] piece:[M] move#:[36] move:[(4, 0, 2)] instance:[Jam-10]
t:[1489790057.31] event:[select_piece] piece:[p] move#:[37] move:[(2, 5, 2)] instance:[Jam-10]
t:[1489790057.75] event:[choose_move] piece:[p] move#:[37] move:[(3, 5, 2)] instance:[Jam-10]
t:[1489790063.46] event:[choose_move] piece:[p] move#:[37] move:[(4, 5, 2)] instance:[Jam-10]
t:[1489790064.08] event:[commit_move] piece:[p] move#:[37] move:[(4, 5, 2)] instance:[Jam-10]
t:[1489790064.98] event:[select_piece] piece:[g] move#:[38] move:[(3, 3, 2)] instance:[Jam-10]
t:[1489790065.47] event:[choose_move] piece:[g] move#:[38] move:[(3, 4, 2)] instance:[Jam-10]
t:[1489790065.85] event:[commit_move] piece:[g] move#:[38] move:[(3, 4, 2)] instance:[Jam-10]
t:[1489790067.23] event:[select_piece] piece:[w] move#:[39] move:[(0, 3, 3)] instance:[Jam-10]
t:[1489790067.63] event:[choose_move] piece:[w] move#:[39] move:[(1, 3, 3)] instance:[Jam-10]
t:[1489790067.98] event:[choose_move] piece:[w] move#:[39] move:[(2, 3, 3)] instance:[Jam-10]
t:[1489790088.41] event:[commit_move] piece:[w] move#:[39] move:[(2, 3, 3)] instance:[Jam-10]
t:[1489790091.81] event:[select_piece] piece:[M] move#:[40] move:[(4, 0, 2)] instance:[Jam-10]
t:[1489790092.25] event:[choose_move] piece:[M] move#:[40] move:[(3, 0, 2)] instance:[Jam-10]
t:[1489790092.88] event:[commit_move] piece:[M] move#:[40] move:[(3, 0, 2)] instance:[Jam-10]
t:[1489790093.58] event:[select_piece] piece:[y] move#:[41] move:[(5, 1, 3)] instance:[Jam-10]
t:[1489790094.15] event:[choose_move] piece:[y] move#:[41] move:[(5, 0, 3)] instance:[Jam-10]
t:[1489790094.53] event:[commit_move] piece:[y] move#:[41] move:[(5, 0, 3)] instance:[Jam-10]
t:[1489790102.2] event:[select_piece] piece:[w] move#:[42] move:[(2, 3, 3)] instance:[Jam-10]
t:[1489790102.65] event:[choose_move] piece:[w] move#:[42] move:[(3, 3, 3)] instance:[Jam-10]
t:[1489790103.04] event:[commit_move] piece:[w] move#:[42] move:[(3, 3, 3)] instance:[Jam-10]
t:[1489790103.88] event:[select_piece] piece:[c] move#:[43] move:[(2, 1, 2)] instance:[Jam-10]
t:[1489790104.27] event:[choose_move] piece:[c] move#:[43] move:[(2, 2, 2)] instance:[Jam-10]
t:[1489790104.57] event:[choose_move] piece:[c] move#:[43] move:[(2, 3, 2)] instance:[Jam-10]
t:[1489790105.22] event:[choose_move] piece:[c] move#:[43] move:[(2, 4, 2)] instance:[Jam-10]
t:[1489790107.2] event:[commit_move] piece:[c] move#:[43] move:[(2, 4, 2)] instance:[Jam-10]
t:[1489790107.9] event:[select_piece] piece:[r] move#:[44] move:[(3, 2, 2)] instance:[Jam-10]
t:[1489790108.34] event:[choose_move] piece:[r] move#:[44] move:[(2, 2, 2)] instance:[Jam-10]
t:[1489790115.76] event:[choose_move] piece:[r] move#:[44] move:[(1, 2, 2)] instance:[Jam-10]
t:[1489790116.66] event:[commit_move] piece:[r] move#:[44] move:[(1, 2, 2)] instance:[Jam-10]
t:[1489790117.86] event:[select_piece] piece:[w] move#:[45] move:[(3, 3, 3)] instance:[Jam-10]
t:[1489790118.34] event:[choose_move] piece:[w] move#:[45] move:[(2, 3, 3)] instance:[Jam-10]
t:[1489790118.61] event:[choose_move] piece:[w] move#:[45] move:[(1, 3, 3)] instance:[Jam-10]
t:[1489790118.89] event:[choose_move] piece:[w] move#:[45] move:[(0, 3, 3)] instance:[Jam-10]
t:[1489790119.53] event:[commit_move] piece:[w] move#:[45] move:[(0, 3, 3)] instance:[Jam-10]
t:[1489790120.11] event:[select_piece] piece:[g] move#:[46] move:[(3, 4, 2)] instance:[Jam-10]
t:[1489790120.51] event:[choose_move] piece:[g] move#:[46] move:[(3, 3, 2)] instance:[Jam-10]
t:[1489790120.81] event:[choose_move] piece:[g] move#:[46] move:[(3, 2, 2)] instance:[Jam-10]
t:[1489790123.9] event:[commit_move] piece:[g] move#:[46] move:[(3, 2, 2)] instance:[Jam-10]
t:[1489790126.23] event:[select_piece] piece:[B] move#:[47] move:[(3, 1, 2)] instance:[Jam-10]
t:[1489790126.56] event:[choose_move] piece:[B] move#:[47] move:[(2, 1, 2)] instance:[Jam-10]
t:[1489790127.03] event:[choose_move] piece:[B] move#:[47] move:[(1, 1, 2)] instance:[Jam-10]
t:[1489790127.35] event:[commit_move] piece:[B] move#:[47] move:[(1, 1, 2)] instance:[Jam-10]
t:[1489790127.9] event:[select_piece] piece:[g] move#:[48] move:[(3, 2, 2)] instance:[Jam-10]
t:[1489790128.3] event:[choose_move] piece:[g] move#:[48] move:[(3, 1, 2)] instance:[Jam-10]
t:[1489790128.71] event:[commit_move] piece:[g] move#:[48] move:[(3, 1, 2)] instance:[Jam-10]
t:[1489790129.38] event:[select_piece] piece:[l] move#:[49] move:[(4, 4, 2)] instance:[Jam-10]
t:[1489790129.75] event:[choose_move] piece:[l] move#:[49] move:[(3, 4, 2)] instance:[Jam-10]
t:[1489790130.23] event:[commit_move] piece:[l] move#:[49] move:[(3, 4, 2)] instance:[Jam-10]
t:[1489790130.9] event:[select_piece] piece:[p] move#:[50] move:[(4, 5, 2)] instance:[Jam-10]
t:[1489790131.32] event:[choose_move] piece:[p] move#:[50] move:[(3, 5, 2)] instance:[Jam-10]
t:[1489790131.65] event:[commit_move] piece:[p] move#:[50] move:[(3, 5, 2)] instance:[Jam-10]
t:[1489790136.52] event:[select_piece] piece:[w] move#:[51] move:[(0, 3, 3)] instance:[Jam-10]
t:[1489790137.12] event:[choose_move] piece:[w] move#:[51] move:[(1, 3, 3)] instance:[Jam-10]
t:[1489790137.37] event:[choose_move] piece:[w] move#:[51] move:[(2, 3, 3)] instance:[Jam-10]
t:[1489790137.59] event:[choose_move] piece:[w] move#:[51] move:[(3, 3, 3)] instance:[Jam-10]
t:[1489790138.07] event:[commit_move] piece:[w] move#:[51] move:[(3, 3, 3)] instance:[Jam-10]
t:[1489790138.65] event:[select_piece] piece:[c] move#:[52] move:[(2, 4, 2)] instance:[Jam-10]
t:[1489790139.04] event:[choose_move] piece:[c] move#:[52] move:[(2, 3, 2)] instance:[Jam-10]
t:[1489790139.04] event:[choose_move] piece:[c] move#:[52] move:[(2, 4, 2)] instance:[Jam-10]
t:[1489790139.67] event:[choose_move] piece:[c] move#:[52] move:[(2, 3, 2)] instance:[Jam-10]
t:[1489790139.95] event:[commit_move] piece:[c] move#:[52] move:[(2, 3, 2)] instance:[Jam-10]
t:[1489790140.57] event:[select_piece] piece:[p] move#:[53] move:[(3, 5, 2)] instance:[Jam-10]
t:[1489790140.9] event:[choose_move] piece:[p] move#:[53] move:[(2, 5, 2)] instance:[Jam-10]
t:[1489790141.25] event:[commit_move] piece:[p] move#:[53] move:[(2, 5, 2)] instance:[Jam-10]
t:[1489790151.09] event:[select_piece] piece:[o] move#:[54] move:[(0, 0, 3)] instance:[Jam-10]
t:[1489790151.46] event:[choose_move] piece:[o] move#:[54] move:[(0, 1, 3)] instance:[Jam-10]
t:[1489790151.76] event:[choose_move] piece:[o] move#:[54] move:[(0, 2, 3)] instance:[Jam-10]
t:[1489790152.24] event:[commit_move] piece:[o] move#:[54] move:[(0, 2, 3)] instance:[Jam-10]
t:[1489790153.08] event:[select_piece] piece:[b] move#:[55] move:[(1, 0, 2)] instance:[Jam-10]
t:[1489790153.48] event:[choose_move] piece:[b] move#:[55] move:[(0, 0, 2)] instance:[Jam-10]
t:[1489790153.86] event:[commit_move] piece:[b] move#:[55] move:[(0, 0, 2)] instance:[Jam-10]
t:[1489790154.74] event:[select_piece] piece:[M] move#:[56] move:[(3, 0, 2)] instance:[Jam-10]
t:[1489790155.21] event:[choose_move] piece:[M] move#:[56] move:[(2, 0, 2)] instance:[Jam-10]
t:[1489790156.9] event:[commit_move] piece:[M] move#:[56] move:[(2, 0, 2)] instance:[Jam-10]
t:[1489790165.52] event:[select_piece] piece:[p] move#:[57] move:[(2, 5, 2)] instance:[Jam-10]
t:[1489790166.03] event:[choose_move] piece:[p] move#:[57] move:[(3, 5, 2)] instance:[Jam-10]
t:[1489790166.35] event:[commit_move] piece:[p] move#:[57] move:[(3, 5, 2)] instance:[Jam-10]
t:[1489790167.02] event:[select_piece] piece:[c] move#:[58] move:[(2, 3, 2)] instance:[Jam-10]
t:[1489790167.4] event:[choose_move] piece:[c] move#:[58] move:[(2, 4, 2)] instance:[Jam-10]
t:[1489790168.75] event:[commit_move] piece:[c] move#:[58] move:[(2, 4, 2)] instance:[Jam-10]
t:[1489790169.6] event:[select_piece] piece:[w] move#:[59] move:[(3, 3, 3)] instance:[Jam-10]
t:[1489790170.07] event:[choose_move] piece:[w] move#:[59] move:[(2, 3, 3)] instance:[Jam-10]
t:[1489790170.55] event:[choose_move] piece:[w] move#:[59] move:[(1, 3, 3)] instance:[Jam-10]
t:[1489790171.47] event:[commit_move] piece:[w] move#:[59] move:[(1, 3, 3)] instance:[Jam-10]
t:[1489790172.22] event:[select_piece] piece:[y] move#:[60] move:[(5, 0, 3)] instance:[Jam-10]
t:[1489790176.84] event:[choose_move] piece:[y] move#:[60] move:[(5, 1, 3)] instance:[Jam-10]
t:[1489790177.04] event:[choose_move] piece:[y] move#:[60] move:[(5, 2, 3)] instance:[Jam-10]
t:[1489790177.24] event:[choose_move] piece:[y] move#:[60] move:[(5, 3, 3)] instance:[Jam-10]
t:[1489790178.36] event:[commit_move] piece:[y] move#:[60] move:[(5, 3, 3)] instance:[Jam-10]
t:[1489790179.01] event:[select_piece] piece:[M] move#:[61] move:[(2, 0, 2)] instance:[Jam-10]
t:[1489790179.44] event:[choose_move] piece:[M] move#:[61] move:[(3, 0, 2)] instance:[Jam-10]
t:[1489790179.71] event:[choose_move] piece:[M] move#:[61] move:[(4, 0, 2)] instance:[Jam-10]
t:[1489790180.07] event:[commit_move] piece:[M] move#:[61] move:[(4, 0, 2)] instance:[Jam-10]
t:[1489790180.71] event:[select_piece] piece:[g] move#:[62] move:[(3, 1, 2)] instance:[Jam-10]
t:[1489790181.06] event:[choose_move] piece:[g] move#:[62] move:[(3, 1, 2)] instance:[Jam-10]
t:[1489790181.06] event:[choose_move] piece:[g] move#:[62] move:[(3, 0, 2)] instance:[Jam-10]
t:[1489790181.57] event:[commit_move] piece:[g] move#:[62] move:[(3, 0, 2)] instance:[Jam-10]
t:[1489790182.19] event:[select_piece] piece:[r] move#:[63] move:[(1, 2, 2)] instance:[Jam-10]
t:[1489790182.52] event:[choose_move] piece:[r] move#:[63] move:[(2, 2, 2)] instance:[Jam-10]
t:[1489790182.72] event:[choose_move] piece:[r] move#:[63] move:[(3, 2, 2)] instance:[Jam-10]
t:[1489790182.89] event:[choose_move] piece:[r] move#:[63] move:[(4, 2, 2)] instance:[Jam-10]
t:[1489790182.89] event:[win] piece:[r] move#:[63] move:[(4, 2, 2)] instance:[Jam-10]
t:[1489790182.96] event:[win] piece:[r] move#:[63] move:[(4, 2, 2)] instance:[Jam-10]
