t:[1492977377.95] event:[start] piece:[None] move#:[0] move:[None] instance:[Jam-1]
t:[1492977388.71] event:[select_piece] piece:[B] move#:[0] move:[(2, 5, 3)] instance:[Jam-1]
t:[1492977391.47] event:[choose_move] piece:[B] move#:[0] move:[(1, 5, 3)] instance:[Jam-1]
t:[1492977391.78] event:[choose_move] piece:[B] move#:[0] move:[(1, 5, 3)] instance:[Jam-1]
t:[1492977394.07] event:[commit_move] piece:[B] move#:[0] move:[(1, 5, 3)] instance:[Jam-1]
t:[1492977403.77] event:[select_piece] piece:[c] move#:[1] move:[(4, 4, 2)] instance:[Jam-1]
t:[1492977405.91] event:[choose_move] piece:[c] move#:[1] move:[(3, 4, 2)] instance:[Jam-1]
t:[1492977406.24] event:[choose_move] piece:[c] move#:[1] move:[(2, 4, 2)] instance:[Jam-1]
t:[1492977406.54] event:[choose_move] piece:[c] move#:[1] move:[(1, 4, 2)] instance:[Jam-1]
t:[1492977410.03] event:[commit_move] piece:[c] move#:[1] move:[(1, 4, 2)] instance:[Jam-1]
t:[1492977420.88] event:[select_piece] piece:[B] move#:[2] move:[(1, 5, 3)] instance:[Jam-1]
t:[1492977422.53] event:[choose_move] piece:[B] move#:[2] move:[(2, 5, 3)] instance:[Jam-1]
t:[1492977422.95] event:[choose_move] piece:[B] move#:[2] move:[(3, 5, 3)] instance:[Jam-1]
t:[1492977431.29] event:[commit_move] piece:[B] move#:[2] move:[(3, 5, 3)] instance:[Jam-1]
t:[1492977439.61] event:[select_piece] piece:[w] move#:[3] move:[(0, 0, 2)] instance:[Jam-1]
t:[1492977441.79] event:[choose_move] piece:[w] move#:[3] move:[(1, 0, 2)] instance:[Jam-1]
t:[1492977442.21] event:[choose_move] piece:[w] move#:[3] move:[(2, 0, 2)] instance:[Jam-1]
t:[1492977442.69] event:[choose_move] piece:[w] move#:[3] move:[(3, 0, 2)] instance:[Jam-1]
t:[1492977443.59] event:[choose_move] piece:[w] move#:[3] move:[(3, 0, 2)] instance:[Jam-1]
t:[1492977447.43] event:[commit_move] piece:[w] move#:[3] move:[(3, 0, 2)] instance:[Jam-1]
t:[1492977451.51] event:[select_piece] piece:[M] move#:[4] move:[(5, 0, 3)] instance:[Jam-1]
t:[1492977454.0] event:[choose_move] piece:[M] move#:[4] move:[(5, 1, 3)] instance:[Jam-1]
t:[1492977454.45] event:[choose_move] piece:[M] move#:[4] move:[(5, 2, 3)] instance:[Jam-1]
t:[1492977456.67] event:[commit_move] piece:[M] move#:[4] move:[(5, 2, 3)] instance:[Jam-1]
t:[1492977460.0] event:[select_piece] piece:[w] move#:[5] move:[(3, 0, 2)] instance:[Jam-1]
t:[1492977462.35] event:[choose_move] piece:[w] move#:[5] move:[(4, 0, 2)] instance:[Jam-1]
t:[1492977463.19] event:[choose_move] piece:[w] move#:[5] move:[(4, 0, 2)] instance:[Jam-1]
t:[1492977465.01] event:[commit_move] piece:[w] move#:[5] move:[(4, 0, 2)] instance:[Jam-1]
t:[1492977476.49] event:[select_piece] piece:[l] move#:[6] move:[(3, 1, 3)] instance:[Jam-1]
t:[1492977478.58] event:[choose_move] piece:[l] move#:[6] move:[(3, 0, 3)] instance:[Jam-1]
t:[1492977491.85] event:[choose_move] piece:[l] move#:[6] move:[(3, 1, 3)] instance:[Jam-1]
t:[1492977492.34] event:[choose_move] piece:[l] move#:[6] move:[(3, 2, 3)] instance:[Jam-1]
t:[1492977511.58] event:[choose_move] piece:[l] move#:[6] move:[(3, 1, 3)] instance:[Jam-1]
t:[1492977512.14] event:[choose_move] piece:[l] move#:[6] move:[(3, 0, 3)] instance:[Jam-1]
t:[1492977517.76] event:[commit_move] piece:[l] move#:[6] move:[(3, 0, 3)] instance:[Jam-1]
t:[1492977520.83] event:[select_piece] piece:[c] move#:[7] move:[(1, 4, 2)] instance:[Jam-1]
t:[1492977523.82] event:[choose_move] piece:[c] move#:[7] move:[(2, 4, 2)] instance:[Jam-1]
t:[1492977524.37] event:[choose_move] piece:[c] move#:[7] move:[(3, 4, 2)] instance:[Jam-1]
t:[1492977531.04] event:[commit_move] piece:[c] move#:[7] move:[(3, 4, 2)] instance:[Jam-1]
t:[1492977545.25] event:[select_piece] piece:[b] move#:[8] move:[(0, 1, 3)] instance:[Jam-1]
t:[1492977550.53] event:[choose_move] piece:[b] move#:[8] move:[(0, 0, 3)] instance:[Jam-1]
t:[1492977554.75] event:[commit_move] piece:[b] move#:[8] move:[(0, 0, 3)] instance:[Jam-1]
t:[1492977557.27] event:[select_piece] piece:[y] move#:[9] move:[(0, 4, 2)] instance:[Jam-1]
t:[1492977559.2] event:[choose_move] piece:[y] move#:[9] move:[(0, 3, 2)] instance:[Jam-1]
t:[1492977562.12] event:[commit_move] piece:[y] move#:[9] move:[(0, 3, 2)] instance:[Jam-1]
t:[1492977565.39] event:[select_piece] piece:[B] move#:[10] move:[(3, 5, 3)] instance:[Jam-1]
t:[1492977567.67] event:[choose_move] piece:[B] move#:[10] move:[(2, 5, 3)] instance:[Jam-1]
t:[1492977568.09] event:[choose_move] piece:[B] move#:[10] move:[(1, 5, 3)] instance:[Jam-1]
t:[1492977568.66] event:[choose_move] piece:[B] move#:[10] move:[(0, 5, 3)] instance:[Jam-1]
t:[1492977570.43] event:[commit_move] piece:[B] move#:[10] move:[(0, 5, 3)] instance:[Jam-1]
t:[1492977579.39] event:[select_piece] piece:[c] move#:[11] move:[(3, 4, 2)] instance:[Jam-1]
t:[1492977581.81] event:[choose_move] piece:[c] move#:[11] move:[(2, 4, 2)] instance:[Jam-1]
t:[1492977582.28] event:[choose_move] piece:[c] move#:[11] move:[(1, 4, 2)] instance:[Jam-1]
t:[1492977584.28] event:[commit_move] piece:[c] move#:[11] move:[(1, 4, 2)] instance:[Jam-1]
t:[1492977587.1] event:[select_piece] piece:[l] move#:[12] move:[(3, 0, 3)] instance:[Jam-1]
t:[1492977589.2] event:[choose_move] piece:[l] move#:[12] move:[(3, 1, 3)] instance:[Jam-1]
t:[1492977589.63] event:[choose_move] piece:[l] move#:[12] move:[(3, 2, 3)] instance:[Jam-1]
t:[1492977590.13] event:[choose_move] piece:[l] move#:[12] move:[(3, 3, 3)] instance:[Jam-1]
t:[1492977592.52] event:[commit_move] piece:[l] move#:[12] move:[(3, 3, 3)] instance:[Jam-1]
t:[1492977595.94] event:[select_piece] piece:[r] move#:[13] move:[(1, 2, 2)] instance:[Jam-1]
t:[1492977598.66] event:[choose_move] piece:[r] move#:[13] move:[(2, 2, 2)] instance:[Jam-1]
t:[1492977599.06] event:[choose_move] piece:[r] move#:[13] move:[(3, 2, 2)] instance:[Jam-1]
t:[1492977601.97] event:[commit_move] piece:[r] move#:[13] move:[(3, 2, 2)] instance:[Jam-1]
t:[1492977607.19] event:[select_piece] piece:[M] move#:[14] move:[(5, 2, 3)] instance:[Jam-1]
t:[1492977609.76] event:[choose_move] piece:[M] move#:[14] move:[(5, 3, 3)] instance:[Jam-1]
t:[1492977612.68] event:[commit_move] piece:[M] move#:[14] move:[(5, 3, 3)] instance:[Jam-1]
t:[1492977617.11] event:[select_piece] piece:[r] move#:[15] move:[(3, 2, 2)] instance:[Jam-1]
t:[1492977618.7] event:[choose_move] piece:[r] move#:[15] move:[(4, 2, 2)] instance:[Jam-1]
t:[1492977618.7] event:[commit_move] piece:[r] move#:[15] move:[(4, 2, 2)] instance:[Jam-1]
t:[1492977618.7] event:[win] piece:[r] move#:[15] move:[(4, 2, 2)] instance:[Jam-1]
t:[1492977628.47] event:[start] piece:[None] move#:[0] move:[None] instance:[Jam-2]
t:[1492977651.93] event:[select_piece] piece:[y] move#:[0] move:[(3, 0, 3)] instance:[Jam-2]
t:[1492977654.47] event:[choose_move] piece:[y] move#:[0] move:[(2, 0, 3)] instance:[Jam-2]
t:[1492977654.98] event:[choose_move] piece:[y] move#:[0] move:[(1, 0, 3)] instance:[Jam-2]
t:[1492977657.37] event:[commit_move] piece:[y] move#:[0] move:[(1, 0, 3)] instance:[Jam-2]
t:[1492977661.87] event:[select_piece] piece:[c] move#:[1] move:[(3, 1, 2)] instance:[Jam-2]
t:[1492977663.66] event:[choose_move] piece:[c] move#:[1] move:[(3, 2, 2)] instance:[Jam-2]
t:[1492977664.21] event:[choose_move] piece:[c] move#:[1] move:[(3, 3, 2)] instance:[Jam-2]
t:[1492977667.69] event:[commit_move] piece:[c] move#:[1] move:[(3, 3, 2)] instance:[Jam-2]
t:[1492977670.46] event:[select_piece] piece:[M] move#:[2] move:[(4, 2, 2)] instance:[Jam-2]
t:[1492977672.31] event:[choose_move] piece:[M] move#:[2] move:[(4, 1, 2)] instance:[Jam-2]
t:[1492977672.69] event:[choose_move] piece:[M] move#:[2] move:[(4, 0, 2)] instance:[Jam-2]
t:[1492977674.71] event:[commit_move] piece:[M] move#:[2] move:[(4, 0, 2)] instance:[Jam-2]
t:[1492977684.03] event:[select_piece] piece:[c] move#:[3] move:[(3, 3, 2)] instance:[Jam-2]
t:[1492977685.87] event:[choose_move] piece:[c] move#:[3] move:[(3, 2, 2)] instance:[Jam-2]
t:[1492977686.32] event:[choose_move] piece:[c] move#:[3] move:[(3, 1, 2)] instance:[Jam-2]
t:[1492977688.52] event:[commit_move] piece:[c] move#:[3] move:[(3, 1, 2)] instance:[Jam-2]
t:[1492977697.42] event:[select_piece] piece:[g] move#:[4] move:[(4, 4, 2)] instance:[Jam-2]
t:[1492977700.27] event:[choose_move] piece:[g] move#:[4] move:[(3, 4, 2)] instance:[Jam-2]
t:[1492977702.86] event:[commit_move] piece:[g] move#:[4] move:[(3, 4, 2)] instance:[Jam-2]
t:[1492977705.21] event:[select_piece] piece:[o] move#:[5] move:[(5, 1, 3)] instance:[Jam-2]
t:[1492977707.94] event:[choose_move] piece:[o] move#:[5] move:[(5, 2, 3)] instance:[Jam-2]
t:[1492977708.44] event:[choose_move] piece:[o] move#:[5] move:[(5, 3, 3)] instance:[Jam-2]
t:[1492977712.08] event:[commit_move] piece:[o] move#:[5] move:[(5, 3, 3)] instance:[Jam-2]
t:[1492977721.77] event:[select_piece] piece:[M] move#:[6] move:[(4, 0, 2)] instance:[Jam-2]
t:[1492977723.67] event:[choose_move] piece:[M] move#:[6] move:[(4, 1, 2)] instance:[Jam-2]
t:[1492977724.19] event:[choose_move] piece:[M] move#:[6] move:[(4, 2, 2)] instance:[Jam-2]
t:[1492977725.34] event:[commit_move] piece:[M] move#:[6] move:[(4, 2, 2)] instance:[Jam-2]
t:[1492977733.82] event:[select_piece] piece:[y] move#:[7] move:[(1, 0, 3)] instance:[Jam-2]
t:[1492977735.46] event:[choose_move] piece:[y] move#:[7] move:[(2, 0, 3)] instance:[Jam-2]
t:[1492977735.81] event:[choose_move] piece:[y] move#:[7] move:[(3, 0, 3)] instance:[Jam-2]
t:[1492977759.52] event:[commit_move] piece:[y] move#:[7] move:[(3, 0, 3)] instance:[Jam-2]
t:[1492977764.77] event:[select_piece] piece:[y] move#:[8] move:[(3, 0, 3)] instance:[Jam-2]
t:[1492977766.91] event:[choose_move] piece:[y] move#:[8] move:[(2, 0, 3)] instance:[Jam-2]
t:[1492977767.29] event:[choose_move] piece:[y] move#:[8] move:[(1, 0, 3)] instance:[Jam-2]
t:[1492977768.52] event:[commit_move] piece:[y] move#:[8] move:[(1, 0, 3)] instance:[Jam-2]
t:[1492977773.99] event:[select_piece] piece:[M] move#:[9] move:[(4, 2, 2)] instance:[Jam-2]
t:[1492977776.36] event:[choose_move] piece:[M] move#:[9] move:[(4, 1, 2)] instance:[Jam-2]
t:[1492977776.76] event:[choose_move] piece:[M] move#:[9] move:[(4, 0, 2)] instance:[Jam-2]
t:[1492977778.02] event:[commit_move] piece:[M] move#:[9] move:[(4, 0, 2)] instance:[Jam-2]
t:[1492977783.47] event:[select_piece] piece:[o] move#:[10] move:[(5, 3, 3)] instance:[Jam-2]
t:[1492977785.22] event:[choose_move] piece:[o] move#:[10] move:[(5, 2, 3)] instance:[Jam-2]
t:[1492977785.9] event:[choose_move] piece:[o] move#:[10] move:[(5, 1, 3)] instance:[Jam-2]
t:[1492977786.32] event:[choose_move] piece:[o] move#:[10] move:[(5, 0, 3)] instance:[Jam-2]
t:[1492977788.4] event:[commit_move] piece:[o] move#:[10] move:[(5, 0, 3)] instance:[Jam-2]
t:[1492977793.07] event:[select_piece] piece:[g] move#:[11] move:[(3, 4, 2)] instance:[Jam-2]
t:[1492977795.12] event:[choose_move] piece:[g] move#:[11] move:[(4, 4, 2)] instance:[Jam-2]
t:[1492977795.77] event:[choose_move] piece:[g] move#:[11] move:[(4, 4, 2)] instance:[Jam-2]
t:[1492977798.86] event:[commit_move] piece:[g] move#:[11] move:[(4, 4, 2)] instance:[Jam-2]
t:[1492977802.34] event:[select_piece] piece:[m] move#:[12] move:[(3, 5, 2)] instance:[Jam-2]
t:[1492977804.11] event:[choose_move] piece:[m] move#:[12] move:[(4, 5, 2)] instance:[Jam-2]
t:[1492977805.51] event:[commit_move] piece:[m] move#:[12] move:[(4, 5, 2)] instance:[Jam-2]
t:[1492977815.2] event:[select_piece] piece:[c] move#:[13] move:[(3, 1, 2)] instance:[Jam-2]
t:[1492977816.73] event:[choose_move] piece:[c] move#:[13] move:[(3, 2, 2)] instance:[Jam-2]
t:[1492977817.2] event:[choose_move] piece:[c] move#:[13] move:[(3, 3, 2)] instance:[Jam-2]
t:[1492977817.65] event:[choose_move] piece:[c] move#:[13] move:[(3, 4, 2)] instance:[Jam-2]
t:[1492977819.17] event:[commit_move] piece:[c] move#:[13] move:[(3, 4, 2)] instance:[Jam-2]
t:[1492977823.47] event:[select_piece] piece:[r] move#:[14] move:[(0, 2, 2)] instance:[Jam-2]
t:[1492977825.21] event:[choose_move] piece:[r] move#:[14] move:[(1, 2, 2)] instance:[Jam-2]
t:[1492977825.7] event:[choose_move] piece:[r] move#:[14] move:[(2, 2, 2)] instance:[Jam-2]
t:[1492977830.41] event:[choose_move] piece:[r] move#:[14] move:[(3, 2, 2)] instance:[Jam-2]
t:[1492977841.76] event:[commit_move] piece:[r] move#:[14] move:[(3, 2, 2)] instance:[Jam-2]
t:[1492977844.38] event:[select_piece] piece:[w] move#:[15] move:[(0, 3, 3)] instance:[Jam-2]
t:[1492977847.5] event:[choose_move] piece:[w] move#:[15] move:[(1, 3, 3)] instance:[Jam-2]
t:[1492977848.02] event:[choose_move] piece:[w] move#:[15] move:[(2, 3, 3)] instance:[Jam-2]
t:[1492977848.55] event:[choose_move] piece:[w] move#:[15] move:[(3, 3, 3)] instance:[Jam-2]
t:[1492977850.17] event:[commit_move] piece:[w] move#:[15] move:[(3, 3, 3)] instance:[Jam-2]
t:[1492977853.23] event:[select_piece] piece:[B] move#:[16] move:[(2, 4, 2)] instance:[Jam-2]
t:[1492977854.92] event:[choose_move] piece:[B] move#:[16] move:[(2, 3, 2)] instance:[Jam-2]
t:[1492977855.32] event:[choose_move] piece:[B] move#:[16] move:[(2, 2, 2)] instance:[Jam-2]
t:[1492977855.77] event:[choose_move] piece:[B] move#:[16] move:[(2, 1, 2)] instance:[Jam-2]
t:[1492977857.69] event:[commit_move] piece:[B] move#:[16] move:[(2, 1, 2)] instance:[Jam-2]
t:[1492977864.09] event:[select_piece] piece:[w] move#:[17] move:[(3, 3, 3)] instance:[Jam-2]
t:[1492977866.08] event:[choose_move] piece:[w] move#:[17] move:[(2, 3, 3)] instance:[Jam-2]
t:[1492977866.46] event:[choose_move] piece:[w] move#:[17] move:[(1, 3, 3)] instance:[Jam-2]
t:[1492977866.93] event:[choose_move] piece:[w] move#:[17] move:[(0, 3, 3)] instance:[Jam-2]
t:[1492977867.38] event:[choose_move] piece:[w] move#:[17] move:[(0, 3, 3)] instance:[Jam-2]
t:[1492977870.7] event:[commit_move] piece:[w] move#:[17] move:[(0, 3, 3)] instance:[Jam-2]
t:[1492977890.89] event:[select_piece] piece:[c] move#:[18] move:[(3, 4, 2)] instance:[Jam-2]
t:[1492977893.01] event:[choose_move] piece:[c] move#:[18] move:[(3, 3, 2)] instance:[Jam-2]
t:[1492977898.84] event:[commit_move] piece:[c] move#:[18] move:[(3, 3, 2)] instance:[Jam-2]
t:[1492977899.81] event:[select_piece] piece:[m] move#:[19] move:[(4, 5, 2)] instance:[Jam-2]
t:[1492977901.74] event:[choose_move] piece:[m] move#:[19] move:[(3, 5, 2)] instance:[Jam-2]
t:[1492977902.16] event:[choose_move] piece:[m] move#:[19] move:[(2, 5, 2)] instance:[Jam-2]
t:[1492977908.66] event:[commit_move] piece:[m] move#:[19] move:[(2, 5, 2)] instance:[Jam-2]
t:[1492977940.73] event:[select_piece] piece:[m] move#:[20] move:[(2, 5, 2)] instance:[Jam-2]
t:[1492977942.0] event:[choose_move] piece:[m] move#:[20] move:[(3, 5, 2)] instance:[Jam-2]
t:[1492977942.36] event:[choose_move] piece:[m] move#:[20] move:[(4, 5, 2)] instance:[Jam-2]
t:[1492977945.15] event:[commit_move] piece:[m] move#:[20] move:[(4, 5, 2)] instance:[Jam-2]
t:[1492977948.3] event:[select_piece] piece:[c] move#:[21] move:[(3, 3, 2)] instance:[Jam-2]
t:[1492977950.55] event:[choose_move] piece:[c] move#:[21] move:[(3, 4, 2)] instance:[Jam-2]
t:[1492977953.09] event:[commit_move] piece:[c] move#:[21] move:[(3, 4, 2)] instance:[Jam-2]
t:[1492977961.01] event:[select_piece] piece:[w] move#:[22] move:[(0, 3, 3)] instance:[Jam-2]
t:[1492977962.82] event:[choose_move] piece:[w] move#:[22] move:[(1, 3, 3)] instance:[Jam-2]
t:[1492977963.21] event:[choose_move] piece:[w] move#:[22] move:[(2, 3, 3)] instance:[Jam-2]
t:[1492977963.69] event:[choose_move] piece:[w] move#:[22] move:[(3, 3, 3)] instance:[Jam-2]
t:[1492977966.06] event:[commit_move] piece:[w] move#:[22] move:[(3, 3, 3)] instance:[Jam-2]
t:[1492977968.24] event:[select_piece] piece:[B] move#:[23] move:[(2, 1, 2)] instance:[Jam-2]
t:[1492977970.25] event:[choose_move] piece:[B] move#:[23] move:[(2, 2, 2)] instance:[Jam-2]
t:[1492977970.6] event:[choose_move] piece:[B] move#:[23] move:[(2, 3, 2)] instance:[Jam-2]
t:[1492977971.1] event:[choose_move] piece:[B] move#:[23] move:[(2, 4, 2)] instance:[Jam-2]
t:[1492977974.96] event:[commit_move] piece:[B] move#:[23] move:[(2, 4, 2)] instance:[Jam-2]
t:[1492977977.33] event:[select_piece] piece:[w] move#:[24] move:[(3, 3, 3)] instance:[Jam-2]
t:[1492977980.95] event:[choose_move] piece:[w] move#:[24] move:[(2, 3, 3)] instance:[Jam-2]
t:[1492977981.27] event:[choose_move] piece:[w] move#:[24] move:[(1, 3, 3)] instance:[Jam-2]
t:[1492977981.67] event:[choose_move] piece:[w] move#:[24] move:[(0, 3, 3)] instance:[Jam-2]
t:[1492977984.27] event:[commit_move] piece:[w] move#:[24] move:[(0, 3, 3)] instance:[Jam-2]
t:[1492977991.34] event:[select_piece] piece:[r] move#:[25] move:[(3, 2, 2)] instance:[Jam-2]
t:[1492977993.81] event:[choose_move] piece:[r] move#:[25] move:[(2, 2, 2)] instance:[Jam-2]
t:[1492977994.12] event:[choose_move] piece:[r] move#:[25] move:[(1, 2, 2)] instance:[Jam-2]
t:[1492978001.18] event:[commit_move] piece:[r] move#:[25] move:[(1, 2, 2)] instance:[Jam-2]
t:[1492978003.21] event:[select_piece] piece:[c] move#:[26] move:[(3, 4, 2)] instance:[Jam-2]
t:[1492978005.11] event:[choose_move] piece:[c] move#:[26] move:[(3, 3, 2)] instance:[Jam-2]
t:[1492978005.48] event:[choose_move] piece:[c] move#:[26] move:[(3, 2, 2)] instance:[Jam-2]
t:[1492978006.0] event:[choose_move] piece:[c] move#:[26] move:[(3, 1, 2)] instance:[Jam-2]
t:[1492978008.87] event:[commit_move] piece:[c] move#:[26] move:[(3, 1, 2)] instance:[Jam-2]
t:[1492978037.3] event:[surrender] piece:[None] move#:[27] move:[None] instance:[Jam-2]
t:[1492978038.53] event:[start] piece:[None] move#:[0] move:[None] instance:[Jam-3]
t:[1492978048.97] event:[select_piece] piece:[w] move#:[0] move:[(3, 2, 3)] instance:[Jam-3]
t:[1492978051.24] event:[choose_move] piece:[w] move#:[0] move:[(3, 1, 3)] instance:[Jam-3]
t:[1492978051.59] event:[choose_move] piece:[w] move#:[0] move:[(3, 0, 3)] instance:[Jam-3]
t:[1492978057.91] event:[commit_move] piece:[w] move#:[0] move:[(3, 0, 3)] instance:[Jam-3]
t:[1492978059.64] event:[select_piece] piece:[B] move#:[1] move:[(2, 5, 2)] instance:[Jam-3]
t:[1492978061.59] event:[choose_move] piece:[B] move#:[1] move:[(3, 5, 2)] instance:[Jam-3]
t:[1492978067.36] event:[choose_move] piece:[B] move#:[1] move:[(2, 5, 2)] instance:[Jam-3]
t:[1492978076.08] event:[select_piece] piece:[y] move#:[1] move:[(5, 3, 3)] instance:[Jam-3]
t:[1492978078.37] event:[choose_move] piece:[y] move#:[1] move:[(5, 2, 3)] instance:[Jam-3]
t:[1492978079.08] event:[choose_move] piece:[y] move#:[1] move:[(5, 1, 3)] instance:[Jam-3]
t:[1492978079.55] event:[choose_move] piece:[y] move#:[1] move:[(5, 0, 3)] instance:[Jam-3]
t:[1492978081.87] event:[commit_move] piece:[y] move#:[1] move:[(5, 0, 3)] instance:[Jam-3]
t:[1492978085.85] event:[select_piece] piece:[B] move#:[2] move:[(2, 5, 2)] instance:[Jam-3]
t:[1492978087.41] event:[choose_move] piece:[B] move#:[2] move:[(3, 5, 2)] instance:[Jam-3]
t:[1492978087.77] event:[choose_move] piece:[B] move#:[2] move:[(4, 5, 2)] instance:[Jam-3]
t:[1492978089.44] event:[commit_move] piece:[B] move#:[2] move:[(4, 5, 2)] instance:[Jam-3]
t:[1492978093.07] event:[select_piece] piece:[w] move#:[3] move:[(3, 0, 3)] instance:[Jam-3]
t:[1492978094.96] event:[choose_move] piece:[w] move#:[3] move:[(3, 1, 3)] instance:[Jam-3]
t:[1492978095.31] event:[choose_move] piece:[w] move#:[3] move:[(3, 2, 3)] instance:[Jam-3]
t:[1492978095.79] event:[choose_move] piece:[w] move#:[3] move:[(3, 3, 3)] instance:[Jam-3]
t:[1492978097.89] event:[commit_move] piece:[w] move#:[3] move:[(3, 3, 3)] instance:[Jam-3]
t:[1492978107.68] event:[select_piece] piece:[r] move#:[4] move:[(1, 2, 2)] instance:[Jam-3]
t:[1492978109.8] event:[choose_move] piece:[r] move#:[4] move:[(0, 2, 2)] instance:[Jam-3]
t:[1492978119.45] event:[choose_move] piece:[r] move#:[4] move:[(1, 2, 2)] instance:[Jam-3]
t:[1492978119.82] event:[choose_move] piece:[r] move#:[4] move:[(2, 2, 2)] instance:[Jam-3]
t:[1492978120.36] event:[choose_move] piece:[r] move#:[4] move:[(3, 2, 2)] instance:[Jam-3]
t:[1492978133.48] event:[commit_move] piece:[r] move#:[4] move:[(3, 2, 2)] instance:[Jam-3]
t:[1492978135.96] event:[select_piece] piece:[y] move#:[5] move:[(5, 0, 3)] instance:[Jam-3]
t:[1492978138.35] event:[choose_move] piece:[y] move#:[5] move:[(5, 1, 3)] instance:[Jam-3]
t:[1492978138.78] event:[choose_move] piece:[y] move#:[5] move:[(5, 2, 3)] instance:[Jam-3]
t:[1492978148.47] event:[commit_move] piece:[y] move#:[5] move:[(5, 2, 3)] instance:[Jam-3]
t:[1492978156.94] event:[select_piece] piece:[r] move#:[6] move:[(3, 2, 2)] instance:[Jam-3]
t:[1492978159.17] event:[choose_move] piece:[r] move#:[6] move:[(2, 2, 2)] instance:[Jam-3]
t:[1492978159.51] event:[choose_move] piece:[r] move#:[6] move:[(1, 2, 2)] instance:[Jam-3]
t:[1492978160.28] event:[choose_move] piece:[r] move#:[6] move:[(0, 2, 2)] instance:[Jam-3]
t:[1492978162.18] event:[commit_move] piece:[r] move#:[6] move:[(0, 2, 2)] instance:[Jam-3]
t:[1492978164.51] event:[select_piece] piece:[w] move#:[7] move:[(3, 3, 3)] instance:[Jam-3]
t:[1492978166.06] event:[choose_move] piece:[w] move#:[7] move:[(3, 2, 3)] instance:[Jam-3]
t:[1492978166.39] event:[choose_move] piece:[w] move#:[7] move:[(3, 1, 3)] instance:[Jam-3]
t:[1492978166.83] event:[choose_move] piece:[w] move#:[7] move:[(3, 0, 3)] instance:[Jam-3]
t:[1492978168.68] event:[commit_move] piece:[w] move#:[7] move:[(3, 0, 3)] instance:[Jam-3]
t:[1492978174.27] event:[select_piece] piece:[B] move#:[8] move:[(4, 5, 2)] instance:[Jam-3]
t:[1492978176.02] event:[choose_move] piece:[B] move#:[8] move:[(3, 5, 2)] instance:[Jam-3]
t:[1492978176.35] event:[choose_move] piece:[B] move#:[8] move:[(2, 5, 2)] instance:[Jam-3]
t:[1492978179.17] event:[commit_move] piece:[B] move#:[8] move:[(2, 5, 2)] instance:[Jam-3]
t:[1492978183.59] event:[select_piece] piece:[y] move#:[9] move:[(5, 2, 3)] instance:[Jam-3]
t:[1492978185.47] event:[choose_move] piece:[y] move#:[9] move:[(5, 3, 3)] instance:[Jam-3]
t:[1492978188.94] event:[commit_move] piece:[y] move#:[9] move:[(5, 3, 3)] instance:[Jam-3]
t:[1492978195.16] event:[select_piece] piece:[b] move#:[10] move:[(1, 3, 2)] instance:[Jam-3]
t:[1492978196.74] event:[choose_move] piece:[b] move#:[10] move:[(0, 3, 2)] instance:[Jam-3]
t:[1492978243.02] event:[commit_move] piece:[b] move#:[10] move:[(0, 3, 2)] instance:[Jam-3]
t:[1492978246.04] event:[select_piece] piece:[y] move#:[11] move:[(5, 3, 3)] instance:[Jam-3]
t:[1492978248.24] event:[choose_move] piece:[y] move#:[11] move:[(5, 2, 3)] instance:[Jam-3]
t:[1492978248.65] event:[choose_move] piece:[y] move#:[11] move:[(5, 1, 3)] instance:[Jam-3]
t:[1492978249.12] event:[choose_move] piece:[y] move#:[11] move:[(5, 0, 3)] instance:[Jam-3]
t:[1492978251.56] event:[commit_move] piece:[y] move#:[11] move:[(5, 0, 3)] instance:[Jam-3]
t:[1492978266.65] event:[select_piece] piece:[B] move#:[12] move:[(2, 5, 2)] instance:[Jam-3]
t:[1492978268.26] event:[choose_move] piece:[B] move#:[12] move:[(3, 5, 2)] instance:[Jam-3]
t:[1492978271.8] event:[choose_move] piece:[B] move#:[12] move:[(4, 5, 2)] instance:[Jam-3]
t:[1492978281.62] event:[commit_move] piece:[B] move#:[12] move:[(4, 5, 2)] instance:[Jam-3]
t:[1492978282.34] event:[select_piece] piece:[w] move#:[13] move:[(3, 0, 3)] instance:[Jam-3]
t:[1492978284.36] event:[choose_move] piece:[w] move#:[13] move:[(3, 1, 3)] instance:[Jam-3]
t:[1492978284.79] event:[choose_move] piece:[w] move#:[13] move:[(3, 2, 3)] instance:[Jam-3]
t:[1492978285.27] event:[choose_move] piece:[w] move#:[13] move:[(3, 3, 3)] instance:[Jam-3]
t:[1492978305.28] event:[commit_move] piece:[w] move#:[13] move:[(3, 3, 3)] instance:[Jam-3]
t:[1492978308.85] event:[select_piece] piece:[r] move#:[14] move:[(0, 2, 2)] instance:[Jam-3]
t:[1492978310.85] event:[choose_move] piece:[r] move#:[14] move:[(1, 2, 2)] instance:[Jam-3]
t:[1492978311.17] event:[choose_move] piece:[r] move#:[14] move:[(2, 2, 2)] instance:[Jam-3]
t:[1492978311.65] event:[choose_move] piece:[r] move#:[14] move:[(3, 2, 2)] instance:[Jam-3]
t:[1492978317.56] event:[commit_move] piece:[r] move#:[14] move:[(3, 2, 2)] instance:[Jam-3]
t:[1492978320.84] event:[select_piece] piece:[y] move#:[15] move:[(5, 0, 3)] instance:[Jam-3]
t:[1492978322.49] event:[choose_move] piece:[y] move#:[15] move:[(5, 1, 3)] instance:[Jam-3]
t:[1492978322.88] event:[choose_move] piece:[y] move#:[15] move:[(5, 2, 3)] instance:[Jam-3]
t:[1492978326.73] event:[commit_move] piece:[y] move#:[15] move:[(5, 2, 3)] instance:[Jam-3]
t:[1492978345.79] event:[choose_piece] piece:[l] move#:[16] move:[None] instance:[Jam-3]
t:[1492978352.62] event:[select_piece] piece:[b] move#:[16] move:[(0, 3, 2)] instance:[Jam-3]
t:[1492978354.19] event:[choose_move] piece:[b] move#:[16] move:[(1, 3, 2)] instance:[Jam-3]
t:[1492978358.13] event:[commit_move] piece:[b] move#:[16] move:[(1, 3, 2)] instance:[Jam-3]
t:[1492978375.37] event:[select_piece] piece:[b] move#:[17] move:[(1, 3, 2)] instance:[Jam-3]
t:[1492978377.22] event:[choose_move] piece:[b] move#:[17] move:[(0, 3, 2)] instance:[Jam-3]
t:[1492978378.97] event:[commit_move] piece:[b] move#:[17] move:[(0, 3, 2)] instance:[Jam-3]
t:[1492978382.14] event:[select_piece] piece:[r] move#:[18] move:[(3, 2, 2)] instance:[Jam-3]
t:[1492978383.51] event:[choose_move] piece:[r] move#:[18] move:[(2, 2, 2)] instance:[Jam-3]
t:[1492978383.86] event:[choose_move] piece:[r] move#:[18] move:[(1, 2, 2)] instance:[Jam-3]
t:[1492978384.37] event:[choose_move] piece:[r] move#:[18] move:[(0, 2, 2)] instance:[Jam-3]
t:[1492978385.47] event:[commit_move] piece:[r] move#:[18] move:[(0, 2, 2)] instance:[Jam-3]
t:[1492978390.03] event:[select_piece] piece:[w] move#:[19] move:[(3, 3, 3)] instance:[Jam-3]
t:[1492978391.49] event:[choose_move] piece:[w] move#:[19] move:[(3, 2, 3)] instance:[Jam-3]
t:[1492978391.83] event:[choose_move] piece:[w] move#:[19] move:[(3, 1, 3)] instance:[Jam-3]
t:[1492978392.19] event:[choose_move] piece:[w] move#:[19] move:[(3, 0, 3)] instance:[Jam-3]
t:[1492978393.6] event:[commit_move] piece:[w] move#:[19] move:[(3, 0, 3)] instance:[Jam-3]
t:[1492978398.65] event:[select_piece] piece:[B] move#:[20] move:[(4, 5, 2)] instance:[Jam-3]
t:[1492978399.8] event:[choose_move] piece:[B] move#:[20] move:[(3, 5, 2)] instance:[Jam-3]
t:[1492978400.13] event:[choose_move] piece:[B] move#:[20] move:[(2, 5, 2)] instance:[Jam-3]
t:[1492978406.6] event:[commit_move] piece:[B] move#:[20] move:[(2, 5, 2)] instance:[Jam-3]
t:[1492978409.95] event:[select_piece] piece:[y] move#:[21] move:[(5, 2, 3)] instance:[Jam-3]
t:[1492978411.22] event:[choose_move] piece:[y] move#:[21] move:[(5, 3, 3)] instance:[Jam-3]
t:[1492978411.59] event:[choose_move] piece:[y] move#:[21] move:[(5, 3, 3)] instance:[Jam-3]
t:[1492978414.37] event:[commit_move] piece:[y] move#:[21] move:[(5, 3, 3)] instance:[Jam-3]
t:[1492978451.71] event:[select_piece] piece:[w] move#:[22] move:[(3, 0, 3)] instance:[Jam-3]
t:[1492978455.21] event:[choose_move] piece:[w] move#:[22] move:[(3, 1, 3)] instance:[Jam-3]
t:[1492978455.81] event:[choose_move] piece:[w] move#:[22] move:[(3, 2, 3)] instance:[Jam-3]
t:[1492978461.81] event:[commit_move] piece:[w] move#:[22] move:[(3, 2, 3)] instance:[Jam-3]
t:[1492978465.92] event:[select_piece] piece:[y] move#:[23] move:[(5, 3, 3)] instance:[Jam-3]
t:[1492978467.37] event:[choose_move] piece:[y] move#:[23] move:[(5, 2, 3)] instance:[Jam-3]
t:[1492978467.8] event:[choose_move] piece:[y] move#:[23] move:[(5, 1, 3)] instance:[Jam-3]
t:[1492978468.25] event:[choose_move] piece:[y] move#:[23] move:[(5, 0, 3)] instance:[Jam-3]
t:[1492978469.78] event:[commit_move] piece:[y] move#:[23] move:[(5, 0, 3)] instance:[Jam-3]
t:[1492978473.22] event:[select_piece] piece:[B] move#:[24] move:[(2, 5, 2)] instance:[Jam-3]
t:[1492978474.55] event:[choose_move] piece:[B] move#:[24] move:[(3, 5, 2)] instance:[Jam-3]
t:[1492978474.89] event:[choose_move] piece:[B] move#:[24] move:[(4, 5, 2)] instance:[Jam-3]
t:[1492978476.95] event:[commit_move] piece:[B] move#:[24] move:[(4, 5, 2)] instance:[Jam-3]
t:[1492978479.34] event:[select_piece] piece:[w] move#:[25] move:[(3, 2, 3)] instance:[Jam-3]
t:[1492978481.44] event:[choose_move] piece:[w] move#:[25] move:[(3, 3, 3)] instance:[Jam-3]
t:[1492978483.59] event:[commit_move] piece:[w] move#:[25] move:[(3, 3, 3)] instance:[Jam-3]
t:[1492978494.53] event:[select_piece] piece:[r] move#:[26] move:[(0, 2, 2)] instance:[Jam-3]
t:[1492978495.9] event:[choose_move] piece:[r] move#:[26] move:[(1, 2, 2)] instance:[Jam-3]
t:[1492978496.25] event:[choose_move] piece:[r] move#:[26] move:[(2, 2, 2)] instance:[Jam-3]
t:[1492978496.81] event:[choose_move] piece:[r] move#:[26] move:[(3, 2, 2)] instance:[Jam-3]
t:[1492978499.73] event:[commit_move] piece:[r] move#:[26] move:[(3, 2, 2)] instance:[Jam-3]
t:[1492978501.3] event:[select_piece] piece:[b] move#:[27] move:[(0, 3, 2)] instance:[Jam-3]
t:[1492978502.72] event:[choose_move] piece:[b] move#:[27] move:[(1, 3, 2)] instance:[Jam-3]
t:[1492978505.6] event:[commit_move] piece:[b] move#:[27] move:[(1, 3, 2)] instance:[Jam-3]
t:[1492978507.49] event:[select_piece] piece:[l] move#:[28] move:[(1, 4, 2)] instance:[Jam-3]
t:[1492978520.69] event:[select_piece] piece:[r] move#:[28] move:[(3, 2, 2)] instance:[Jam-3]
t:[1492978522.43] event:[choose_move] piece:[r] move#:[28] move:[(2, 2, 2)] instance:[Jam-3]
t:[1492978522.79] event:[choose_move] piece:[r] move#:[28] move:[(1, 2, 2)] instance:[Jam-3]
t:[1492978523.05] event:[choose_move] piece:[r] move#:[28] move:[(0, 2, 2)] instance:[Jam-3]
t:[1492978524.48] event:[commit_move] piece:[r] move#:[28] move:[(0, 2, 2)] instance:[Jam-3]
t:[1492978525.73] event:[select_piece] piece:[w] move#:[29] move:[(3, 3, 3)] instance:[Jam-3]
t:[1492978527.25] event:[choose_move] piece:[w] move#:[29] move:[(3, 2, 3)] instance:[Jam-3]
t:[1492978527.55] event:[choose_move] piece:[w] move#:[29] move:[(3, 1, 3)] instance:[Jam-3]
t:[1492978528.11] event:[choose_move] piece:[w] move#:[29] move:[(3, 0, 3)] instance:[Jam-3]
t:[1492978530.92] event:[commit_move] piece:[w] move#:[29] move:[(3, 0, 3)] instance:[Jam-3]
t:[1492978534.68] event:[select_piece] piece:[b] move#:[30] move:[(1, 3, 2)] instance:[Jam-3]
t:[1492978536.17] event:[choose_move] piece:[b] move#:[30] move:[(2, 3, 2)] instance:[Jam-3]
t:[1492978536.57] event:[choose_move] piece:[b] move#:[30] move:[(3, 3, 2)] instance:[Jam-3]
t:[1492978538.44] event:[commit_move] piece:[b] move#:[30] move:[(3, 3, 2)] instance:[Jam-3]
t:[1492978549.59] event:[select_piece] piece:[r] move#:[31] move:[(0, 2, 2)] instance:[Jam-3]
t:[1492978556.99] event:[select_piece] piece:[b] move#:[31] move:[(3, 3, 2)] instance:[Jam-3]
t:[1492978558.0] event:[choose_move] piece:[b] move#:[31] move:[(4, 3, 2)] instance:[Jam-3]
t:[1492978559.8] event:[commit_move] piece:[b] move#:[31] move:[(4, 3, 2)] instance:[Jam-3]
t:[1492978563.1] event:[select_piece] piece:[w] move#:[32] move:[(3, 0, 3)] instance:[Jam-3]
t:[1492978564.83] event:[choose_move] piece:[w] move#:[32] move:[(3, 1, 3)] instance:[Jam-3]
t:[1492978565.35] event:[choose_move] piece:[w] move#:[32] move:[(3, 2, 3)] instance:[Jam-3]
t:[1492978566.1] event:[choose_move] piece:[w] move#:[32] move:[(3, 3, 3)] instance:[Jam-3]
t:[1492978568.42] event:[commit_move] piece:[w] move#:[32] move:[(3, 3, 3)] instance:[Jam-3]
t:[1492978571.24] event:[select_piece] piece:[r] move#:[33] move:[(0, 2, 2)] instance:[Jam-3]
t:[1492978572.49] event:[choose_move] piece:[r] move#:[33] move:[(1, 2, 2)] instance:[Jam-3]
t:[1492978572.84] event:[choose_move] piece:[r] move#:[33] move:[(2, 2, 2)] instance:[Jam-3]
t:[1492978574.71] event:[commit_move] piece:[r] move#:[33] move:[(2, 2, 2)] instance:[Jam-3]
t:[1492978576.17] event:[select_piece] piece:[l] move#:[34] move:[(1, 4, 2)] instance:[Jam-3]
t:[1492978577.82] event:[choose_move] piece:[l] move#:[34] move:[(1, 3, 2)] instance:[Jam-3]
t:[1492978578.16] event:[choose_move] piece:[l] move#:[34] move:[(1, 2, 2)] instance:[Jam-3]
t:[1492978578.62] event:[choose_move] piece:[l] move#:[34] move:[(1, 1, 2)] instance:[Jam-3]
t:[1492978579.06] event:[choose_move] piece:[l] move#:[34] move:[(1, 0, 2)] instance:[Jam-3]
t:[1492978580.47] event:[commit_move] piece:[l] move#:[34] move:[(1, 0, 2)] instance:[Jam-3]
t:[1492978594.6] event:[select_piece] piece:[r] move#:[35] move:[(2, 2, 2)] instance:[Jam-3]
t:[1492978596.87] event:[choose_move] piece:[r] move#:[35] move:[(1, 2, 2)] instance:[Jam-3]
t:[1492978597.42] event:[choose_move] piece:[r] move#:[35] move:[(0, 2, 2)] instance:[Jam-3]
t:[1492978599.12] event:[commit_move] piece:[r] move#:[35] move:[(0, 2, 2)] instance:[Jam-3]
t:[1492978608.26] event:[select_piece] piece:[w] move#:[36] move:[(3, 3, 3)] instance:[Jam-3]
t:[1492978609.56] event:[choose_move] piece:[w] move#:[36] move:[(3, 2, 3)] instance:[Jam-3]
t:[1492978609.92] event:[choose_move] piece:[w] move#:[36] move:[(3, 1, 3)] instance:[Jam-3]
t:[1492978610.26] event:[choose_move] piece:[w] move#:[36] move:[(3, 0, 3)] instance:[Jam-3]
t:[1492978614.07] event:[commit_move] piece:[w] move#:[36] move:[(3, 0, 3)] instance:[Jam-3]
t:[1492978622.06] event:[select_piece] piece:[b] move#:[37] move:[(4, 3, 2)] instance:[Jam-3]
t:[1492978624.15] event:[choose_move] piece:[b] move#:[37] move:[(3, 3, 2)] instance:[Jam-3]
t:[1492978624.48] event:[choose_move] piece:[b] move#:[37] move:[(2, 3, 2)] instance:[Jam-3]
t:[1492978624.85] event:[choose_move] piece:[b] move#:[37] move:[(1, 3, 2)] instance:[Jam-3]
t:[1492978625.28] event:[choose_move] piece:[b] move#:[37] move:[(0, 3, 2)] instance:[Jam-3]
t:[1492978626.31] event:[commit_move] piece:[b] move#:[37] move:[(0, 3, 2)] instance:[Jam-3]
t:[1492978628.51] event:[select_piece] piece:[B] move#:[38] move:[(4, 5, 2)] instance:[Jam-3]
t:[1492978629.8] event:[choose_move] piece:[B] move#:[38] move:[(3, 5, 2)] instance:[Jam-3]
t:[1492978630.12] event:[choose_move] piece:[B] move#:[38] move:[(2, 5, 2)] instance:[Jam-3]
t:[1492978630.42] event:[choose_move] piece:[B] move#:[38] move:[(1, 5, 2)] instance:[Jam-3]
t:[1492978630.95] event:[choose_move] piece:[B] move#:[38] move:[(0, 5, 2)] instance:[Jam-3]
t:[1492978632.18] event:[commit_move] piece:[B] move#:[38] move:[(0, 5, 2)] instance:[Jam-3]
t:[1492978635.64] event:[select_piece] piece:[w] move#:[39] move:[(3, 0, 3)] instance:[Jam-3]
t:[1492978637.09] event:[choose_move] piece:[w] move#:[39] move:[(3, 1, 3)] instance:[Jam-3]
t:[1492978637.39] event:[choose_move] piece:[w] move#:[39] move:[(3, 2, 3)] instance:[Jam-3]
t:[1492978637.82] event:[choose_move] piece:[w] move#:[39] move:[(3, 3, 3)] instance:[Jam-3]
t:[1492978639.27] event:[commit_move] piece:[w] move#:[39] move:[(3, 3, 3)] instance:[Jam-3]
t:[1492978640.67] event:[select_piece] piece:[y] move#:[40] move:[(5, 0, 3)] instance:[Jam-3]
t:[1492978643.66] event:[choose_move] piece:[y] move#:[40] move:[(5, 1, 3)] instance:[Jam-3]
t:[1492978643.99] event:[choose_move] piece:[y] move#:[40] move:[(5, 2, 3)] instance:[Jam-3]
t:[1492978644.44] event:[choose_move] piece:[y] move#:[40] move:[(5, 3, 3)] instance:[Jam-3]
t:[1492978645.54] event:[commit_move] piece:[y] move#:[40] move:[(5, 3, 3)] instance:[Jam-3]
t:[1492978650.14] event:[select_piece] piece:[r] move#:[41] move:[(0, 2, 2)] instance:[Jam-3]
t:[1492978651.31] event:[choose_move] piece:[r] move#:[41] move:[(1, 2, 2)] instance:[Jam-3]
t:[1492978651.59] event:[choose_move] piece:[r] move#:[41] move:[(2, 2, 2)] instance:[Jam-3]
t:[1492978651.89] event:[choose_move] piece:[r] move#:[41] move:[(3, 2, 2)] instance:[Jam-3]
t:[1492978652.26] event:[choose_move] piece:[r] move#:[41] move:[(4, 2, 2)] instance:[Jam-3]
t:[1492978652.26] event:[commit_move] piece:[r] move#:[41] move:[(4, 2, 2)] instance:[Jam-3]
t:[1492978652.26] event:[win] piece:[r] move#:[41] move:[(4, 2, 2)] instance:[Jam-3]
t:[1492978673.59] event:[start] piece:[None] move#:[0] move:[None] instance:[Jam-4]
t:[1492978691.11] event:[select_piece] piece:[l] move#:[0] move:[(0, 0, 3)] instance:[Jam-4]
t:[1492978694.13] event:[choose_move] piece:[l] move#:[0] move:[(0, 1, 3)] instance:[Jam-4]
t:[1492978694.43] event:[choose_move] piece:[l] move#:[0] move:[(0, 2, 3)] instance:[Jam-4]
t:[1492978694.75] event:[choose_move] piece:[l] move#:[0] move:[(0, 3, 3)] instance:[Jam-4]
t:[1492978696.03] event:[commit_move] piece:[l] move#:[0] move:[(0, 3, 3)] instance:[Jam-4]
t:[1492978703.29] event:[select_piece] piece:[r] move#:[1] move:[(1, 2, 2)] instance:[Jam-4]
t:[1492978705.12] event:[choose_move] piece:[r] move#:[1] move:[(0, 2, 2)] instance:[Jam-4]
t:[1492978706.97] event:[commit_move] piece:[r] move#:[1] move:[(0, 2, 2)] instance:[Jam-4]
t:[1492978708.56] event:[select_piece] piece:[b] move#:[2] move:[(2, 3, 2)] instance:[Jam-4]
t:[1492978710.09] event:[choose_move] piece:[b] move#:[2] move:[(2, 2, 2)] instance:[Jam-4]
t:[1492978710.42] event:[choose_move] piece:[b] move#:[2] move:[(2, 1, 2)] instance:[Jam-4]
t:[1492978710.92] event:[choose_move] piece:[b] move#:[2] move:[(2, 0, 2)] instance:[Jam-4]
t:[1492978711.99] event:[commit_move] piece:[b] move#:[2] move:[(2, 0, 2)] instance:[Jam-4]
t:[1492978716.26] event:[select_piece] piece:[c] move#:[3] move:[(2, 5, 3)] instance:[Jam-4]
t:[1492978717.9] event:[choose_move] piece:[c] move#:[3] move:[(1, 5, 3)] instance:[Jam-4]
t:[1492978718.23] event:[choose_move] piece:[c] move#:[3] move:[(1, 5, 3)] instance:[Jam-4]
t:[1492978719.21] event:[commit_move] piece:[c] move#:[3] move:[(1, 5, 3)] instance:[Jam-4]
t:[1492978720.83] event:[select_piece] piece:[w] move#:[4] move:[(3, 3, 3)] instance:[Jam-4]
t:[1492978722.26] event:[choose_move] piece:[w] move#:[4] move:[(2, 3, 3)] instance:[Jam-4]
t:[1492978722.6] event:[choose_move] piece:[w] move#:[4] move:[(1, 3, 3)] instance:[Jam-4]
t:[1492978724.12] event:[commit_move] piece:[w] move#:[4] move:[(1, 3, 3)] instance:[Jam-4]
t:[1492978742.59] event:[select_piece] piece:[B] move#:[5] move:[(5, 4, 2)] instance:[Jam-4]
t:[1492978744.22] event:[choose_move] piece:[B] move#:[5] move:[(5, 3, 2)] instance:[Jam-4]
t:[1492978744.58] event:[choose_move] piece:[B] move#:[5] move:[(5, 2, 2)] instance:[Jam-4]
t:[1492978744.94] event:[choose_move] piece:[B] move#:[5] move:[(5, 1, 2)] instance:[Jam-4]
t:[1492978745.42] event:[choose_move] piece:[B] move#:[5] move:[(5, 0, 2)] instance:[Jam-4]
t:[1492978747.08] event:[commit_move] piece:[B] move#:[5] move:[(5, 0, 2)] instance:[Jam-4]
t:[1492978751.44] event:[select_piece] piece:[w] move#:[6] move:[(1, 3, 3)] instance:[Jam-4]
t:[1492978752.76] event:[choose_move] piece:[w] move#:[6] move:[(2, 3, 3)] instance:[Jam-4]
t:[1492978753.04] event:[choose_move] piece:[w] move#:[6] move:[(3, 3, 3)] instance:[Jam-4]
t:[1492978753.46] event:[choose_move] piece:[w] move#:[6] move:[(3, 3, 3)] instance:[Jam-4]
t:[1492978755.41] event:[commit_move] piece:[w] move#:[6] move:[(3, 3, 3)] instance:[Jam-4]
t:[1492978769.05] event:[select_piece] piece:[r] move#:[7] move:[(0, 2, 2)] instance:[Jam-4]
t:[1492978770.29] event:[choose_move] piece:[r] move#:[7] move:[(1, 2, 2)] instance:[Jam-4]
t:[1492978772.52] event:[commit_move] piece:[r] move#:[7] move:[(1, 2, 2)] instance:[Jam-4]
t:[1492978773.92] event:[select_piece] piece:[l] move#:[8] move:[(0, 3, 3)] instance:[Jam-4]
t:[1492978775.56] event:[choose_move] piece:[l] move#:[8] move:[(0, 2, 3)] instance:[Jam-4]
t:[1492978775.91] event:[choose_move] piece:[l] move#:[8] move:[(0, 1, 3)] instance:[Jam-4]
t:[1492978776.31] event:[choose_move] piece:[l] move#:[8] move:[(0, 0, 3)] instance:[Jam-4]
t:[1492978778.79] event:[commit_move] piece:[l] move#:[8] move:[(0, 0, 3)] instance:[Jam-4]
t:[1492978781.43] event:[select_piece] piece:[w] move#:[9] move:[(3, 3, 3)] instance:[Jam-4]
t:[1492978783.04] event:[choose_move] piece:[w] move#:[9] move:[(2, 3, 3)] instance:[Jam-4]
t:[1492978783.36] event:[choose_move] piece:[w] move#:[9] move:[(1, 3, 3)] instance:[Jam-4]
t:[1492978783.78] event:[choose_move] piece:[w] move#:[9] move:[(0, 3, 3)] instance:[Jam-4]
t:[1492978784.76] event:[commit_move] piece:[w] move#:[9] move:[(0, 3, 3)] instance:[Jam-4]
t:[1492978787.06] event:[select_piece] piece:[y] move#:[10] move:[(3, 0, 3)] instance:[Jam-4]
t:[1492978788.38] event:[choose_move] piece:[y] move#:[10] move:[(3, 1, 3)] instance:[Jam-4]
t:[1492978788.66] event:[choose_move] piece:[y] move#:[10] move:[(3, 2, 3)] instance:[Jam-4]
t:[1492978791.51] event:[commit_move] piece:[y] move#:[10] move:[(3, 2, 3)] instance:[Jam-4]
t:[1492978793.57] event:[select_piece] piece:[c] move#:[11] move:[(1, 5, 3)] instance:[Jam-4]
t:[1492978795.02] event:[choose_move] piece:[c] move#:[11] move:[(0, 5, 3)] instance:[Jam-4]
t:[1492978795.37] event:[choose_move] piece:[c] move#:[11] move:[(0, 5, 3)] instance:[Jam-4]
t:[1492978796.6] event:[commit_move] piece:[c] move#:[11] move:[(0, 5, 3)] instance:[Jam-4]
t:[1492978798.37] event:[select_piece] piece:[y] move#:[12] move:[(3, 2, 3)] instance:[Jam-4]
t:[1492978799.54] event:[choose_move] piece:[y] move#:[12] move:[(3, 3, 3)] instance:[Jam-4]
t:[1492978801.24] event:[commit_move] piece:[y] move#:[12] move:[(3, 3, 3)] instance:[Jam-4]
t:[1492978805.75] event:[select_piece] piece:[r] move#:[13] move:[(1, 2, 2)] instance:[Jam-4]
t:[1492978806.97] event:[choose_move] piece:[r] move#:[13] move:[(2, 2, 2)] instance:[Jam-4]
t:[1492978807.34] event:[choose_move] piece:[r] move#:[13] move:[(3, 2, 2)] instance:[Jam-4]
t:[1492978807.97] event:[choose_move] piece:[r] move#:[13] move:[(4, 2, 2)] instance:[Jam-4]
t:[1492978807.97] event:[commit_move] piece:[r] move#:[13] move:[(4, 2, 2)] instance:[Jam-4]
t:[1492978807.97] event:[win] piece:[r] move#:[13] move:[(4, 2, 2)] instance:[Jam-4]
t:[1492978811.63] event:[start] piece:[None] move#:[0] move:[None] instance:[Jam-5]
t:[1492978827.8] event:[select_piece] piece:[g] move#:[0] move:[(4, 4, 2)] instance:[Jam-5]
t:[1492978829.15] event:[choose_move] piece:[g] move#:[0] move:[(3, 4, 2)] instance:[Jam-5]
t:[1492978829.44] event:[choose_move] piece:[g] move#:[0] move:[(2, 4, 2)] instance:[Jam-5]
t:[1492978829.92] event:[choose_move] piece:[g] move#:[0] move:[(1, 4, 2)] instance:[Jam-5]
t:[1492978830.79] event:[commit_move] piece:[g] move#:[0] move:[(1, 4, 2)] instance:[Jam-5]
t:[1492978832.18] event:[select_piece] piece:[l] move#:[1] move:[(4, 5, 2)] instance:[Jam-5]
t:[1492978833.1] event:[choose_move] piece:[l] move#:[1] move:[(3, 5, 2)] instance:[Jam-5]
t:[1492978833.35] event:[choose_move] piece:[l] move#:[1] move:[(2, 5, 2)] instance:[Jam-5]
t:[1492978833.64] event:[choose_move] piece:[l] move#:[1] move:[(1, 5, 2)] instance:[Jam-5]
t:[1492978834.47] event:[commit_move] piece:[l] move#:[1] move:[(1, 5, 2)] instance:[Jam-5]
t:[1492978838.27] event:[select_piece] piece:[w] move#:[2] move:[(4, 1, 3)] instance:[Jam-5]
t:[1492978840.14] event:[choose_move] piece:[w] move#:[2] move:[(4, 2, 3)] instance:[Jam-5]
t:[1492978840.64] event:[choose_move] piece:[w] move#:[2] move:[(4, 3, 3)] instance:[Jam-5]
t:[1492978842.29] event:[commit_move] piece:[w] move#:[2] move:[(4, 3, 3)] instance:[Jam-5]
t:[1492978844.71] event:[select_piece] piece:[m] move#:[3] move:[(5, 2, 2)] instance:[Jam-5]
t:[1492978846.18] event:[choose_move] piece:[m] move#:[3] move:[(5, 3, 2)] instance:[Jam-5]
t:[1492978846.54] event:[choose_move] piece:[m] move#:[3] move:[(5, 4, 2)] instance:[Jam-5]
t:[1492978847.51] event:[commit_move] piece:[m] move#:[3] move:[(5, 4, 2)] instance:[Jam-5]
t:[1492978853.36] event:[select_piece] piece:[w] move#:[4] move:[(4, 3, 3)] instance:[Jam-5]
t:[1492978854.58] event:[choose_move] piece:[w] move#:[4] move:[(4, 2, 3)] instance:[Jam-5]
t:[1492978854.88] event:[choose_move] piece:[w] move#:[4] move:[(4, 1, 3)] instance:[Jam-5]
t:[1492978855.23] event:[choose_move] piece:[w] move#:[4] move:[(4, 0, 3)] instance:[Jam-5]
t:[1492978856.73] event:[commit_move] piece:[w] move#:[4] move:[(4, 0, 3)] instance:[Jam-5]
t:[1492978859.2] event:[select_piece] piece:[M] move#:[5] move:[(1, 3, 3)] instance:[Jam-5]
t:[1492978860.45] event:[choose_move] piece:[M] move#:[5] move:[(2, 3, 3)] instance:[Jam-5]
t:[1492978860.73] event:[choose_move] piece:[M] move#:[5] move:[(3, 3, 3)] instance:[Jam-5]
t:[1492978868.59] event:[commit_move] piece:[M] move#:[5] move:[(3, 3, 3)] instance:[Jam-5]
t:[1492978890.82] event:[select_piece] piece:[b] move#:[6] move:[(0, 0, 2)] instance:[Jam-5]
t:[1492978891.92] event:[choose_move] piece:[b] move#:[6] move:[(1, 0, 2)] instance:[Jam-5]
t:[1492978893.67] event:[commit_move] piece:[b] move#:[6] move:[(1, 0, 2)] instance:[Jam-5]
t:[1492978895.0] event:[select_piece] piece:[o] move#:[7] move:[(0, 1, 3)] instance:[Jam-5]
t:[1492978896.39] event:[choose_move] piece:[o] move#:[7] move:[(0, 0, 3)] instance:[Jam-5]
t:[1492978897.87] event:[commit_move] piece:[o] move#:[7] move:[(0, 0, 3)] instance:[Jam-5]
t:[1492978904.22] event:[select_piece] piece:[M] move#:[8] move:[(3, 3, 3)] instance:[Jam-5]
t:[1492978905.52] event:[choose_move] piece:[M] move#:[8] move:[(2, 3, 3)] instance:[Jam-5]
t:[1492978905.91] event:[choose_move] piece:[M] move#:[8] move:[(1, 3, 3)] instance:[Jam-5]
t:[1492978906.34] event:[choose_move] piece:[M] move#:[8] move:[(0, 3, 3)] instance:[Jam-5]
t:[1492978907.52] event:[commit_move] piece:[M] move#:[8] move:[(0, 3, 3)] instance:[Jam-5]
t:[1492978910.56] event:[select_piece] piece:[y] move#:[9] move:[(3, 0, 3)] instance:[Jam-5]
t:[1492978911.83] event:[choose_move] piece:[y] move#:[9] move:[(3, 1, 3)] instance:[Jam-5]
t:[1492978912.14] event:[choose_move] piece:[y] move#:[9] move:[(3, 2, 3)] instance:[Jam-5]
t:[1492978912.55] event:[choose_move] piece:[y] move#:[9] move:[(3, 3, 3)] instance:[Jam-5]
t:[1492978913.44] event:[commit_move] piece:[y] move#:[9] move:[(3, 3, 3)] instance:[Jam-5]
t:[1492978914.88] event:[select_piece] piece:[w] move#:[10] move:[(4, 0, 3)] instance:[Jam-5]
t:[1492978916.06] event:[choose_move] piece:[w] move#:[10] move:[(4, 1, 3)] instance:[Jam-5]
t:[1492978916.36] event:[choose_move] piece:[w] move#:[10] move:[(4, 2, 3)] instance:[Jam-5]
t:[1492978916.78] event:[choose_move] piece:[w] move#:[10] move:[(4, 3, 3)] instance:[Jam-5]
t:[1492978918.18] event:[commit_move] piece:[w] move#:[10] move:[(4, 3, 3)] instance:[Jam-5]
t:[1492978920.23] event:[select_piece] piece:[r] move#:[11] move:[(1, 2, 2)] instance:[Jam-5]
t:[1492978921.6] event:[choose_move] piece:[r] move#:[11] move:[(2, 2, 2)] instance:[Jam-5]
t:[1492978921.9] event:[choose_move] piece:[r] move#:[11] move:[(3, 2, 2)] instance:[Jam-5]
t:[1492978922.25] event:[choose_move] piece:[r] move#:[11] move:[(4, 2, 2)] instance:[Jam-5]
t:[1492978922.25] event:[commit_move] piece:[r] move#:[11] move:[(4, 2, 2)] instance:[Jam-5]
t:[1492978922.25] event:[win] piece:[r] move#:[11] move:[(4, 2, 2)] instance:[Jam-5]
t:[1492978924.69] event:[start] piece:[None] move#:[0] move:[None] instance:[Jam-6]
t:[1492978941.06] event:[select_piece] piece:[m] move#:[0] move:[(3, 5, 3)] instance:[Jam-6]
t:[1492978942.79] event:[choose_move] piece:[m] move#:[0] move:[(2, 5, 3)] instance:[Jam-6]
t:[1492978943.14] event:[choose_move] piece:[m] move#:[0] move:[(1, 5, 3)] instance:[Jam-6]
t:[1492978944.76] event:[commit_move] piece:[m] move#:[0] move:[(1, 5, 3)] instance:[Jam-6]
t:[1492978946.76] event:[select_piece] piece:[y] move#:[1] move:[(4, 1, 3)] instance:[Jam-6]
t:[1492978948.18] event:[choose_move] piece:[y] move#:[1] move:[(4, 2, 3)] instance:[Jam-6]
t:[1492978948.55] event:[choose_move] piece:[y] move#:[1] move:[(4, 3, 3)] instance:[Jam-6]
t:[1492978950.51] event:[commit_move] piece:[y] move#:[1] move:[(4, 3, 3)] instance:[Jam-6]
t:[1492978951.93] event:[select_piece] piece:[o] move#:[2] move:[(5, 1, 3)] instance:[Jam-6]
t:[1492978953.35] event:[choose_move] piece:[o] move#:[2] move:[(5, 2, 3)] instance:[Jam-6]
t:[1492978953.67] event:[choose_move] piece:[o] move#:[2] move:[(5, 3, 3)] instance:[Jam-6]
t:[1492978954.87] event:[commit_move] piece:[o] move#:[2] move:[(5, 3, 3)] instance:[Jam-6]
t:[1492978965.94] event:[select_piece] piece:[y] move#:[3] move:[(4, 3, 3)] instance:[Jam-6]
t:[1492978967.24] event:[choose_move] piece:[y] move#:[3] move:[(4, 2, 3)] instance:[Jam-6]
t:[1492978967.54] event:[choose_move] piece:[y] move#:[3] move:[(4, 1, 3)] instance:[Jam-6]
t:[1492978967.97] event:[choose_move] piece:[y] move#:[3] move:[(4, 0, 3)] instance:[Jam-6]
t:[1492978969.04] event:[commit_move] piece:[y] move#:[3] move:[(4, 0, 3)] instance:[Jam-6]
t:[1492978970.34] event:[select_piece] piece:[o] move#:[4] move:[(5, 3, 3)] instance:[Jam-6]
t:[1492978971.42] event:[choose_move] piece:[o] move#:[4] move:[(5, 2, 3)] instance:[Jam-6]
t:[1492978971.72] event:[choose_move] piece:[o] move#:[4] move:[(5, 1, 3)] instance:[Jam-6]
t:[1492978972.01] event:[choose_move] piece:[o] move#:[4] move:[(5, 0, 3)] instance:[Jam-6]
t:[1492978973.01] event:[commit_move] piece:[o] move#:[4] move:[(5, 0, 3)] instance:[Jam-6]
t:[1492978975.16] event:[select_piece] piece:[m] move#:[5] move:[(1, 5, 3)] instance:[Jam-6]
t:[1492978976.33] event:[choose_move] piece:[m] move#:[5] move:[(2, 5, 3)] instance:[Jam-6]
t:[1492978976.59] event:[choose_move] piece:[m] move#:[5] move:[(3, 5, 3)] instance:[Jam-6]
t:[1492978979.2] event:[commit_move] piece:[m] move#:[5] move:[(3, 5, 3)] instance:[Jam-6]
t:[1492978981.18] event:[select_piece] piece:[g] move#:[6] move:[(2, 3, 2)] instance:[Jam-6]
t:[1492978982.58] event:[choose_move] piece:[g] move#:[6] move:[(2, 4, 2)] instance:[Jam-6]
t:[1492978983.78] event:[commit_move] piece:[g] move#:[6] move:[(2, 4, 2)] instance:[Jam-6]
t:[1492978988.73] event:[select_piece] piece:[B] move#:[7] move:[(0, 3, 2)] instance:[Jam-6]
t:[1492978989.87] event:[choose_move] piece:[B] move#:[7] move:[(1, 3, 2)] instance:[Jam-6]
t:[1492978991.48] event:[commit_move] piece:[B] move#:[7] move:[(1, 3, 2)] instance:[Jam-6]
t:[1492978992.98] event:[select_piece] piece:[l] move#:[8] move:[(0, 4, 2)] instance:[Jam-6]
t:[1492978994.6] event:[choose_move] piece:[l] move#:[8] move:[(0, 3, 2)] instance:[Jam-6]
t:[1492978995.02] event:[choose_move] piece:[l] move#:[8] move:[(0, 2, 2)] instance:[Jam-6]
t:[1492978996.54] event:[commit_move] piece:[l] move#:[8] move:[(0, 2, 2)] instance:[Jam-6]
t:[1492979007.98] event:[select_piece] piece:[y] move#:[9] move:[(4, 0, 3)] instance:[Jam-6]
t:[1492979010.19] event:[choose_move] piece:[y] move#:[9] move:[(4, 1, 3)] instance:[Jam-6]
t:[1492979010.59] event:[choose_move] piece:[y] move#:[9] move:[(4, 2, 3)] instance:[Jam-6]
t:[1492979012.14] event:[commit_move] piece:[y] move#:[9] move:[(4, 2, 3)] instance:[Jam-6]
t:[1492979015.06] event:[select_piece] piece:[o] move#:[10] move:[(5, 0, 3)] instance:[Jam-6]
t:[1492979016.25] event:[choose_move] piece:[o] move#:[10] move:[(5, 1, 3)] instance:[Jam-6]
t:[1492979016.51] event:[choose_move] piece:[o] move#:[10] move:[(5, 2, 3)] instance:[Jam-6]
t:[1492979017.7] event:[commit_move] piece:[o] move#:[10] move:[(5, 2, 3)] instance:[Jam-6]
t:[1492979040.74] event:[select_piece] piece:[l] move#:[11] move:[(0, 2, 2)] instance:[Jam-6]
t:[1492979042.01] event:[choose_move] piece:[l] move#:[11] move:[(0, 3, 2)] instance:[Jam-6]
t:[1492979042.49] event:[choose_move] piece:[l] move#:[11] move:[(0, 4, 2)] instance:[Jam-6]
t:[1492979044.95] event:[commit_move] piece:[l] move#:[11] move:[(0, 4, 2)] instance:[Jam-6]
t:[1492979045.95] event:[select_piece] piece:[B] move#:[12] move:[(1, 3, 2)] instance:[Jam-6]
t:[1492979047.65] event:[choose_move] piece:[B] move#:[12] move:[(0, 3, 2)] instance:[Jam-6]
t:[1492979049.51] event:[commit_move] piece:[B] move#:[12] move:[(0, 3, 2)] instance:[Jam-6]
t:[1492979051.38] event:[select_piece] piece:[r] move#:[13] move:[(1, 2, 2)] instance:[Jam-6]
t:[1492979052.68] event:[choose_move] piece:[r] move#:[13] move:[(0, 2, 2)] instance:[Jam-6]
t:[1492979053.98] event:[commit_move] piece:[r] move#:[13] move:[(0, 2, 2)] instance:[Jam-6]
t:[1492979055.73] event:[select_piece] piece:[g] move#:[14] move:[(2, 4, 2)] instance:[Jam-6]
t:[1492979057.03] event:[choose_move] piece:[g] move#:[14] move:[(2, 3, 2)] instance:[Jam-6]
t:[1492979057.32] event:[choose_move] piece:[g] move#:[14] move:[(2, 2, 2)] instance:[Jam-6]
t:[1492979057.72] event:[choose_move] piece:[g] move#:[14] move:[(2, 1, 2)] instance:[Jam-6]
t:[1492979058.2] event:[choose_move] piece:[g] move#:[14] move:[(2, 0, 2)] instance:[Jam-6]
t:[1492979059.27] event:[commit_move] piece:[g] move#:[14] move:[(2, 0, 2)] instance:[Jam-6]
t:[1492979060.65] event:[select_piece] piece:[m] move#:[15] move:[(3, 5, 3)] instance:[Jam-6]
t:[1492979062.05] event:[choose_move] piece:[m] move#:[15] move:[(2, 5, 3)] instance:[Jam-6]
t:[1492979062.35] event:[choose_move] piece:[m] move#:[15] move:[(1, 5, 3)] instance:[Jam-6]
t:[1492979064.1] event:[commit_move] piece:[m] move#:[15] move:[(1, 5, 3)] instance:[Jam-6]
t:[1492979065.74] event:[select_piece] piece:[y] move#:[16] move:[(4, 2, 3)] instance:[Jam-6]
t:[1492979067.34] event:[choose_move] piece:[y] move#:[16] move:[(4, 3, 3)] instance:[Jam-6]
t:[1492979068.81] event:[commit_move] piece:[y] move#:[16] move:[(4, 3, 3)] instance:[Jam-6]
t:[1492979077.88] event:[select_piece] piece:[r] move#:[17] move:[(0, 2, 2)] instance:[Jam-6]
t:[1492979078.93] event:[choose_move] piece:[r] move#:[17] move:[(1, 2, 2)] instance:[Jam-6]
t:[1492979080.06] event:[commit_move] piece:[r] move#:[17] move:[(1, 2, 2)] instance:[Jam-6]
t:[1492979082.55] event:[select_piece] piece:[B] move#:[18] move:[(0, 3, 2)] instance:[Jam-6]
t:[1492979083.4] event:[choose_move] piece:[B] move#:[18] move:[(1, 3, 2)] instance:[Jam-6]
t:[1492979084.58] event:[commit_move] piece:[B] move#:[18] move:[(1, 3, 2)] instance:[Jam-6]
t:[1492979086.1] event:[select_piece] piece:[l] move#:[19] move:[(0, 4, 2)] instance:[Jam-6]
t:[1492979087.42] event:[choose_move] piece:[l] move#:[19] move:[(0, 3, 2)] instance:[Jam-6]
t:[1492979087.87] event:[choose_move] piece:[l] move#:[19] move:[(0, 2, 2)] instance:[Jam-6]
t:[1492979089.08] event:[commit_move] piece:[l] move#:[19] move:[(0, 2, 2)] instance:[Jam-6]
t:[1492979090.47] event:[select_piece] piece:[m] move#:[20] move:[(1, 5, 3)] instance:[Jam-6]
t:[1492979091.49] event:[choose_move] piece:[m] move#:[20] move:[(0, 5, 3)] instance:[Jam-6]
t:[1492979091.84] event:[choose_move] piece:[m] move#:[20] move:[(0, 5, 3)] instance:[Jam-6]
t:[1492979092.69] event:[commit_move] piece:[m] move#:[20] move:[(0, 5, 3)] instance:[Jam-6]
t:[1492979095.3] event:[select_piece] piece:[w] move#:[21] move:[(3, 2, 3)] instance:[Jam-6]
t:[1492979096.41] event:[choose_move] piece:[w] move#:[21] move:[(3, 3, 3)] instance:[Jam-6]
t:[1492979097.91] event:[commit_move] piece:[w] move#:[21] move:[(3, 3, 3)] instance:[Jam-6]
t:[1492979099.71] event:[select_piece] piece:[o] move#:[22] move:[(5, 2, 3)] instance:[Jam-6]
t:[1492979101.24] event:[choose_move] piece:[o] move#:[22] move:[(5, 1, 3)] instance:[Jam-6]
t:[1492979101.88] event:[choose_move] piece:[o] move#:[22] move:[(5, 0, 3)] instance:[Jam-6]
t:[1492979104.01] event:[choose_move] piece:[o] move#:[22] move:[(5, 1, 3)] instance:[Jam-6]
t:[1492979104.38] event:[choose_move] piece:[o] move#:[22] move:[(5, 2, 3)] instance:[Jam-6]
t:[1492979104.81] event:[choose_move] piece:[o] move#:[22] move:[(5, 3, 3)] instance:[Jam-6]
t:[1492979106.04] event:[commit_move] piece:[o] move#:[22] move:[(5, 3, 3)] instance:[Jam-6]
t:[1492979107.94] event:[select_piece] piece:[r] move#:[23] move:[(1, 2, 2)] instance:[Jam-6]
t:[1492979108.94] event:[choose_move] piece:[r] move#:[23] move:[(2, 2, 2)] instance:[Jam-6]
t:[1492979109.23] event:[choose_move] piece:[r] move#:[23] move:[(3, 2, 2)] instance:[Jam-6]
t:[1492979109.55] event:[choose_move] piece:[r] move#:[23] move:[(4, 2, 2)] instance:[Jam-6]
t:[1492979109.55] event:[commit_move] piece:[r] move#:[23] move:[(4, 2, 2)] instance:[Jam-6]
t:[1492979109.55] event:[win] piece:[r] move#:[23] move:[(4, 2, 2)] instance:[Jam-6]
t:[1492979112.07] event:[start] piece:[None] move#:[0] move:[None] instance:[Jam-7]
t:[1492979128.25] event:[select_piece] piece:[g] move#:[0] move:[(2, 3, 2)] instance:[Jam-7]
t:[1492979129.77] event:[choose_move] piece:[g] move#:[0] move:[(1, 3, 2)] instance:[Jam-7]
t:[1492979130.07] event:[choose_move] piece:[g] move#:[0] move:[(0, 3, 2)] instance:[Jam-7]
t:[1492979131.07] event:[commit_move] piece:[g] move#:[0] move:[(0, 3, 2)] instance:[Jam-7]
t:[1492979135.61] event:[select_piece] piece:[l] move#:[1] move:[(5, 2, 2)] instance:[Jam-7]
t:[1492979137.16] event:[choose_move] piece:[l] move#:[1] move:[(5, 3, 2)] instance:[Jam-7]
t:[1492979137.59] event:[choose_move] piece:[l] move#:[1] move:[(5, 4, 2)] instance:[Jam-7]
t:[1492979138.51] event:[commit_move] piece:[l] move#:[1] move:[(5, 4, 2)] instance:[Jam-7]
t:[1492979151.5] event:[select_piece] piece:[M] move#:[2] move:[(3, 1, 2)] instance:[Jam-7]
t:[1492979153.12] event:[choose_move] piece:[M] move#:[2] move:[(3, 2, 2)] instance:[Jam-7]
t:[1492979156.45] event:[commit_move] piece:[M] move#:[2] move:[(3, 2, 2)] instance:[Jam-7]
t:[1492979159.15] event:[select_piece] piece:[r] move#:[3] move:[(1, 2, 2)] instance:[Jam-7]
t:[1492979160.62] event:[choose_move] piece:[r] move#:[3] move:[(0, 2, 2)] instance:[Jam-7]
t:[1492979162.14] event:[commit_move] piece:[r] move#:[3] move:[(0, 2, 2)] instance:[Jam-7]
t:[1492979168.04] event:[select_piece] piece:[c] move#:[4] move:[(4, 0, 2)] instance:[Jam-7]
t:[1492979169.33] event:[choose_move] piece:[c] move#:[4] move:[(4, 1, 2)] instance:[Jam-7]
t:[1492979169.81] event:[choose_move] piece:[c] move#:[4] move:[(4, 2, 2)] instance:[Jam-7]
t:[1492979171.23] event:[commit_move] piece:[c] move#:[4] move:[(4, 2, 2)] instance:[Jam-7]
t:[1492979173.06] event:[select_piece] piece:[y] move#:[5] move:[(2, 0, 2)] instance:[Jam-7]
t:[1492979174.38] event:[choose_move] piece:[y] move#:[5] move:[(3, 0, 2)] instance:[Jam-7]
t:[1492979174.86] event:[choose_move] piece:[y] move#:[5] move:[(3, 0, 2)] instance:[Jam-7]
t:[1492979176.25] event:[commit_move] piece:[y] move#:[5] move:[(3, 0, 2)] instance:[Jam-7]
t:[1492979181.8] event:[select_piece] piece:[B] move#:[6] move:[(5, 0, 2)] instance:[Jam-7]
t:[1492979184.22] event:[choose_move] piece:[B] move#:[6] move:[(5, 1, 2)] instance:[Jam-7]
t:[1492979184.65] event:[choose_move] piece:[B] move#:[6] move:[(5, 2, 2)] instance:[Jam-7]
t:[1492979185.9] event:[commit_move] piece:[B] move#:[6] move:[(5, 2, 2)] instance:[Jam-7]
t:[1492979187.22] event:[select_piece] piece:[y] move#:[7] move:[(3, 0, 2)] instance:[Jam-7]
t:[1492979188.45] event:[choose_move] piece:[y] move#:[7] move:[(4, 0, 2)] instance:[Jam-7]
t:[1492979189.67] event:[commit_move] piece:[y] move#:[7] move:[(4, 0, 2)] instance:[Jam-7]
t:[1492979191.37] event:[select_piece] piece:[M] move#:[8] move:[(3, 2, 2)] instance:[Jam-7]
t:[1492979193.27] event:[choose_move] piece:[M] move#:[8] move:[(3, 1, 2)] instance:[Jam-7]
t:[1492979193.72] event:[choose_move] piece:[M] move#:[8] move:[(3, 0, 2)] instance:[Jam-7]
t:[1492979194.74] event:[commit_move] piece:[M] move#:[8] move:[(3, 0, 2)] instance:[Jam-7]
t:[1492979198.92] event:[select_piece] piece:[c] move#:[9] move:[(4, 2, 2)] instance:[Jam-7]
t:[1492979200.49] event:[choose_move] piece:[c] move#:[9] move:[(4, 3, 2)] instance:[Jam-7]
t:[1492979200.94] event:[choose_move] piece:[c] move#:[9] move:[(4, 4, 2)] instance:[Jam-7]
t:[1492979201.64] event:[commit_move] piece:[c] move#:[9] move:[(4, 4, 2)] instance:[Jam-7]
t:[1492979204.78] event:[select_piece] piece:[M] move#:[10] move:[(3, 0, 2)] instance:[Jam-7]
t:[1492979205.84] event:[choose_move] piece:[M] move#:[10] move:[(3, 1, 2)] instance:[Jam-7]
t:[1492979206.31] event:[choose_move] piece:[M] move#:[10] move:[(3, 2, 2)] instance:[Jam-7]
t:[1492979207.18] event:[commit_move] piece:[M] move#:[10] move:[(3, 2, 2)] instance:[Jam-7]
t:[1492979208.63] event:[select_piece] piece:[y] move#:[11] move:[(4, 0, 2)] instance:[Jam-7]
t:[1492979210.18] event:[choose_move] piece:[y] move#:[11] move:[(3, 0, 2)] instance:[Jam-7]
t:[1492979210.4] event:[choose_move] piece:[y] move#:[11] move:[(2, 0, 2)] instance:[Jam-7]
t:[1492979210.75] event:[choose_move] piece:[y] move#:[11] move:[(2, 0, 2)] instance:[Jam-7]
t:[1492979211.68] event:[commit_move] piece:[y] move#:[11] move:[(2, 0, 2)] instance:[Jam-7]
t:[1492979214.45] event:[select_piece] piece:[B] move#:[12] move:[(5, 2, 2)] instance:[Jam-7]
t:[1492979216.5] event:[choose_move] piece:[B] move#:[12] move:[(5, 1, 2)] instance:[Jam-7]
t:[1492979216.87] event:[choose_move] piece:[B] move#:[12] move:[(5, 0, 2)] instance:[Jam-7]
t:[1492979217.78] event:[commit_move] piece:[B] move#:[12] move:[(5, 0, 2)] instance:[Jam-7]
t:[1492979221.15] event:[select_piece] piece:[y] move#:[13] move:[(2, 0, 2)] instance:[Jam-7]
t:[1492979222.65] event:[choose_move] piece:[y] move#:[13] move:[(3, 0, 2)] instance:[Jam-7]
t:[1492979224.22] event:[commit_move] piece:[y] move#:[13] move:[(3, 0, 2)] instance:[Jam-7]
t:[1492979229.04] event:[select_piece] piece:[r] move#:[14] move:[(0, 2, 2)] instance:[Jam-7]
t:[1492979230.79] event:[choose_move] piece:[r] move#:[14] move:[(1, 2, 2)] instance:[Jam-7]
t:[1492979232.29] event:[commit_move] piece:[r] move#:[14] move:[(1, 2, 2)] instance:[Jam-7]
t:[1492979245.7] event:[select_piece] piece:[M] move#:[15] move:[(3, 2, 2)] instance:[Jam-7]
t:[1492979247.87] event:[choose_move] piece:[M] move#:[15] move:[(3, 1, 2)] instance:[Jam-7]
t:[1492979252.67] event:[commit_move] piece:[M] move#:[15] move:[(3, 1, 2)] instance:[Jam-7]
t:[1492979255.85] event:[select_piece] piece:[y] move#:[16] move:[(3, 0, 2)] instance:[Jam-7]
t:[1492979257.79] event:[choose_move] piece:[y] move#:[16] move:[(2, 0, 2)] instance:[Jam-7]
t:[1492979263.22] event:[commit_move] piece:[y] move#:[16] move:[(2, 0, 2)] instance:[Jam-7]
t:[1492979266.39] event:[select_piece] piece:[M] move#:[17] move:[(3, 1, 2)] instance:[Jam-7]
t:[1492979267.99] event:[choose_move] piece:[M] move#:[17] move:[(3, 2, 2)] instance:[Jam-7]
t:[1492979276.68] event:[choose_move] piece:[M] move#:[17] move:[(3, 2, 2)] instance:[Jam-7]
t:[1492979279.78] event:[commit_move] piece:[M] move#:[17] move:[(3, 2, 2)] instance:[Jam-7]
t:[1492979280.83] event:[select_piece] piece:[B] move#:[18] move:[(5, 0, 2)] instance:[Jam-7]
t:[1492979283.87] event:[choose_move] piece:[B] move#:[18] move:[(5, 1, 2)] instance:[Jam-7]
t:[1492979284.37] event:[choose_move] piece:[B] move#:[18] move:[(5, 2, 2)] instance:[Jam-7]
t:[1492979286.4] event:[commit_move] piece:[B] move#:[18] move:[(5, 2, 2)] instance:[Jam-7]
t:[1492979289.04] event:[select_piece] piece:[y] move#:[19] move:[(2, 0, 2)] instance:[Jam-7]
t:[1492979290.85] event:[choose_move] piece:[y] move#:[19] move:[(3, 0, 2)] instance:[Jam-7]
t:[1492979292.09] event:[choose_move] piece:[y] move#:[19] move:[(4, 0, 2)] instance:[Jam-7]
t:[1492979293.84] event:[commit_move] piece:[y] move#:[19] move:[(4, 0, 2)] instance:[Jam-7]
t:[1492979295.77] event:[select_piece] piece:[M] move#:[20] move:[(3, 2, 2)] instance:[Jam-7]
t:[1492979296.89] event:[choose_move] piece:[M] move#:[20] move:[(3, 1, 2)] instance:[Jam-7]
t:[1492979297.28] event:[choose_move] piece:[M] move#:[20] move:[(3, 0, 2)] instance:[Jam-7]
t:[1492979298.43] event:[commit_move] piece:[M] move#:[20] move:[(3, 0, 2)] instance:[Jam-7]
t:[1492979300.16] event:[select_piece] piece:[r] move#:[21] move:[(1, 2, 2)] instance:[Jam-7]
t:[1492979302.01] event:[choose_move] piece:[r] move#:[21] move:[(2, 2, 2)] instance:[Jam-7]
t:[1492979302.46] event:[choose_move] piece:[r] move#:[21] move:[(3, 2, 2)] instance:[Jam-7]
t:[1492979303.68] event:[commit_move] piece:[r] move#:[21] move:[(3, 2, 2)] instance:[Jam-7]
t:[1492979306.4] event:[select_piece] piece:[B] move#:[22] move:[(5, 2, 2)] instance:[Jam-7]
t:[1492979308.05] event:[choose_move] piece:[B] move#:[22] move:[(5, 1, 2)] instance:[Jam-7]
t:[1492979316.65] event:[commit_move] piece:[B] move#:[22] move:[(5, 1, 2)] instance:[Jam-7]
t:[1492979317.4] event:[select_piece] piece:[w] move#:[23] move:[(3, 4, 2)] instance:[Jam-7]
t:[1492979319.0] event:[choose_move] piece:[w] move#:[23] move:[(3, 3, 2)] instance:[Jam-7]
t:[1492979320.27] event:[commit_move] piece:[w] move#:[23] move:[(3, 3, 2)] instance:[Jam-7]
t:[1492979349.83] event:[select_piece] piece:[w] move#:[24] move:[(3, 3, 2)] instance:[Jam-7]
t:[1492979351.62] event:[choose_move] piece:[w] move#:[24] move:[(3, 4, 2)] instance:[Jam-7]
t:[1492979352.85] event:[commit_move] piece:[w] move#:[24] move:[(3, 4, 2)] instance:[Jam-7]
t:[1492979354.62] event:[select_piece] piece:[g] move#:[25] move:[(0, 3, 2)] instance:[Jam-7]
t:[1492979355.7] event:[choose_move] piece:[g] move#:[25] move:[(1, 3, 2)] instance:[Jam-7]
t:[1492979355.96] event:[choose_move] piece:[g] move#:[25] move:[(2, 3, 2)] instance:[Jam-7]
t:[1492979356.65] event:[choose_move] piece:[g] move#:[25] move:[(3, 3, 2)] instance:[Jam-7]
t:[1492979357.71] event:[commit_move] piece:[g] move#:[25] move:[(3, 3, 2)] instance:[Jam-7]
t:[1492979361.45] event:[select_piece] piece:[b] move#:[26] move:[(1, 0, 2)] instance:[Jam-7]
t:[1492979362.65] event:[choose_move] piece:[b] move#:[26] move:[(1, 1, 2)] instance:[Jam-7]
t:[1492979363.12] event:[choose_move] piece:[b] move#:[26] move:[(1, 2, 2)] instance:[Jam-7]
t:[1492979363.67] event:[choose_move] piece:[b] move#:[26] move:[(1, 3, 2)] instance:[Jam-7]
t:[1492979364.02] event:[choose_move] piece:[b] move#:[26] move:[(1, 4, 2)] instance:[Jam-7]
t:[1492979364.92] event:[commit_move] piece:[b] move#:[26] move:[(1, 4, 2)] instance:[Jam-7]
t:[1492979372.09] event:[select_piece] piece:[r] move#:[27] move:[(3, 2, 2)] instance:[Jam-7]
t:[1492979373.72] event:[choose_move] piece:[r] move#:[27] move:[(2, 2, 2)] instance:[Jam-7]
t:[1492979374.21] event:[choose_move] piece:[r] move#:[27] move:[(1, 2, 2)] instance:[Jam-7]
t:[1492979375.69] event:[commit_move] piece:[r] move#:[27] move:[(1, 2, 2)] instance:[Jam-7]
t:[1492979376.81] event:[select_piece] piece:[g] move#:[28] move:[(3, 3, 2)] instance:[Jam-7]
t:[1492979378.16] event:[choose_move] piece:[g] move#:[28] move:[(2, 3, 2)] instance:[Jam-7]
t:[1492979378.48] event:[choose_move] piece:[g] move#:[28] move:[(1, 3, 2)] instance:[Jam-7]
t:[1492979378.71] event:[choose_move] piece:[g] move#:[28] move:[(0, 3, 2)] instance:[Jam-7]
t:[1492979379.74] event:[commit_move] piece:[g] move#:[28] move:[(0, 3, 2)] instance:[Jam-7]
t:[1492979383.36] event:[select_piece] piece:[M] move#:[29] move:[(3, 0, 2)] instance:[Jam-7]
t:[1492979384.46] event:[choose_move] piece:[M] move#:[29] move:[(3, 1, 2)] instance:[Jam-7]
t:[1492979384.81] event:[choose_move] piece:[M] move#:[29] move:[(3, 2, 2)] instance:[Jam-7]
t:[1492979388.38] event:[commit_move] piece:[M] move#:[29] move:[(3, 2, 2)] instance:[Jam-7]
t:[1492979389.2] event:[select_piece] piece:[y] move#:[30] move:[(4, 0, 2)] instance:[Jam-7]
t:[1492979390.85] event:[choose_move] piece:[y] move#:[30] move:[(3, 0, 2)] instance:[Jam-7]
t:[1492979391.17] event:[choose_move] piece:[y] move#:[30] move:[(2, 0, 2)] instance:[Jam-7]
t:[1492979391.4] event:[choose_move] piece:[y] move#:[30] move:[(1, 0, 2)] instance:[Jam-7]
t:[1492979391.68] event:[choose_move] piece:[y] move#:[30] move:[(0, 0, 2)] instance:[Jam-7]
t:[1492979392.6] event:[commit_move] piece:[y] move#:[30] move:[(0, 0, 2)] instance:[Jam-7]
t:[1492979394.08] event:[select_piece] piece:[M] move#:[31] move:[(3, 2, 2)] instance:[Jam-7]
t:[1492979396.03] event:[choose_move] piece:[M] move#:[31] move:[(3, 1, 2)] instance:[Jam-7]
t:[1492979396.77] event:[choose_move] piece:[M] move#:[31] move:[(3, 0, 2)] instance:[Jam-7]
t:[1492979397.74] event:[commit_move] piece:[M] move#:[31] move:[(3, 0, 2)] instance:[Jam-7]
t:[1492979400.27] event:[select_piece] piece:[B] move#:[32] move:[(5, 1, 2)] instance:[Jam-7]
t:[1492979401.64] event:[choose_move] piece:[B] move#:[32] move:[(5, 0, 2)] instance:[Jam-7]
t:[1492979401.95] event:[choose_move] piece:[B] move#:[32] move:[(5, 0, 2)] instance:[Jam-7]
t:[1492979403.17] event:[commit_move] piece:[B] move#:[32] move:[(5, 0, 2)] instance:[Jam-7]
t:[1492979404.64] event:[select_piece] piece:[r] move#:[33] move:[(1, 2, 2)] instance:[Jam-7]
t:[1492979405.69] event:[choose_move] piece:[r] move#:[33] move:[(2, 2, 2)] instance:[Jam-7]
t:[1492979405.92] event:[choose_move] piece:[r] move#:[33] move:[(3, 2, 2)] instance:[Jam-7]
t:[1492979406.14] event:[choose_move] piece:[r] move#:[33] move:[(4, 2, 2)] instance:[Jam-7]
t:[1492979406.14] event:[commit_move] piece:[r] move#:[33] move:[(4, 2, 2)] instance:[Jam-7]
t:[1492979406.14] event:[win] piece:[r] move#:[33] move:[(4, 2, 2)] instance:[Jam-7]
